particle={pos=(0.214932,0.325122), vel=(-0.878804,5.365908)}
particle={pos=(0.331407,0.365066), vel=(-0.695631,4.022472)}
particle={pos=(0.453634,0.129475), vel=(-0.005813,2.796415)}
particle={pos=(0.523992,-0.093553), vel=(-0.122522,2.275653)}
particle={pos=(0.456845,-0.165319), vel=(-0.634016,2.024507)}
particle={pos=(0.157628,-0.035149), vel=(-1.790048,1.965704)}
particle={pos=(-0.049859,0.138211), vel=(-1.813383,2.164922)}
particle={pos=(-0.134001,0.162929), vel=(-1.088704,2.157006)}
particle={pos=(-0.117858,0.129995), vel=(-0.628085,1.995140)}
particle={pos=(-0.046811,0.118036), vel=(-0.563843,1.960817)}
particle={pos=(0.092142,0.117150), vel=(-0.766779,2.087099)}
particle={pos=(0.193035,-0.012136), vel=(0.061681,2.303939)}
particle={pos=(0.207559,-0.107995), vel=(0.751256,2.759907)}
particle={pos=(0.163811,-0.417408), vel=(2.200859,3.335983)}
particle={pos=(0.074697,-0.692623), vel=(2.804831,4.312522)}
particle={pos=(-0.053932,-0.857072), vel=(2.176230,4.731327)}
particle={pos=(-0.056807,-0.623646), vel=(2.754207,5.785596)}
particle={pos=(0.027129,-0.544702), vel=(3.067505,6.774836)}
particle={pos=(0.077108,-0.515958), vel=(3.156757,7.312790)}
particle={pos=(0.203985,-0.417364), vel=(3.185798,7.451685)}
particle={pos=(0.285912,-0.347982), vel=(2.937682,7.379376)}
particle={pos=(0.317803,-0.295940), vel=(2.649929,7.339625)}
particle={pos=(0.364083,-0.246406), vel=(2.346531,6.852569)}
particle={pos=(0.408897,-0.220759), vel=(2.106685,6.217417)}
particle={pos=(0.447036,-0.219436), vel=(1.914882,5.513003)}
particle={pos=(0.469332,-0.205475), vel=(1.701655,4.832243)}
particle={pos=(0.504091,-0.172337), vel=(1.536305,4.323163)}
particle={pos=(0.574295,-0.169665), vel=(1.285872,3.960309)}
particle={pos=(0.631637,-0.180665), vel=(0.937995,3.739888)}
particle={pos=(0.661522,-0.192506), vel=(0.556221,3.641459)}
particle={pos=(0.674978,-0.200012), vel=(0.181761,3.592488)}
particle={pos=(0.678210,-0.207611), vel=(-0.124957,3.553925)}
particle={pos=(0.675084,-0.222029), vel=(-0.382678,3.525335)}
particle={pos=(0.667657,-0.252089), vel=(-0.613516,3.513454)}
particle={pos=(0.666516,-0.289512), vel=(-0.745612,3.574369)}
particle={pos=(0.667118,-0.321663), vel=(-0.853208,3.716554)}
particle={pos=(0.663355,-0.342696), vel=(-0.979648,3.874713)}
particle={pos=(0.654369,-0.354475), vel=(-1.120327,4.024211)}
particle={pos=(0.644087,-0.358854), vel=(-1.248804,4.130775)}
particle={pos=(0.633130,-0.357559), vel=(-1.385790,4.207559)}
particle={pos=(0.622525,-0.350952), vel=(-1.534282,4.235845)}
particle={pos=(0.613712,-0.343484), vel=(-1.690445,4.211955)}
particle={pos=(0.607613,-0.337468), vel=(-1.864501,4.153723)}
particle={pos=(0.599496,-0.333003), vel=(-2.026103,4.096398)}
particle={pos=(0.589462,-0.328695), vel=(-2.167366,4.034858)}
particle={pos=(0.577852,-0.324900), vel=(-2.282937,3.980997)}
particle={pos=(0.561873,-0.322215), vel=(-2.375766,3.944029)}
particle={pos=(0.540159,-0.320795), vel=(-2.444132,3.921833)}
particle={pos=(0.510959,-0.320518), vel=(-2.482848,3.927664)}
particle={pos=(0.478468,-0.321449), vel=(-2.489194,3.976128)}
particle={pos=(0.442740,-0.322640), vel=(-2.469008,4.058424)}
particle={pos=(0.406639,-0.323642), vel=(-2.451672,4.149057)}
particle={pos=(0.370844,-0.326844), vel=(-2.430851,4.199906)}
particle={pos=(0.332779,-0.339722), vel=(-2.401112,4.118481)}
particle={pos=(0.304545,-0.358744), vel=(-2.290309,3.989327)}
particle={pos=(0.291926,-0.376474), vel=(-2.089624,3.979641)}
particle={pos=(0.291313,-0.396009), vel=(-1.871343,4.126122)}
particle={pos=(0.286433,-0.433137), vel=(-1.685529,4.334389)}
particle={pos=(0.259714,-0.514068), vel=(-1.547180,4.545756)}
particle={pos=(0.209877,-0.603781), vel=(-1.459985,5.107393)}
particle={pos=(0.167283,-0.680043), vel=(-1.250863,5.503793)}
particle={pos=(0.133535,-0.762322), vel=(-0.953080,5.509721)}
particle={pos=(0.116240,-0.808730), vel=(-0.646743,5.597815)}
particle={pos=(0.117669,-0.806002), vel=(-0.429513,5.843662)}
particle={pos=(0.123746,-0.773424), vel=(-0.312185,6.161282)}
particle={pos=(0.126032,-0.719173), vel=(-0.300560,6.480698)}
particle={pos=(0.123854,-0.655140), vel=(-0.346013,6.792346)}
particle={pos=(0.113284,-0.582295), vel=(-0.397177,7.105248)}
particle={pos=(0.090780,-0.513757), vel=(-0.374893,7.209852)}
particle={pos=(0.061035,-0.447797), vel=(-0.184855,7.093088)}
particle={pos=(0.045782,-0.408197), vel=(0.128373,6.771172)}
particle={pos=(0.051569,-0.406217), vel=(0.518969,6.291177)}
particle={pos=(0.071664,-0.428592), vel=(0.881424,5.928403)}
particle={pos=(0.095828,-0.456587), vel=(1.185764,5.706163)}
particle={pos=(0.117474,-0.478670), vel=(1.451896,5.555993)}
particle={pos=(0.141317,-0.498322), vel=(1.645548,5.465482)}
particle={pos=(0.167695,-0.517029), vel=(1.770887,5.410621)}
particle={pos=(0.194589,-0.534303), vel=(1.851674,5.377166)}
particle={pos=(0.219480,-0.549266), vel=(1.867076,5.380595)}
particle={pos=(0.238669,-0.559846), vel=(1.812642,5.423942)}
particle={pos=(0.254084,-0.567575), vel=(1.747791,5.468843)}
particle={pos=(0.268427,-0.574472), vel=(1.709317,5.496428)}
particle={pos=(0.281356,-0.580081), vel=(1.686656,5.516960)}
particle={pos=(0.293780,-0.584318), vel=(1.674255,5.536432)}
particle={pos=(0.305074,-0.586248), vel=(1.656816,5.567005)}
particle={pos=(0.314603,-0.584614), vel=(1.630174,5.617419)}
particle={pos=(0.321528,-0.578881), vel=(1.586053,5.686019)}
particle={pos=(0.322557,-0.568864), vel=(1.521479,5.765239)}
particle={pos=(0.314017,-0.552532), vel=(1.434515,5.835543)}
particle={pos=(0.287314,-0.530317), vel=(1.319691,5.867004)}
particle={pos=(0.243945,-0.512030), vel=(1.217871,5.813103)}
particle={pos=(0.198879,-0.498517), vel=(1.180047,5.741071)}
particle={pos=(0.154476,-0.482824), vel=(0.961896,5.846051)}
particle={pos=(0.114675,-0.474663), vel=(0.723591,6.012816)}
particle={pos=(0.083943,-0.480251), vel=(0.506639,6.117516)}
particle={pos=(0.065808,-0.491874), vel=(0.304481,6.117449)}
particle={pos=(0.060057,-0.504267), vel=(0.131441,6.023351)}
particle={pos=(0.064350,-0.514598), vel=(0.010821,5.873691)}
particle={pos=(0.075838,-0.522443), vel=(-0.078045,5.713619)}
particle={pos=(0.090947,-0.528048), vel=(-0.153765,5.574108)}
particle={pos=(0.107575,-0.530735), vel=(-0.231758,5.466124)}
particle={pos=(0.125912,-0.531848), vel=(-0.264694,5.394368)}
particle={pos=(0.147324,-0.532083), vel=(-0.239295,5.340960)}
particle={pos=(0.171235,-0.530714), vel=(-0.144316,5.302039)}
particle={pos=(0.196472,-0.528192), vel=(-0.011485,5.279104)}
particle={pos=(0.222510,-0.524213), vel=(0.125005,5.268699)}
particle={pos=(0.249293,-0.520476), vel=(0.249611,5.268386)}
particle={pos=(0.277287,-0.517591), vel=(0.360757,5.277539)}
particle={pos=(0.305868,-0.516399), vel=(0.451683,5.297547)}
particle={pos=(0.331804,-0.516655), vel=(0.506168,5.325926)}
particle={pos=(0.354939,-0.518087), vel=(0.534015,5.356338)}
particle={pos=(0.376255,-0.520614), vel=(0.544545,5.383738)}
particle={pos=(0.395895,-0.524293), vel=(0.548972,5.406218)}
particle={pos=(0.414081,-0.529323), vel=(0.551447,5.422010)}
particle={pos=(0.433032,-0.534897), vel=(0.552074,5.433125)}
particle={pos=(0.449203,-0.541184), vel=(0.533704,5.445145)}
particle={pos=(0.464044,-0.548833), vel=(0.511143,5.451036)}
particle={pos=(0.478322,-0.558657), vel=(0.492927,5.445804)}
particle={pos=(0.493436,-0.570538), vel=(0.494861,5.424333)}
particle={pos=(0.510144,-0.584023), vel=(0.522961,5.382409)}
particle={pos=(0.530054,-0.599738), vel=(0.593107,5.307521)}
particle={pos=(0.550770,-0.616633), vel=(0.724266,5.188710)}
particle={pos=(0.567967,-0.632891), vel=(0.914856,5.027370)}
particle={pos=(0.574971,-0.644354), vel=(1.136143,4.836593)}
particle={pos=(0.567840,-0.644306), vel=(1.360419,4.633877)}
particle={pos=(0.548263,-0.626146), vel=(1.581216,4.430069)}
particle={pos=(0.519830,-0.587416), vel=(1.813659,4.197935)}
particle={pos=(0.485953,-0.531268), vel=(2.020971,4.034652)}
particle={pos=(0.442775,-0.460827), vel=(2.122649,4.116102)}
particle={pos=(0.400203,-0.396444), vel=(2.103063,4.320001)}
particle={pos=(0.366827,-0.348861), vel=(2.066979,4.469963)}
particle={pos=(0.340258,-0.314572), vel=(1.999608,4.611254)}
particle={pos=(0.316518,-0.286921), vel=(1.931960,4.782569)}
particle={pos=(0.293835,-0.260821), vel=(1.915242,4.970927)}
particle={pos=(0.270721,-0.237664), vel=(1.933902,5.177887)}
particle={pos=(0.246715,-0.221069), vel=(1.923789,5.413264)}
particle={pos=(0.223623,-0.213478), vel=(1.859007,5.639678)}
particle={pos=(0.202645,-0.214173), vel=(1.738504,5.884213)}
particle={pos=(0.182369,-0.221662), vel=(1.590376,6.124609)}
particle={pos=(0.163812,-0.233858), vel=(1.429578,6.351911)}
particle={pos=(0.146826,-0.246954), vel=(1.282198,6.577741)}
particle={pos=(0.128599,-0.256633), vel=(1.194983,6.827085)}
particle={pos=(0.108037,-0.266612), vel=(1.146226,7.105854)}
particle={pos=(0.089654,-0.282863), vel=(1.082257,7.340927)}
particle={pos=(0.074081,-0.299954), vel=(1.009717,7.468185)}
particle={pos=(0.064371,-0.311164), vel=(0.988330,7.432958)}
particle={pos=(0.059687,-0.317763), vel=(0.988950,7.278230)}
particle={pos=(0.052675,-0.307382), vel=(0.903762,6.766174)}
particle={pos=(0.039760,-0.329036), vel=(0.981444,6.205181)}
particle={pos=(0.031462,-0.367466), vel=(1.178468,6.003244)}
particle={pos=(0.014736,-0.391914), vel=(1.148658,6.120577)}
particle={pos=(-0.010583,-0.403838), vel=(0.771224,6.508941)}
particle={pos=(-0.016573,-0.447599), vel=(-0.012234,7.061506)}
particle={pos=(0.052207,-0.591976), vel=(-0.882729,7.042728)}
particle={pos=(0.143800,-0.768118), vel=(-1.235146,6.476299)}
particle={pos=(0.177932,-0.886345), vel=(-1.243688,5.840325)}
particle={pos=(0.240115,-0.924925), vel=(-1.480853,5.320109)}
particle={pos=(0.316087,-0.892713), vel=(-1.704919,5.026584)}
particle={pos=(0.348353,-0.775045), vel=(-1.960607,5.062690)}
particle={pos=(0.326688,-0.626656), vel=(-2.267813,4.847170)}
particle={pos=(0.297727,-0.502600), vel=(-2.331982,4.227329)}
particle={pos=(0.284592,-0.439033), vel=(-2.252321,3.558686)}
particle={pos=(0.258401,-0.309024), vel=(-2.358754,3.001656)}
particle={pos=(0.281451,-0.190369), vel=(-2.440744,2.869725)}
particle={pos=(0.336937,-0.073583), vel=(-2.338739,2.944115)}
particle={pos=(0.392443,0.028352), vel=(-2.035048,3.113331)}
particle={pos=(0.454580,0.094871), vel=(-1.773695,3.359415)}
particle={pos=(0.504458,0.126992), vel=(-1.619965,3.607267)}
particle={pos=(0.552689,0.132982), vel=(-1.428110,3.851681)}
particle={pos=(0.584786,0.105137), vel=(-1.194516,4.053980)}
particle={pos=(0.603423,0.069993), vel=(-0.938052,4.191170)}
particle={pos=(0.616577,0.034222), vel=(-0.687495,4.292292)}
particle={pos=(0.624714,0.002272), vel=(-0.454049,4.390971)}
particle={pos=(0.626108,-0.034670), vel=(-0.248519,4.464500)}
particle={pos=(0.621986,-0.075182), vel=(-0.041071,4.579245)}
particle={pos=(0.617641,-0.108793), vel=(0.148332,4.744299)}
particle={pos=(0.618149,-0.123979), vel=(0.275113,4.909392)}
particle={pos=(0.622412,-0.125518), vel=(0.366948,5.074205)}
particle={pos=(0.628816,-0.119396), vel=(0.439093,5.246419)}
particle={pos=(0.635341,-0.111246), vel=(0.506204,5.411911)}
particle={pos=(0.640660,-0.100149), vel=(0.574925,5.599438)}
particle={pos=(0.641576,-0.091141), vel=(0.656687,5.789939)}
particle={pos=(0.636871,-0.085821), vel=(0.742339,5.986736)}
particle={pos=(0.627443,-0.084031), vel=(0.806941,6.209889)}
particle={pos=(0.614905,-0.086619), vel=(0.860765,6.433162)}
particle={pos=(0.598416,-0.090454), vel=(0.890971,6.696511)}
particle={pos=(0.582544,-0.099369), vel=(0.896213,6.979715)}
particle={pos=(0.567524,-0.118025), vel=(0.855079,7.268182)}
particle={pos=(0.558967,-0.155103), vel=(0.739539,7.561372)}
particle={pos=(0.554516,-0.200048), vel=(0.545987,7.706392)}
particle={pos=(0.562833,-0.225021), vel=(0.327278,7.580830)}
particle={pos=(0.572445,-0.248938), vel=(0.089596,7.108060)}
particle={pos=(0.603149,-0.234424), vel=(-0.204509,6.383640)}
particle={pos=(0.619663,-0.289766), vel=(-0.437363,6.108480)}
particle={pos=(0.627814,-0.347721), vel=(-0.533563,6.078266)}
particle={pos=(0.635879,-0.400941), vel=(-0.489467,6.139267)}
particle={pos=(0.634967,-0.446364), vel=(-0.382583,6.263162)}
particle={pos=(0.614074,-0.461975), vel=(-0.282328,6.473706)}
particle={pos=(0.583970,-0.454589), vel=(-0.181198,6.727412)}
particle={pos=(0.561353,-0.459902), vel=(-0.060495,6.949250)}
particle={pos=(0.540999,-0.477579), vel=(0.059244,7.078126)}
particle={pos=(0.518905,-0.499614), vel=(0.171242,7.131930)}
particle={pos=(0.495448,-0.524075), vel=(0.248564,7.112208)}
particle={pos=(0.477195,-0.551068), vel=(0.308812,7.070999)}
particle={pos=(0.465907,-0.577322), vel=(0.388677,7.031288)}
particle={pos=(0.463610,-0.612207), vel=(0.487981,6.981270)}
particle={pos=(0.467746,-0.649709), vel=(0.590892,6.903724)}
particle={pos=(0.474994,-0.686280), vel=(0.703069,6.801827)}
particle={pos=(0.486936,-0.725456), vel=(0.817056,6.684614)}
particle={pos=(0.500993,-0.764172), vel=(0.921218,6.560652)}
particle={pos=(0.517734,-0.806066), vel=(1.021353,6.418518)}
particle={pos=(0.534575,-0.846086), vel=(1.119228,6.276118)}
particle={pos=(0.552317,-0.883630), vel=(1.203702,6.139682)}
particle={pos=(0.569523,-0.916914), vel=(1.305235,6.014458)}
particle={pos=(0.584839,-0.947529), vel=(1.440827,5.888062)}
particle={pos=(0.594202,-0.975589), vel=(1.601052,5.757750)}
particle={pos=(0.596446,-0.997384), vel=(1.777564,5.631148)}
particle={pos=(0.587817,-1.010838), vel=(1.977416,5.519359)}
particle={pos=(0.566402,-1.017503), vel=(2.172312,5.412665)}
particle={pos=(0.541372,-1.023355), vel=(2.313731,5.290310)}
particle={pos=(0.519145,-1.031483), vel=(2.405977,5.177364)}
particle={pos=(0.498967,-1.043413), vel=(2.483191,5.053524)}
particle={pos=(0.481961,-1.058296), vel=(2.566438,4.928904)}
particle={pos=(0.465930,-1.074366), vel=(2.645378,4.799298)}
particle={pos=(0.448589,-1.090362), vel=(2.713281,4.657741)}
particle={pos=(0.431103,-1.103195), vel=(2.759097,4.509915)}
particle={pos=(0.411795,-1.110016), vel=(2.771997,4.356897)}
particle={pos=(0.396847,-1.104735), vel=(2.745695,4.217380)}
particle={pos=(0.385850,-1.081446), vel=(2.688307,4.128115)}
particle={pos=(0.376994,-1.041494), vel=(2.605332,4.094469)}
particle={pos=(0.367229,-0.986822), vel=(2.482769,4.152459)}
particle={pos=(0.337828,-0.939171), vel=(2.325247,4.155496)}
particle={pos=(0.292794,-0.889132), vel=(2.107143,4.104291)}
particle={pos=(0.244250,-0.822053), vel=(1.814486,3.997119)}
particle={pos=(0.200178,-0.723569), vel=(1.393410,3.779645)}
particle={pos=(0.170386,-0.589385), vel=(0.730249,3.504006)}
particle={pos=(0.157871,-0.442503), vel=(0.155707,3.436134)}
particle={pos=(0.144067,-0.364326), vel=(-0.029944,3.104847)}
particle={pos=(0.125603,-0.343747), vel=(-0.082229,2.848597)}
particle={pos=(0.110733,-0.337011), vel=(-0.067527,2.701351)}
particle={pos=(0.099749,-0.339104), vel=(-0.025402,2.608748)}
particle={pos=(0.091458,-0.347780), vel=(0.035917,2.553226)}
particle={pos=(0.086585,-0.359486), vel=(0.095385,2.521479)}
particle={pos=(0.081614,-0.374793), vel=(0.171939,2.515931)}
particle={pos=(0.077300,-0.390142), vel=(0.246604,2.520633)}
particle={pos=(0.074362,-0.405734), vel=(0.316981,2.544978)}
particle={pos=(0.072092,-0.421021), vel=(0.375421,2.570088)}
particle={pos=(0.069523,-0.435732), vel=(0.422448,2.601926)}
particle={pos=(0.067401,-0.451128), vel=(0.457731,2.644177)}
particle={pos=(0.063377,-0.468758), vel=(0.495592,2.688149)}
particle={pos=(0.060082,-0.486459), vel=(0.515496,2.715432)}
particle={pos=(0.058199,-0.504458), vel=(0.515232,2.722634)}
particle={pos=(0.058496,-0.523494), vel=(0.528302,2.708079)}
particle={pos=(0.059631,-0.543622), vel=(0.554313,2.680056)}
particle={pos=(0.059165,-0.560872), vel=(0.564592,2.623129)}
particle={pos=(0.058713,-0.572795), vel=(0.570792,2.530342)}
particle={pos=(0.058419,-0.578161), vel=(0.576978,2.421474)}
particle={pos=(0.057830,-0.578023), vel=(0.579456,2.315370)}
particle={pos=(0.056766,-0.570716), vel=(0.608569,2.204376)}
particle={pos=(0.054236,-0.556187), vel=(0.638335,2.114504)}
particle={pos=(0.050414,-0.532075), vel=(0.654102,2.030220)}
particle={pos=(0.045492,-0.484109), vel=(0.627884,1.893331)}
particle={pos=(0.040948,-0.411655), vel=(0.514240,1.830269)}
particle={pos=(0.041348,-0.316804), vel=(0.338282,2.003312)}
particle={pos=(0.044371,-0.205644), vel=(0.078688,2.327726)}
particle={pos=(0.048418,-0.128651), vel=(-0.113784,2.322162)}
particle={pos=(0.045989,-0.101812), vel=(-0.238450,2.154069)}
particle={pos=(0.039059,-0.095180), vel=(-0.324640,1.974057)}
particle={pos=(0.029556,-0.097739), vel=(-0.364652,1.821595)}
particle={pos=(0.021129,-0.104015), vel=(-0.389960,1.700961)}
particle={pos=(0.015061,-0.112852), vel=(-0.411318,1.604769)}
particle={pos=(0.009250,-0.124637), vel=(-0.412008,1.515040)}
particle={pos=(0.004222,-0.138287), vel=(-0.402429,1.457501)}
particle={pos=(-0.002786,-0.153935), vel=(-0.371895,1.426973)}
particle={pos=(-0.007929,-0.168476), vel=(-0.323698,1.417824)}
particle={pos=(-0.010891,-0.182470), vel=(-0.283054,1.429840)}
particle={pos=(-0.012427,-0.195490), vel=(-0.245472,1.462504)}
particle={pos=(-0.013426,-0.208561), vel=(-0.205732,1.502726)}
particle={pos=(-0.013239,-0.221380), vel=(-0.186919,1.523332)}
particle={pos=(-0.009499,-0.234185), vel=(-0.176599,1.510953)}
particle={pos=(-0.005073,-0.248600), vel=(-0.165670,1.486690)}
particle={pos=(-0.000432,-0.264278), vel=(-0.145994,1.442392)}
particle={pos=(0.006072,-0.280666), vel=(-0.122684,1.373617)}
particle={pos=(0.014514,-0.294510), vel=(-0.099603,1.277345)}
particle={pos=(0.023518,-0.305348), vel=(-0.064405,1.168823)}
particle={pos=(0.030918,-0.313818), vel=(0.004045,1.046623)}
particle={pos=(0.036243,-0.317669), vel=(0.098693,0.917192)}
particle={pos=(0.038397,-0.312688), vel=(0.213440,0.783990)}
particle={pos=(0.029204,-0.292516), vel=(0.357460,0.682663)}
particle={pos=(0.002750,-0.247806), vel=(0.457672,0.654455)}
particle={pos=(-0.047800,-0.183395), vel=(0.392393,0.776196)}
particle={pos=(-0.110442,-0.116264), vel=(0.068729,0.993626)}
particle={pos=(-0.165879,-0.041867), vel=(-0.392880,1.253401)}
particle={pos=(-0.193778,0.026533), vel=(-0.942036,1.489121)}
particle={pos=(-0.194896,0.066985), vel=(-1.479665,1.647771)}
particle={pos=(-0.169141,0.087943), vel=(-1.922557,1.779575)}
particle={pos=(-0.131886,0.066528), vel=(-2.168812,1.855239)}
particle={pos=(-0.089433,0.035684), vel=(-2.319622,1.898422)}
particle={pos=(-0.041747,0.018689), vel=(-2.394490,1.969941)}
particle={pos=(-0.002546,-0.035522), vel=(-2.287549,2.003050)}
particle={pos=(0.067848,-0.087013), vel=(-2.066854,2.243886)}
particle={pos=(0.183480,-0.153561), vel=(-1.691279,2.407133)}
particle={pos=(0.301450,-0.216880), vel=(-1.233954,2.495115)}
particle={pos=(0.387784,-0.256824), vel=(-1.036813,2.613796)}
particle={pos=(0.426123,-0.267141), vel=(-1.135680,2.673748)}
particle={pos=(0.447335,-0.254338), vel=(-1.277581,2.658158)}
particle={pos=(0.454372,-0.216439), vel=(-1.419400,2.478406)}
particle={pos=(0.464282,-0.174444), vel=(-1.502792,2.292214)}
particle={pos=(0.479518,-0.112596), vel=(-1.541217,2.242773)}
particle={pos=(0.502157,-0.042814), vel=(-1.562419,2.283697)}
particle={pos=(0.533305,0.023529), vel=(-1.540493,2.366579)}
particle={pos=(0.590412,0.077700), vel=(-1.346402,2.508095)}
particle={pos=(0.657782,0.115046), vel=(-0.856576,2.697031)}
particle={pos=(0.650558,0.153421), vel=(-0.278083,2.957529)}
particle={pos=(0.605879,0.219557), vel=(0.111370,3.390085)}
particle={pos=(0.552652,0.268612), vel=(0.424464,3.862940)}
particle={pos=(0.479667,0.240647), vel=(0.697912,4.291704)}
particle={pos=(0.403681,0.154404), vel=(0.886717,4.690972)}
particle={pos=(0.331556,0.067723), vel=(1.119308,5.083980)}
particle={pos=(0.298095,0.026527), vel=(1.358712,5.583023)}
particle={pos=(0.273445,-0.001131), vel=(1.436826,6.235507)}
particle={pos=(0.236845,-0.081126), vel=(1.332484,7.005195)}
particle={pos=(0.186088,-0.241070), vel=(1.029046,8.290832)}
particle={pos=(0.179408,-0.586401), vel=(1.021390,8.515691)}
particle={pos=(0.180091,-0.920819), vel=(0.581925,7.457540)}
particle={pos=(0.198107,-1.173717), vel=(0.260049,6.574580)}
particle={pos=(0.202185,-1.386510), vel=(0.112900,5.878167)}
particle={pos=(0.188072,-1.508596), vel=(0.016858,5.539869)}
particle={pos=(0.165052,-1.600255), vel=(-0.080612,5.336437)}
particle={pos=(0.159594,-1.699584), vel=(-0.213345,5.153680)}
particle={pos=(0.197819,-1.837893), vel=(-0.321621,4.892223)}
particle={pos=(0.256859,-1.970273), vel=(-0.321625,4.717340)}
particle={pos=(0.323654,-2.136748), vel=(-0.217427,4.402663)}
particle={pos=(0.374155,-2.323537), vel=(-0.103758,3.991571)}
particle={pos=(0.406667,-2.447234), vel=(-0.046645,3.772206)}
particle={pos=(0.430647,-2.526164), vel=(0.004613,3.701342)}
particle={pos=(0.440702,-2.585378), vel=(0.089069,3.699000)}
particle={pos=(0.433441,-2.643598), vel=(0.243459,3.715464)}
particle={pos=(0.415918,-2.683901), vel=(0.409273,3.662842)}
particle={pos=(0.374411,-2.703778), vel=(0.529960,3.516103)}
particle={pos=(0.251434,-2.582653), vel=(0.390569,3.474550)}
particle={pos=(0.108884,-2.143455), vel=(0.101098,4.457231)}
particle={pos=(0.055973,-1.927777), vel=(0.214509,4.375153)}
particle={pos=(0.047140,-1.968812), vel=(0.275228,4.225630)}
particle={pos=(0.057862,-1.998790), vel=(0.297606,4.135809)}
particle={pos=(0.067954,-2.020704), vel=(0.285792,4.097636)}
particle={pos=(0.063002,-2.036305), vel=(0.243372,4.103505)}
particle={pos=(0.060975,-2.041612), vel=(0.144662,4.176559)}
particle={pos=(0.066669,-2.042469), vel=(-0.006513,4.244799)}
particle={pos=(0.106498,-2.043985), vel=(-0.176212,4.223747)}
particle={pos=(0.318947,-1.990912), vel=(0.137033,4.157757)}
particle={pos=(0.398785,-1.298966), vel=(1.162286,6.058078)}
particle={pos=(0.568573,-0.277751), vel=(1.263213,7.489211)}
particle={pos=(0.675706,-0.442649), vel=(0.671656,6.599317)}
particle={pos=(0.595908,-0.708345), vel=(1.481238,6.948267)}
particle={pos=(0.384711,-1.313240), vel=(2.173118,4.295554)}
particle={pos=(0.350456,-0.859095), vel=(1.068558,3.033959)}
particle={pos=(0.261955,-0.518630), vel=(1.292434,1.590794)}
particle={pos=(0.127176,-0.445770), vel=(1.995809,0.977545)}
particle={pos=(0.092486,-0.486008), vel=(2.039878,1.052726)}
particle={pos=(0.081853,-0.530726), vel=(1.905391,1.227215)}
particle={pos=(0.081462,-0.564677), vel=(1.713157,1.330605)}
particle={pos=(0.039746,-0.568348), vel=(1.666535,1.311520)}
particle={pos=(-0.075769,-0.476557), vel=(0.969792,0.760020)}
particle={pos=(-0.182408,-0.342034), vel=(-0.183060,0.132708)}
particle={pos=(-0.225533,0.140323), vel=(-1.601346,1.136846)}
particle={pos=(-0.252532,0.747077), vel=(-3.106820,2.083870)}
particle={pos=(-0.294727,1.099084), vel=(-3.147207,1.830460)}
particle={pos=(-0.325271,1.308025), vel=(-3.056192,1.467782)}
particle={pos=(-0.371804,1.410864), vel=(-3.170284,0.407360)}
particle={pos=(-0.397151,1.510322), vel=(-3.169504,0.004005)}
particle={pos=(-0.418904,1.589283), vel=(-3.164250,-0.300999)}
particle={pos=(-0.415889,1.622515), vel=(-3.181914,-0.615575)}
particle={pos=(-0.379930,1.667363), vel=(-3.245667,-0.792029)}
particle={pos=(-0.303998,1.689358), vel=(-3.485578,-0.551773)}
particle={pos=(-0.176131,1.680938), vel=(-3.716641,0.012146)}
particle={pos=(-0.008915,1.469690), vel=(-3.949784,0.638505)}
particle={pos=(0.211454,1.180392), vel=(-3.703141,1.654371)}
particle={pos=(0.484835,0.712423), vel=(-2.602413,1.781055)}
particle={pos=(0.644058,0.220887), vel=(-1.759917,0.879379)}
particle={pos=(0.681515,-0.162187), vel=(-1.842045,0.479997)}
particle={pos=(0.679146,-0.154523), vel=(-1.881322,0.813492)}
particle={pos=(0.497073,-0.084999), vel=(-1.918302,0.698673)}
particle={pos=(0.312351,0.009075), vel=(-2.001870,0.961225)}
particle={pos=(0.457468,0.148063), vel=(-1.502882,1.591641)}
particle={pos=(0.459431,0.321070), vel=(-1.104190,2.547710)}
particle={pos=(0.379419,0.580937), vel=(-1.420595,4.410063)}
particle={pos=(0.284228,0.122427), vel=(-0.720644,6.301830)}
particle={pos=(0.563505,-0.908324), vel=(0.243381,7.454200)}
particle={pos=(0.607726,-1.575768), vel=(1.151295,5.649776)}
particle={pos=(0.544269,-1.893031), vel=(1.221339,5.172911)}
particle={pos=(0.527194,-2.180158), vel=(1.260352,4.670333)}
particle={pos=(0.541728,-2.398779), vel=(1.069919,4.278587)}
particle={pos=(0.545347,-2.530132), vel=(0.539043,4.197594)}
particle={pos=(0.594456,-2.776734), vel=(0.357249,3.715835)}
particle={pos=(0.749727,-3.128442), vel=(0.378640,2.903122)}
particle={pos=(0.967779,-3.545477), vel=(0.431885,1.991736)}
particle={pos=(1.369241,-4.193466), vel=(0.840723,0.884671)}
particle={pos=(1.448866,-4.265234), vel=(1.044306,0.519089)}
particle={pos=(1.411146,-4.210890), vel=(1.253429,0.315739)}
particle={pos=(1.322219,-4.118482), vel=(1.361780,0.315547)}
particle={pos=(1.276181,-4.049575), vel=(1.420763,0.121585)}
particle={pos=(1.246853,-4.101137), vel=(1.546765,-0.045621)}
particle={pos=(1.069428,-3.975808), vel=(1.350491,0.113061)}
particle={pos=(0.812364,-3.548025), vel=(1.081896,1.151495)}
particle={pos=(0.600346,-3.047043), vel=(1.273108,2.473493)}
particle={pos=(0.628325,-2.141366), vel=(0.489186,3.973161)}
particle={pos=(0.229728,-1.066990), vel=(1.395478,6.538384)}
particle={pos=(-0.135889,1.926407), vel=(-1.250051,-4.503027)}
particle={pos=(-0.397338,2.880495), vel=(-0.681716,-1.527354)}
particle={pos=(-0.523069,3.227025), vel=(-0.826267,-0.446732)}
particle={pos=(-0.674973,3.434243), vel=(-1.049169,-0.021492)}
particle={pos=(-0.803933,3.635364), vel=(-1.308128,0.395106)}
particle={pos=(-0.882488,3.717951), vel=(-1.405359,0.449456)}
particle={pos=(-0.936266,3.741981), vel=(-1.415752,0.384880)}
particle={pos=(-0.991366,3.775870), vel=(-1.364906,0.320170)}
particle={pos=(-1.032123,3.849458), vel=(-1.229132,0.302088)}
particle={pos=(-1.017656,3.920471), vel=(-1.069387,0.257844)}
particle={pos=(-0.970230,3.976516), vel=(-0.959548,0.215686)}
particle={pos=(-0.911968,4.045707), vel=(-0.871172,0.223461)}
particle={pos=(-0.864830,4.092076), vel=(-0.836270,0.157923)}
particle={pos=(-0.829708,4.095752), vel=(-0.893187,0.032552)}
particle={pos=(-0.793600,4.089378), vel=(-0.917591,-0.063266)}
particle={pos=(-0.765392,4.077712), vel=(-0.846029,-0.167015)}
particle={pos=(-0.745390,4.064380), vel=(-0.735466,-0.294407)}
particle={pos=(-0.737502,4.070669), vel=(-0.611376,-0.480545)}
particle={pos=(-0.746129,4.114306), vel=(-0.495254,-0.728733)}
particle={pos=(-0.728121,4.094934), vel=(-0.457730,-0.941001)}
particle={pos=(-0.647275,3.862169), vel=(-0.542860,-1.205057)}
particle={pos=(-0.523921,3.433039), vel=(-0.405747,-2.059580)}
particle={pos=(-0.397695,2.918120), vel=(-0.240725,-3.157018)}
particle={pos=(-0.244830,2.300052), vel=(-0.022054,-4.597108)}
particle={pos=(-0.101637,1.285456), vel=(0.085230,-7.492714)}
particle={pos=(-0.015242,0.544895), vel=(-0.056601,-8.156810)}
particle={pos=(-0.016586,0.208423), vel=(-0.664129,-7.207147)}
particle={pos=(-0.087523,0.053228), vel=(-0.566365,-6.436107)}
particle={pos=(-0.068515,-0.098567), vel=(0.061956,-6.034783)}
particle={pos=(-0.012049,-0.196172), vel=(0.388049,-5.731903)}
particle={pos=(0.102759,-0.278993), vel=(0.059175,-5.038930)}
particle={pos=(0.188544,-0.314453), vel=(-0.780713,-4.277962)}
particle={pos=(0.185640,-0.362498), vel=(-1.091862,-3.974773)}
particle={pos=(0.152739,-0.442604), vel=(-1.283651,-3.808087)}
particle={pos=(0.109681,-0.633431), vel=(-1.664267,-3.486162)}
particle={pos=(0.042906,-0.757116), vel=(-2.003369,-2.619639)}
particle={pos=(-0.059942,-0.682554), vel=(-1.521840,-2.321005)}
particle={pos=(-0.116047,-0.637090), vel=(-0.294733,-2.111270)}
particle={pos=(-0.158557,-0.630455), vel=(0.171689,-1.743003)}
particle={pos=(-0.195149,-0.597029), vel=(0.307166,-1.537196)}
particle={pos=(-0.232070,-0.530533), vel=(0.335193,-1.433542)}
particle={pos=(-0.263814,-0.476420), vel=(0.388795,-1.286152)}
particle={pos=(-0.275654,-0.507558), vel=(0.678111,-0.940655)}
particle={pos=(-0.284696,-0.528192), vel=(0.953808,-0.587314)}
particle={pos=(-0.284559,-0.514515), vel=(1.322671,-0.313556)}
particle={pos=(-0.301710,-0.509751), vel=(1.807892,0.028848)}
particle={pos=(-0.291529,-0.497226), vel=(2.423237,0.402853)}
particle={pos=(-0.079419,-0.473380), vel=(2.780976,0.494529)}
particle={pos=(0.128856,-0.569645), vel=(2.710806,0.640267)}
particle={pos=(0.272344,-0.770461), vel=(2.758475,1.075142)}
particle={pos=(0.316575,-0.817682), vel=(2.691029,1.337613)}
particle={pos=(0.344697,-0.845824), vel=(2.827263,1.547193)}
particle={pos=(0.361160,-0.843352), vel=(3.141083,1.651822)}
particle={pos=(0.350885,-0.825698), vel=(3.675640,1.751864)}
particle={pos=(0.275418,-0.788941), vel=(4.304731,1.778082)}
particle={pos=(0.080475,-0.712782), vel=(4.474987,1.678695)}
particle={pos=(-0.134305,-0.571746), vel=(4.311736,1.541833)}
particle={pos=(-0.229072,-0.443403), vel=(4.396484,1.483501)}
particle={pos=(-0.235564,-0.407324), vel=(4.543126,1.298806)}
particle={pos=(-0.225115,-0.394481), vel=(4.653517,1.177131)}
particle={pos=(-0.215593,-0.394445), vel=(4.696646,1.100745)}
particle={pos=(-0.207745,-0.385401), vel=(4.762971,1.006454)}
particle={pos=(-0.198172,-0.370735), vel=(4.836112,0.914474)}
particle={pos=(-0.179342,-0.316868), vel=(5.012724,0.806071)}
particle={pos=(-0.139276,-0.230229), vel=(5.226646,0.774175)}
particle={pos=(-0.095521,-0.198391), vel=(5.258675,0.574006)}
particle={pos=(-0.074407,-0.186661), vel=(5.251271,0.383935)}
particle={pos=(-0.061296,-0.179511), vel=(5.221677,0.269616)}
particle={pos=(-0.051249,-0.182121), vel=(5.156450,0.184513)}
particle={pos=(-0.045683,-0.199441), vel=(5.078586,0.109057)}
particle={pos=(-0.053712,-0.243581), vel=(5.025307,0.102032)}
particle={pos=(-0.067679,-0.278845), vel=(4.964272,0.196508)}
particle={pos=(-0.084432,-0.304976), vel=(4.897113,0.303318)}
particle={pos=(-0.053730,-0.334210), vel=(4.907863,0.303168)}
particle={pos=(0.020207,-0.376355), vel=(5.083618,0.232819)}
particle={pos=(0.095993,-0.411997), vel=(5.217695,0.118377)}
particle={pos=(0.154087,-0.436568), vel=(5.212445,0.083473)}
particle={pos=(0.195358,-0.452789), vel=(5.130573,0.091427)}
particle={pos=(0.227610,-0.465197), vel=(5.016629,0.110811)}
particle={pos=(0.253136,-0.472537), vel=(4.869538,0.149672)}
particle={pos=(0.274705,-0.479493), vel=(4.714327,0.182114)}
particle={pos=(0.295990,-0.487328), vel=(4.550404,0.222573)}
particle={pos=(0.318452,-0.493151), vel=(4.351481,0.227236)}
particle={pos=(0.345654,-0.496537), vel=(4.116965,0.202627)}
particle={pos=(0.381459,-0.500065), vel=(3.837660,0.175830)}
particle={pos=(0.416852,-0.495400), vel=(3.527095,0.127745)}
particle={pos=(0.450847,-0.482724), vel=(3.211825,0.085840)}
particle={pos=(0.482562,-0.463541), vel=(2.909263,0.042025)}
particle={pos=(0.509119,-0.445554), vel=(2.589987,-0.022830)}
particle={pos=(0.525584,-0.426542), vel=(2.210446,-0.223609)}
particle={pos=(0.524193,-0.399699), vel=(1.870245,-0.394924)}
particle={pos=(0.513389,-0.360060), vel=(1.540353,-0.560590)}
particle={pos=(0.491882,-0.315898), vel=(1.265752,-0.596144)}
particle={pos=(0.477838,-0.308053), vel=(0.924390,-0.476429)}
particle={pos=(0.530211,-0.449798), vel=(0.559038,-0.141705)}
particle={pos=(0.606602,-0.610299), vel=(0.131823,0.258737)}
particle={pos=(0.665515,-0.727838), vel=(-0.508893,1.008075)}
particle={pos=(0.662769,-0.793245), vel=(-0.946464,1.842788)}
particle={pos=(0.621583,-0.894241), vel=(-1.205906,2.313513)}
particle={pos=(0.532594,-0.931744), vel=(-1.442443,2.885177)}
particle={pos=(0.450390,-0.892419), vel=(-1.495326,3.350726)}
particle={pos=(0.421857,-0.839178), vel=(-1.492882,3.519298)}
particle={pos=(0.426909,-0.790518), vel=(-1.589343,3.422275)}
particle={pos=(0.415907,-0.745684), vel=(-1.723486,3.256323)}
particle={pos=(0.401022,-0.701310), vel=(-1.843058,3.054337)}
particle={pos=(0.377080,-0.655330), vel=(-1.957859,2.757567)}
particle={pos=(0.354903,-0.618384), vel=(-2.034023,2.394582)}
particle={pos=(0.337220,-0.598390), vel=(-2.022279,1.998893)}
particle={pos=(0.324529,-0.594333), vel=(-1.950661,1.581329)}
particle={pos=(0.316649,-0.612990), vel=(-1.862410,1.235415)}
particle={pos=(0.313352,-0.640744), vel=(-1.786009,1.099529)}
particle={pos=(0.311999,-0.666547), vel=(-1.677766,1.061976)}
particle={pos=(0.313422,-0.684224), vel=(-1.603405,1.097579)}
particle={pos=(0.314044,-0.699746), vel=(-1.501101,1.146994)}
particle={pos=(0.318210,-0.707607), vel=(-1.472924,1.210917)}
particle={pos=(0.324303,-0.710699), vel=(-1.457372,1.269406)}
particle={pos=(0.329462,-0.715941), vel=(-1.376054,1.309240)}
particle={pos=(0.336929,-0.715623), vel=(-1.351216,1.360438)}
particle={pos=(0.342983,-0.718565), vel=(-1.285953,1.405075)}
particle={pos=(0.350359,-0.721253), vel=(-1.221794,1.425804)}
particle={pos=(0.356392,-0.725637), vel=(-1.139245,1.445603)}
particle={pos=(0.358114,-0.733331), vel=(-1.027986,1.465014)}
particle={pos=(0.360926,-0.740321), vel=(-0.947320,1.484782)}
particle={pos=(0.350776,-0.757200), vel=(-0.763685,1.462736)}
particle={pos=(0.323237,-0.780278), vel=(-0.578828,1.385960)}
particle={pos=(0.278000,-0.802523), vel=(-0.528282,1.194775)}
particle={pos=(0.195513,-0.795177), vel=(-0.694800,0.872231)}
particle={pos=(0.108646,-0.718595), vel=(-0.994015,0.696597)}
particle={pos=(0.080071,-0.624888), vel=(-1.359669,0.568727)}
particle={pos=(0.052391,-0.537689), vel=(-1.608869,0.288627)}
particle={pos=(0.028950,-0.509930), vel=(-1.599946,-0.007646)}
particle={pos=(0.013723,-0.497684), vel=(-1.512708,-0.153317)}
particle={pos=(-0.010137,-0.479474), vel=(-1.434264,-0.311807)}
particle={pos=(-0.027290,-0.476506), vel=(-1.310837,-0.306833)}
particle={pos=(-0.042258,-0.485662), vel=(-1.104071,-0.141714)}
particle={pos=(-0.047209,-0.508214), vel=(-0.810205,0.163371)}
particle={pos=(-0.049538,-0.503680), vel=(-1.056821,-0.299936)}
particle={pos=(-0.136944,1.153170), vel=(-3.312297,1.434711)}
particle={pos=(-0.441457,1.688421), vel=(-2.675306,-1.364558)}
particle={pos=(-0.581794,1.644121), vel=(-2.761161,-2.184648)}
particle={pos=(-0.688262,1.634750), vel=(-2.217594,-3.264370)}
particle={pos=(-0.639135,1.226947), vel=(-0.262457,-4.376603)}
particle={pos=(-0.523862,1.094981), vel=(0.990256,-4.808687)}
particle={pos=(-0.356000,1.041118), vel=(1.844136,-4.958984)}
particle={pos=(-0.313646,1.179005), vel=(2.034588,-4.926077)}
particle={pos=(-0.272018,1.236452), vel=(1.966628,-5.152233)}
particle={pos=(-0.237761,1.253599), vel=(1.801019,-5.420532)}
particle={pos=(-0.236675,1.286061), vel=(1.697618,-5.626280)}
particle={pos=(-0.253796,1.340746), vel=(1.554702,-5.745155)}
particle={pos=(-0.306020,1.458836), vel=(1.140340,-5.680051)}
particle={pos=(-0.369750,1.639795), vel=(0.710316,-5.411312)}
particle={pos=(-0.410987,1.724803), vel=(0.497198,-5.490329)}
particle={pos=(-0.435684,1.711067), vel=(0.448369,-5.644200)}
particle={pos=(-0.448006,1.638534), vel=(0.524213,-5.850010)}
particle={pos=(-0.452779,1.565615), vel=(0.656918,-5.994324)}
particle={pos=(-0.450568,1.498441), vel=(0.783187,-6.119469)}
particle={pos=(-0.448520,1.451541), vel=(0.911802,-6.180016)}
particle={pos=(-0.441345,1.403542), vel=(1.021387,-6.256528)}
particle={pos=(-0.434558,1.365333), vel=(1.118939,-6.304019)}
particle={pos=(-0.421892,1.315513), vel=(1.221835,-6.393607)}
particle={pos=(-0.407553,1.272010), vel=(1.331676,-6.473084)}
particle={pos=(-0.388390,1.222911), vel=(1.463760,-6.567464)}
particle={pos=(-0.369593,1.190011), vel=(1.564142,-6.612531)}
particle={pos=(-0.349716,1.156482), vel=(1.641504,-6.635523)}
particle={pos=(-0.332682,1.136356), vel=(1.664095,-6.625197)}
particle={pos=(-0.315858,1.116357), vel=(1.657707,-6.593595)}
particle={pos=(-0.303292,1.106860), vel=(1.635704,-6.561845)}
particle={pos=(-0.290248,1.093578), vel=(1.615614,-6.525314)}
particle={pos=(-0.282968,1.091935), vel=(1.579752,-6.508415)}
particle={pos=(-0.272164,1.079058), vel=(1.539862,-6.478932)}
particle={pos=(-0.267401,1.077096), vel=(1.477351,-6.477700)}
particle={pos=(-0.256503,1.063708), vel=(1.406045,-6.480224)}
particle={pos=(-0.244528,1.051703), vel=(1.341447,-6.499766)}
particle={pos=(-0.220370,1.027918), vel=(1.313392,-6.537654)}
particle={pos=(-0.197337,1.010280), vel=(1.292466,-6.592244)}
particle={pos=(-0.158627,0.975985), vel=(1.319866,-6.667291)}
particle={pos=(-0.095006,0.912980), vel=(1.387663,-6.788424)}
particle={pos=(-0.017690,0.825002), vel=(1.465352,-6.967643)}
particle={pos=(0.084555,0.680728), vel=(1.320585,-7.100545)}
particle={pos=(0.167654,0.561676), vel=(1.131237,-7.105208)}
particle={pos=(0.275959,0.480301), vel=(0.993789,-6.979891)}
particle={pos=(0.328298,0.460090), vel=(0.666852,-6.761431)}
particle={pos=(0.338465,0.461097), vel=(0.378740,-6.611597)}
particle={pos=(0.334394,0.466706), vel=(0.120216,-6.479317)}
particle={pos=(0.326632,0.472155), vel=(-0.073169,-6.421654)}
particle={pos=(0.316258,0.476170), vel=(-0.241886,-6.388561)}
particle={pos=(0.302859,0.478567), vel=(-0.392492,-6.384735)}
particle={pos=(0.286072,0.479441), vel=(-0.530340,-6.414999)}
particle={pos=(0.264469,0.477971), vel=(-0.654507,-6.457696)}
particle={pos=(0.237131,0.473315), vel=(-0.728180,-6.492141)}
particle={pos=(0.216210,0.469499), vel=(-0.733770,-6.511877)}
particle={pos=(0.199854,0.465064), vel=(-0.634108,-6.498024)}
particle={pos=(0.188174,0.461562), vel=(-0.525364,-6.458268)}
particle={pos=(0.178738,0.460185), vel=(-0.430582,-6.392515)}
particle={pos=(0.169386,0.461520), vel=(-0.366211,-6.315771)}
particle={pos=(0.162153,0.464523), vel=(-0.314356,-6.252376)}
particle={pos=(0.154948,0.469774), vel=(-0.285364,-6.190318)}
particle={pos=(0.151824,0.475812), vel=(-0.233709,-6.147505)}
particle={pos=(0.146263,0.482843), vel=(-0.225700,-6.124861)}
particle={pos=(0.138721,0.492904), vel=(-0.261660,-6.082658)}
particle={pos=(0.132797,0.503646), vel=(-0.296732,-6.039930)}
particle={pos=(0.112782,0.518026), vel=(-0.469635,-5.894850)}
particle={pos=(0.088645,0.528478), vel=(-0.715888,-5.608935)}
particle={pos=(0.076916,0.486506), vel=(-1.036305,-5.224349)}
particle={pos=(0.083756,0.386547), vel=(-1.404024,-5.172637)}
particle={pos=(0.096947,0.311329), vel=(-1.629117,-5.200549)}
particle={pos=(0.109858,0.250602), vel=(-1.785199,-5.161370)}
particle={pos=(0.113820,0.188020), vel=(-1.917224,-5.100370)}
particle={pos=(0.109368,0.103210), vel=(-1.999505,-5.045176)}
particle={pos=(0.112965,0.003101), vel=(-1.968270,-5.009093)}
particle={pos=(0.128737,-0.088736), vel=(-1.891277,-4.980878)}
particle={pos=(0.145525,-0.148633), vel=(-1.903507,-4.843002)}
particle={pos=(0.157502,-0.170077), vel=(-1.987178,-4.644796)}
particle={pos=(0.166236,-0.147958), vel=(-2.124101,-4.409624)}
particle={pos=(0.169529,-0.104572), vel=(-2.288478,-4.179472)}
particle={pos=(0.164731,-0.054708), vel=(-2.455028,-3.988701)}
particle={pos=(0.152783,-0.005651), vel=(-2.612272,-3.822691)}
particle={pos=(0.136030,0.043230), vel=(-2.764468,-3.662859)}
particle={pos=(0.114543,0.089591), vel=(-2.880244,-3.518485)}
particle={pos=(0.090527,0.135420), vel=(-2.987264,-3.384827)}
particle={pos=(0.063638,0.180059), vel=(-3.087292,-3.245405)}
particle={pos=(0.040051,0.218538), vel=(-3.197063,-3.084277)}
particle={pos=(0.027538,0.225983), vel=(-3.263604,-2.903086)}
particle={pos=(0.028062,0.202819), vel=(-3.292178,-2.711642)}
particle={pos=(0.040754,0.134896), vel=(-3.273283,-2.588448)}
particle={pos=(0.046181,0.041114), vel=(-3.208674,-2.620715)}
particle={pos=(0.040746,-0.048511), vel=(-3.174413,-2.649921)}
particle={pos=(0.027484,-0.098223), vel=(-3.126131,-2.523142)}
particle={pos=(0.008308,-0.093974), vel=(-3.081127,-2.281864)}
particle={pos=(-0.019912,-0.033495), vel=(-3.109627,-2.004885)}
particle={pos=(-0.046407,0.019254), vel=(-3.120052,-1.786341)}
particle={pos=(-0.065975,0.042664), vel=(-3.087708,-1.578653)}
particle={pos=(-0.078293,0.057401), vel=(-3.005262,-1.328373)}
particle={pos=(-0.088237,0.091426), vel=(-2.974703,-1.079046)}
particle={pos=(-0.102994,0.136370), vel=(-2.954953,-0.863617)}
particle={pos=(-0.121477,0.182667), vel=(-2.939176,-0.681700)}
particle={pos=(-0.143234,0.228095), vel=(-2.942872,-0.506202)}
particle={pos=(-0.169042,0.273879), vel=(-2.972728,-0.314456)}
particle={pos=(-0.200319,0.320512), vel=(-2.993705,-0.096270)}
particle={pos=(-0.235645,0.366285), vel=(-3.019687,0.138977)}
particle={pos=(-0.276102,0.414879), vel=(-3.055367,0.375414)}
particle={pos=(-0.320372,0.461930), vel=(-3.038088,0.561614)}
particle={pos=(-0.366669,0.504572), vel=(-2.942130,0.618646)}
particle={pos=(-0.413908,0.540761), vel=(-2.764892,0.610186)}
particle={pos=(-0.459931,0.572214), vel=(-2.485555,0.589085)}
particle={pos=(-0.497253,0.599275), vel=(-2.138512,0.583743)}
particle={pos=(-0.523905,0.623513), vel=(-1.759286,0.583552)}
particle={pos=(-0.540486,0.646736), vel=(-1.339649,0.583319)}
particle={pos=(-0.546454,0.668964), vel=(-0.876443,0.552551)}
particle={pos=(-0.547741,0.691074), vel=(-0.479631,0.470292)}
particle={pos=(-0.546635,0.722205), vel=(-0.127112,0.350883)}
particle={pos=(-0.548323,0.763567), vel=(0.213194,0.246496)}
particle={pos=(-0.553600,0.810635), vel=(0.555339,0.152530)}
particle={pos=(-0.548767,0.860848), vel=(0.932664,0.046389)}
particle={pos=(-0.517226,0.906387), vel=(1.348227,-0.098653)}
particle={pos=(-0.439381,0.919621), vel=(1.815696,-0.348424)}
particle={pos=(-0.336544,0.897233), vel=(2.185993,-0.646061)}
particle={pos=(-0.232146,0.864415), vel=(2.374888,-0.909442)}
particle={pos=(-0.144596,0.841722), vel=(2.452150,-1.091301)}
particle={pos=(-0.078653,0.830948), vel=(2.431457,-1.166005)}
particle={pos=(-0.033598,0.830866), vel=(2.354172,-1.155070)}
particle={pos=(-0.000809,0.836018), vel=(2.224779,-1.116163)}
particle={pos=(0.022785,0.845027), vel=(2.046709,-1.061965)}
particle={pos=(0.036354,0.857833), vel=(1.812566,-0.992689)}
particle={pos=(0.051856,0.882722), vel=(1.546118,-0.872445)}
particle={pos=(0.067795,0.918122), vel=(1.339909,-0.689672)}
particle={pos=(0.086397,0.959005), vel=(1.261204,-0.394768)}
particle={pos=(0.093091,0.969999), vel=(1.326948,-0.092186)}
particle={pos=(0.092258,0.972106), vel=(1.399103,0.181782)}
particle={pos=(0.087881,0.977615), vel=(1.448428,0.426608)}
particle={pos=(0.073914,0.982979), vel=(1.477179,0.754332)}
particle={pos=(0.043170,0.979757), vel=(1.342719,1.204754)}
particle={pos=(-0.010314,0.963675), vel=(0.745269,1.724842)}
particle={pos=(0.028948,0.845759), vel=(-0.068429,1.801643)}
particle={pos=(0.089495,0.689188), vel=(-0.352233,1.656944)}
particle={pos=(0.198443,0.238954), vel=(0.613838,0.537448)}
particle={pos=(0.267500,-0.375612), vel=(1.546620,-1.335480)}
particle={pos=(0.310539,-0.487824), vel=(1.671313,-0.797391)}
particle={pos=(0.309579,-0.477208), vel=(1.457436,-0.694329)}
particle={pos=(0.279255,-0.449892), vel=(1.117941,-0.917781)}
particle={pos=(0.240109,-0.400760), vel=(0.938038,-1.094597)}
particle={pos=(0.208229,-0.309787), vel=(0.804969,-1.034735)}
particle={pos=(0.176244,-0.174489), vel=(0.639701,-0.680696)}
particle={pos=(0.137765,0.044436), vel=(0.376350,0.121254)}
particle={pos=(0.079888,0.355835), vel=(-0.131283,1.120164)}
particle={pos=(-0.013545,0.694753), vel=(-0.744074,1.963380)}
particle={pos=(-0.124641,0.990227), vel=(-0.921191,1.852737)}
particle={pos=(-0.201842,1.232560), vel=(-0.640022,1.417324)}
particle={pos=(-0.197482,1.400481), vel=(0.085182,0.882615)}
particle={pos=(-0.154226,1.378858), vel=(0.791586,0.225017)}
particle={pos=(-0.123962,1.343074), vel=(1.262490,-0.042250)}
particle={pos=(-0.096444,1.310715), vel=(1.523651,-0.173426)}
particle={pos=(-0.062705,1.284472), vel=(1.668325,-0.243779)}
particle={pos=(-0.026922,1.266579), vel=(1.738115,-0.260858)}
particle={pos=(0.005404,1.257872), vel=(1.725404,-0.244254)}
particle={pos=(0.027768,1.255217), vel=(1.646211,-0.225753)}
particle={pos=(0.044908,1.255057), vel=(1.529183,-0.210448)}
particle={pos=(0.058131,1.256176), vel=(1.402967,-0.200358)}
particle={pos=(0.066482,1.258038), vel=(1.273947,-0.197559)}
particle={pos=(0.072965,1.261387), vel=(1.143112,-0.192825)}
particle={pos=(0.076456,1.264793), vel=(1.011547,-0.185571)}
particle={pos=(0.075817,1.269673), vel=(0.900236,-0.176798)}
particle={pos=(0.073046,1.277374), vel=(0.805253,-0.163625)}
particle={pos=(0.069369,1.285849), vel=(0.713469,-0.142082)}
particle={pos=(0.067965,1.294660), vel=(0.607334,-0.102850)}
particle={pos=(0.066844,1.303880), vel=(0.507898,-0.053508)}
particle={pos=(0.069824,1.310629), vel=(0.395050,0.020621)}
particle={pos=(0.075468,1.312737), vel=(0.295639,0.089960)}
particle={pos=(0.079967,1.310029), vel=(0.219027,0.144912)}
particle={pos=(0.085448,1.298044), vel=(0.140105,0.180063)}
particle={pos=(0.097216,1.274707), vel=(0.051021,0.202505)}
particle={pos=(0.110708,1.242555), vel=(-0.015535,0.188566)}
particle={pos=(0.130934,1.191814), vel=(-0.003808,0.021178)}
particle={pos=(0.160997,1.131736), vel=(0.038684,-0.348055)}
particle={pos=(0.198729,1.090369), vel=(0.106030,-0.840670)}
particle={pos=(0.222003,1.103494), vel=(0.117280,-1.075262)}
particle={pos=(0.235201,1.131516), vel=(0.122646,-1.229866)}
particle={pos=(0.240767,1.162184), vel=(0.137046,-1.356582)}
particle={pos=(0.237919,1.183827), vel=(0.125843,-1.463204)}
particle={pos=(0.229725,1.208517), vel=(0.111024,-1.579627)}
particle={pos=(0.220285,1.235905), vel=(0.106015,-1.700527)}
particle={pos=(0.211793,1.265961), vel=(0.129038,-1.824982)}
particle={pos=(0.205113,1.300949), vel=(0.182374,-1.928430)}
particle={pos=(0.201498,1.335476), vel=(0.237733,-2.003693)}
particle={pos=(0.203650,1.375291), vel=(0.305382,-2.065793)}
particle={pos=(0.210157,1.422213), vel=(0.378064,-2.113446)}
particle={pos=(0.227802,1.477337), vel=(0.504620,-2.229807)}
particle={pos=(0.252578,1.525943), vel=(0.598911,-2.466094)}
particle={pos=(0.271020,1.548056), vel=(0.600627,-2.720804)}
particle={pos=(0.283792,1.552519), vel=(0.528323,-2.944620)}
particle={pos=(0.290164,1.543969), vel=(0.412073,-3.110701)}
particle={pos=(0.286106,1.528452), vel=(0.286759,-3.232898)}
particle={pos=(0.273774,1.514642), vel=(0.186098,-3.337229)}
particle={pos=(0.258165,1.501362), vel=(0.076328,-3.414455)}
particle={pos=(0.239036,1.487989), vel=(-0.036772,-3.478032)}
particle={pos=(0.218980,1.476500), vel=(-0.158913,-3.562741)}
particle={pos=(0.206304,1.470145), vel=(-0.308169,-3.688430)}
particle={pos=(0.204971,1.468908), vel=(-0.539452,-3.821334)}
particle={pos=(0.219801,1.475632), vel=(-0.821666,-3.944531)}
particle={pos=(0.242478,1.482439), vel=(-1.103728,-4.036268)}
particle={pos=(0.259119,1.479270), vel=(-1.374831,-4.110338)}
particle={pos=(0.263049,1.466183), vel=(-1.642116,-4.167701)}
particle={pos=(0.248585,1.443968), vel=(-1.927498,-4.206440)}
particle={pos=(0.212491,1.418714), vel=(-2.190593,-4.229826)}
particle={pos=(0.157714,1.398189), vel=(-2.363792,-4.253659)}
particle={pos=(0.102402,1.383429), vel=(-2.446036,-4.319130)}
particle={pos=(0.054150,1.370915), vel=(-2.476830,-4.413952)}
particle={pos=(0.014062,1.360390), vel=(-2.472100,-4.502367)}
particle={pos=(-0.013537,1.349092), vel=(-2.431944,-4.584778)}
particle={pos=(-0.035455,1.334609), vel=(-2.363102,-4.660600)}
particle={pos=(-0.054552,1.321338), vel=(-2.284052,-4.715262)}
particle={pos=(-0.067138,1.308483), vel=(-2.191237,-4.763618)}
particle={pos=(-0.075210,1.294023), vel=(-2.103820,-4.809541)}
particle={pos=(-0.081963,1.280950), vel=(-2.013362,-4.843149)}
particle={pos=(-0.088895,1.266484), vel=(-1.932230,-4.877837)}
particle={pos=(-0.096091,1.249659), vel=(-1.846406,-4.913218)}
particle={pos=(-0.104265,1.228874), vel=(-1.759541,-4.957192)}
particle={pos=(-0.115150,1.201775), vel=(-1.668638,-5.015186)}
particle={pos=(-0.129535,1.168004), vel=(-1.590986,-5.105473)}
particle={pos=(-0.143216,1.132405), vel=(-1.516664,-5.219426)}
particle={pos=(-0.162910,1.095321), vel=(-1.437877,-5.344234)}
particle={pos=(-0.187018,1.057256), vel=(-1.322637,-5.436946)}
particle={pos=(-0.216811,1.019959), vel=(-1.191643,-5.476242)}
particle={pos=(-0.247868,0.990060), vel=(-1.118333,-5.488593)}
particle={pos=(-0.284995,0.972971), vel=(-1.153140,-5.486949)}
particle={pos=(-0.330463,0.960379), vel=(-1.267802,-5.487342)}
particle={pos=(-0.373169,0.936869), vel=(-1.458601,-5.538338)}
particle={pos=(-0.400665,0.899560), vel=(-1.681058,-5.635582)}
particle={pos=(-0.414508,0.865025), vel=(-1.795545,-5.715265)}
particle={pos=(-0.423662,0.831724), vel=(-1.805501,-5.769608)}
particle={pos=(-0.428821,0.797253), vel=(-1.722195,-5.787529)}
particle={pos=(-0.427281,0.766332), vel=(-1.572696,-5.770958)}
particle={pos=(-0.421347,0.745128), vel=(-1.399638,-5.725436)}
particle={pos=(-0.412936,0.729829), vel=(-1.243650,-5.681979)}
particle={pos=(-0.404297,0.711988), vel=(-1.097702,-5.629897)}
particle={pos=(-0.391945,0.691196), vel=(-0.956384,-5.589992)}
particle={pos=(-0.376844,0.662744), vel=(-0.818189,-5.561951)}
particle={pos=(-0.361471,0.628051), vel=(-0.703366,-5.563280)}
particle={pos=(-0.347477,0.573608), vel=(-0.607890,-5.573859)}
particle={pos=(-0.340161,0.513921), vel=(-0.579934,-5.543928)}
particle={pos=(-0.333551,0.460789), vel=(-0.570185,-5.510321)}
particle={pos=(-0.321532,0.408596), vel=(-0.556805,-5.491371)}
particle={pos=(-0.302335,0.360839), vel=(-0.515181,-5.464728)}
particle={pos=(-0.277362,0.322710), vel=(-0.365901,-5.442781)}
particle={pos=(-0.246460,0.288463), vel=(-0.166071,-5.433508)}
particle={pos=(-0.205854,0.257936), vel=(0.106173,-5.447764)}
particle={pos=(-0.149164,0.232965), vel=(0.442776,-5.499787)}
particle={pos=(-0.102387,0.223254), vel=(0.614533,-5.483408)}
particle={pos=(-0.072023,0.214705), vel=(0.607165,-5.385240)}
particle={pos=(-0.061456,0.199088), vel=(0.452967,-5.175368)}
particle={pos=(-0.058021,0.173857), vel=(0.316837,-4.981005)}
particle={pos=(-0.057191,0.134367), vel=(0.207998,-4.753055)}
particle={pos=(-0.053440,0.090098), vel=(0.136951,-4.531822)}
particle={pos=(-0.033409,0.058009), vel=(0.032273,-4.177383)}
particle={pos=(-0.014122,0.072363), vel=(-0.207399,-3.780408)}
particle={pos=(-0.013707,0.118980), vel=(-0.562424,-3.384058)}
particle={pos=(-0.034671,0.185198), vel=(-1.020374,-3.033107)}
particle={pos=(-0.064510,0.239900), vel=(-1.439847,-2.823221)}
particle={pos=(-0.097973,0.285308), vel=(-1.792848,-2.680416)}
particle={pos=(-0.138148,0.323508), vel=(-2.083477,-2.561485)}
particle={pos=(-0.191051,0.355041), vel=(-2.330996,-2.427887)}
particle={pos=(-0.254595,0.374207), vel=(-2.502918,-2.275191)}
particle={pos=(-0.326642,0.384176), vel=(-2.514872,-2.158768)}
particle={pos=(-0.396098,0.390938), vel=(-2.295780,-2.134018)}
particle={pos=(-0.450469,0.390354), vel=(-1.837174,-2.225555)}
particle={pos=(-0.479853,0.382586), vel=(-1.276008,-2.337944)}
particle={pos=(-0.479152,0.376181), vel=(-0.764179,-2.441898)}
particle={pos=(-0.466944,0.368023), vel=(-0.377736,-2.493231)}
particle={pos=(-0.449447,0.360376), vel=(-0.110966,-2.537651)}
particle={pos=(-0.431847,0.355432), vel=(0.000456,-2.579080)}
particle={pos=(-0.418825,0.354495), vel=(-0.036888,-2.607695)}
particle={pos=(-0.409835,0.353268), vel=(-0.103675,-2.600057)}
particle={pos=(-0.401091,0.354421), vel=(-0.201217,-2.601084)}
particle={pos=(-0.391933,0.354545), vel=(-0.283786,-2.595572)}
particle={pos=(-0.383047,0.355216), vel=(-0.365142,-2.585824)}
particle={pos=(-0.374425,0.354273), vel=(-0.414408,-2.564264)}
particle={pos=(-0.364836,0.352442), vel=(-0.431270,-2.541045)}
particle={pos=(-0.355660,0.347442), vel=(-0.389464,-2.505263)}
particle={pos=(-0.348834,0.345129), vel=(-0.370716,-2.465482)}
particle={pos=(-0.343945,0.343711), vel=(-0.368775,-2.413664)}
particle={pos=(-0.337803,0.339344), vel=(-0.322079,-2.360959)}
particle={pos=(-0.331945,0.334225), vel=(-0.253151,-2.307308)}
particle={pos=(-0.329139,0.331790), vel=(-0.223002,-2.237700)}
particle={pos=(-0.330001,0.328787), vel=(-0.219842,-2.147756)}
particle={pos=(-0.332665,0.322917), vel=(-0.204048,-2.049792)}
particle={pos=(-0.335587,0.315392), vel=(-0.173212,-1.956952)}
particle={pos=(-0.340011,0.305338), vel=(-0.130738,-1.870785)}
particle={pos=(-0.346492,0.292909), vel=(-0.094426,-1.809348)}
particle={pos=(-0.356457,0.268141), vel=(-0.029163,-1.857812)}
particle={pos=(-0.362535,0.229377), vel=(0.037182,-2.183265)}
particle={pos=(-0.354083,0.202765), vel=(0.128244,-2.684491)}
particle={pos=(-0.336554,0.223664), vel=(0.208765,-3.400031)}
particle={pos=(-0.337706,0.333257), vel=(0.186482,-4.035749)}
particle={pos=(-0.346135,0.418920), vel=(0.097488,-4.027103)}
particle={pos=(-0.347878,0.470578), vel=(-0.039789,-3.767475)}
particle={pos=(-0.352944,0.540896), vel=(-0.139489,-3.273270)}
particle={pos=(-0.359550,0.602311), vel=(-0.130191,-2.604969)}
particle={pos=(-0.373550,0.599921), vel=(-0.046953,-2.008610)}
particle={pos=(-0.386608,0.529223), vel=(0.106097,-1.756868)}
particle={pos=(-0.397617,0.502816), vel=(0.162231,-1.333483)}
particle={pos=(-0.402228,0.498475), vel=(0.160252,-0.962111)}
particle={pos=(-0.400447,0.497333), vel=(0.152946,-0.703488)}
particle={pos=(-0.396718,0.497424), vel=(0.124254,-0.540069)}
particle={pos=(-0.394982,0.497006), vel=(0.152854,-0.292041)}
particle={pos=(-0.391120,0.496274), vel=(0.224075,-0.068934)}
particle={pos=(-0.385429,0.494906), vel=(0.482219,0.216587)}
particle={pos=(-0.388624,0.486571), vel=(0.947921,0.436644)}
particle={pos=(-0.394771,0.480935), vel=(1.443129,0.421550)}
particle={pos=(-0.363414,0.500752), vel=(1.926876,0.326285)}
particle={pos=(-0.306688,0.526333), vel=(2.174972,0.263340)}
particle={pos=(-0.261581,0.536745), vel=(2.215552,0.220905)}
particle={pos=(-0.233193,0.541490), vel=(2.173516,0.162410)}
particle={pos=(-0.211157,0.540842), vel=(2.067935,0.127552)}
particle={pos=(-0.191527,0.540151), vel=(1.933836,0.095012)}
particle={pos=(-0.172297,0.541398), vel=(1.740666,0.041751)}
particle={pos=(-0.162115,0.539902), vel=(1.555665,-0.020018)}
particle={pos=(-0.161357,0.537238), vel=(1.401885,-0.098406)}
particle={pos=(-0.170099,0.532761), vel=(1.305641,-0.176236)}
particle={pos=(-0.183276,0.531885), vel=(1.254106,-0.276293)}
particle={pos=(-0.198870,0.532156), vel=(1.253884,-0.369031)}
particle={pos=(-0.217909,0.528969), vel=(1.291672,-0.385870)}
particle={pos=(-0.230316,0.533579), vel=(1.250644,-0.403784)}
particle={pos=(-0.227195,0.548284), vel=(1.055405,-0.432912)}
particle={pos=(-0.216904,0.560516), vel=(0.798943,-0.393875)}
particle={pos=(-0.207042,0.565103), vel=(0.590529,-0.317760)}
particle={pos=(-0.188228,0.569116), vel=(0.385257,-0.238770)}
particle={pos=(-0.188147,0.554311), vel=(0.320049,-0.156435)}
particle={pos=(-0.206953,0.527948), vel=(0.389598,-0.021067)}
particle={pos=(-0.233000,0.499646), vel=(0.568626,0.129799)}
particle={pos=(-0.250379,0.475361), vel=(0.680605,0.049669)}
particle={pos=(-0.220875,0.480222), vel=(0.470776,-0.958120)}
particle={pos=(-0.155232,0.533801), vel=(0.546078,-1.434763)}
particle={pos=(-0.085783,0.621397), vel=(0.798355,-1.013074)}
particle={pos=(-0.021316,0.692249), vel=(0.962657,-0.709146)}
particle={pos=(0.060994,0.728367), vel=(1.188899,-0.731729)}
particle={pos=(0.132694,0.716871), vel=(1.664987,-1.131613)}
particle={pos=(0.173602,0.695485), vel=(1.976380,-1.434791)}
particle={pos=(0.194072,0.672634), vel=(2.127651,-1.451283)}
particle={pos=(0.202321,0.652462), vel=(2.358310,-1.457236)}
particle={pos=(0.207803,0.638083), vel=(2.264426,-1.452029)}
particle={pos=(0.207708,0.631086), vel=(1.856645,-1.436256)}
particle={pos=(0.187854,0.635775), vel=(1.214520,-1.435857)}
particle={pos=(0.170848,0.661348), vel=(0.710813,-1.508707)}
particle={pos=(0.215785,0.735151), vel=(0.499087,-1.492384)}
particle={pos=(0.248601,0.768855), vel=(0.273831,-1.560491)}
particle={pos=(0.267691,0.773385), vel=(0.035530,-1.655091)}
particle={pos=(0.284210,0.772053), vel=(-0.164867,-1.711430)}
particle={pos=(0.279245,0.787484), vel=(-0.369045,-1.739475)}
particle={pos=(0.261968,0.811042), vel=(-0.564225,-1.769179)}
particle={pos=(0.247817,0.834288), vel=(-0.725782,-1.795824)}
particle={pos=(0.235997,0.855851), vel=(-0.873591,-1.814290)}
particle={pos=(0.218443,0.872051), vel=(-1.022924,-1.817622)}
particle={pos=(0.203727,0.877264), vel=(-1.173989,-1.791935)}
particle={pos=(0.225239,0.861607), vel=(-1.271997,-1.779382)}
particle={pos=(0.305635,0.821740), vel=(-1.242149,-1.769220)}
particle={pos=(0.457311,0.757923), vel=(-0.645374,-2.317452)}
particle={pos=(0.524627,0.726360), vel=(-0.489701,-2.802617)}
particle={pos=(0.543379,0.706550), vel=(-0.470004,-2.938039)}
particle={pos=(0.540016,0.688592), vel=(-0.574556,-2.933977)}
particle={pos=(0.523530,0.672682), vel=(-0.759710,-2.821684)}
particle={pos=(0.488449,0.670182), vel=(-1.026275,-2.636567)}
particle={pos=(0.453125,0.685783), vel=(-1.307315,-2.485889)}
particle={pos=(0.426489,0.709598), vel=(-1.593545,-2.380523)}
particle={pos=(0.386517,0.741845), vel=(-1.946262,-2.323710)}
particle={pos=(0.339349,0.774127), vel=(-2.297210,-2.309692)}
particle={pos=(0.283240,0.799468), vel=(-2.645789,-2.301390)}
particle={pos=(0.227770,0.814384), vel=(-2.967217,-2.270014)}
particle={pos=(0.161981,0.819663), vel=(-3.321801,-2.250739)}
particle={pos=(0.079886,0.826418), vel=(-3.725706,-2.327780)}
particle={pos=(-0.023542,0.855488), vel=(-4.047858,-2.669597)}
particle={pos=(-0.170561,0.973196), vel=(-4.012386,-2.910144)}
particle={pos=(-0.323593,1.060455), vel=(-3.326616,-3.315117)}
particle={pos=(-0.420768,1.099170), vel=(-2.469118,-3.543414)}
particle={pos=(-0.467021,1.085851), vel=(-1.835773,-3.585267)}
particle={pos=(-0.489399,1.030821), vel=(-1.115272,-3.716242)}
particle={pos=(-0.539192,0.947667), vel=(-0.613013,-3.820669)}
particle={pos=(-0.593145,0.886585), vel=(-0.093521,-3.669780)}
particle={pos=(-0.579493,0.881245), vel=(0.563691,-3.469244)}
particle={pos=(-0.450109,0.943812), vel=(1.198197,-3.513413)}
particle={pos=(-0.312192,0.986683), vel=(1.670394,-3.678158)}
particle={pos=(-0.193853,0.978468), vel=(2.013287,-3.841963)}
particle={pos=(-0.062643,0.923635), vel=(2.116345,-4.117349)}
particle={pos=(0.051563,0.845900), vel=(1.874679,-4.490045)}
particle={pos=(0.089354,0.800307), vel=(1.341089,-4.509672)}
particle={pos=(0.084481,0.784918), vel=(1.003678,-4.426213)}
particle={pos=(0.071570,0.776454), vel=(0.850922,-4.372858)}
particle={pos=(0.057329,0.769264), vel=(0.785452,-4.337146)}
particle={pos=(0.044634,0.761264), vel=(0.773605,-4.307079)}
particle={pos=(0.033155,0.752237), vel=(0.783338,-4.274467)}
particle={pos=(0.020422,0.742656), vel=(0.797091,-4.234945)}
particle={pos=(0.006779,0.732331), vel=(0.810414,-4.184529)}
particle={pos=(-0.007810,0.721371), vel=(0.820953,-4.115606)}
particle={pos=(-0.024452,0.707482), vel=(0.817360,-4.046018)}
particle={pos=(-0.046200,0.690062), vel=(0.780084,-3.997486)}
particle={pos=(-0.071569,0.666306), vel=(0.717281,-3.985522)}
particle={pos=(-0.104066,0.641532), vel=(0.590712,-4.033981)}
particle={pos=(-0.143251,0.621417), vel=(0.375236,-4.125289)}
particle={pos=(-0.177284,0.617506), vel=(0.135044,-4.218871)}
particle={pos=(-0.202627,0.635884), vel=(-0.091414,-4.303529)}
particle={pos=(-0.216203,0.677462), vel=(-0.327052,-4.415108)}
particle={pos=(-0.210582,0.752274), vel=(-0.573780,-4.483239)}
particle={pos=(-0.190573,0.854824), vel=(-0.878322,-4.408515)}
particle={pos=(-0.181372,0.939845), vel=(-1.271369,-4.324305)}
particle={pos=(-0.165502,1.000134), vel=(-1.599505,-4.223383)}
particle={pos=(-0.127069,1.036936), vel=(-1.758413,-3.963613)}
particle={pos=(-0.076112,1.033215), vel=(-1.595235,-3.557926)}
particle={pos=(-0.036067,0.975800), vel=(-1.024675,-3.255509)}
particle={pos=(0.023191,0.927426), vel=(-0.339803,-3.069347)}
particle={pos=(0.106875,0.862909), vel=(0.383835,-2.837977)}
particle={pos=(0.118366,0.760919), vel=(1.771574,-2.810349)}
particle={pos=(-0.146025,0.687946), vel=(2.833911,-3.045034)}
particle={pos=(-0.357618,0.666000), vel=(2.370264,-2.877878)}
particle={pos=(-0.414372,0.693735), vel=(1.585795,-2.970550)}
particle={pos=(-0.489638,0.655788), vel=(0.946584,-3.104562)}
particle={pos=(-0.596965,0.550168), vel=(0.310764,-3.032219)}
particle={pos=(-0.673281,0.502904), vel=(-0.571211,-3.000241)}
particle={pos=(-0.693192,0.524240), vel=(-1.407822,-2.906434)}
particle={pos=(-0.663690,0.552759), vel=(-2.109171,-2.808533)}
particle={pos=(-0.594353,0.588091), vel=(-2.907316,-2.696743)}
particle={pos=(-0.488708,0.637047), vel=(-3.775746,-2.588312)}
particle={pos=(-0.392832,0.679741), vel=(-4.301137,-2.823099)}
particle={pos=(-0.425814,0.636668), vel=(-4.032755,-3.168862)}
particle={pos=(-0.494448,0.592802), vel=(-3.096877,-3.732910)}
particle={pos=(-0.479715,0.669092), vel=(-3.039349,-4.000057)}
particle={pos=(-0.435014,0.787819), vel=(-3.407017,-4.217370)}
particle={pos=(-0.364348,0.902541), vel=(-3.722932,-4.524429)}
particle={pos=(-0.229516,1.036021), vel=(-4.041187,-4.355203)}
particle={pos=(-0.003037,1.110624), vel=(-4.166728,-3.669510)}
particle={pos=(0.216374,1.165719), vel=(-3.659544,-3.418005)}
particle={pos=(0.341604,1.169539), vel=(-3.164313,-3.317871)}
particle={pos=(0.417527,1.135683), vel=(-2.804774,-3.206969)}
particle={pos=(0.484451,1.117659), vel=(-2.449880,-3.093619)}
particle={pos=(0.530144,1.123220), vel=(-2.060000,-2.978724)}
particle={pos=(0.540667,1.122211), vel=(-1.725254,-2.773257)}
particle={pos=(0.532070,1.080032), vel=(-1.455159,-2.516554)}
particle={pos=(0.528909,0.997484), vel=(-1.118329,-2.326412)}
particle={pos=(0.582305,0.934491), vel=(-0.372036,-2.011452)}
particle={pos=(0.577052,0.957983), vel=(0.223426,-1.427905)}
particle={pos=(0.372309,1.032744), vel=(-0.875300,-1.014972)}
particle={pos=(0.009009,1.030962), vel=(-2.087715,0.068892)}
particle={pos=(-0.218470,0.916903), vel=(-1.123913,0.865038)}
particle={pos=(-0.179360,0.852873), vel=(-0.555693,1.364569)}
particle={pos=(-0.087427,0.659528), vel=(-0.605507,1.508032)}
particle={pos=(0.018841,0.429555), vel=(-0.619953,0.948915)}
particle={pos=(0.091043,0.242196), vel=(-0.215133,0.411229)}
particle={pos=(0.049337,0.188900), vel=(0.892021,0.362998)}
particle={pos=(-0.207994,0.750050), vel=(0.790114,1.326879)}
particle={pos=(-0.255722,0.906418), vel=(1.620593,0.342938)}
particle={pos=(-0.153640,0.840051), vel=(2.341119,-0.184606)}
particle={pos=(-0.292988,0.693103), vel=(2.620503,-0.580125)}
particle={pos=(-0.649745,0.551217), vel=(0.849850,-0.311391)}
particle={pos=(-0.575789,0.006233), vel=(-0.654012,-0.830192)}
