particle={pos=(0.619799,-0.985658), vel=(-0.245517,-3.374672)}
particle={pos=(0.516966,1.040072), vel=(-2.084205,0.920888)}
particle={pos=(-0.243016,1.094246), vel=(-1.988696,-0.188975)}
particle={pos=(0.316859,0.970181), vel=(-2.670395,1.122285)}
particle={pos=(2.174081,-0.715609), vel=(-1.816854,3.657353)}
particle={pos=(3.525809,-0.944185), vel=(0.387967,2.922662)}
particle={pos=(3.617832,-1.580219), vel=(0.771263,2.596529)}
particle={pos=(1.933282,-0.350675), vel=(-2.947810,3.306367)}
particle={pos=(-0.156721,1.244996), vel=(-2.867940,-0.022312)}
particle={pos=(1.304583,0.087316), vel=(-3.584536,4.344248)}
particle={pos=(0.315601,0.891206), vel=(-5.452551,3.480223)}
particle={pos=(1.258848,0.161274), vel=(-4.075678,4.135611)}
particle={pos=(1.201423,0.164845), vel=(-4.185361,3.933013)}
particle={pos=(3.046735,-0.675301), vel=(-0.754618,3.303593)}
particle={pos=(2.075288,-0.508208), vel=(-2.157344,3.794987)}
particle={pos=(2.796917,-0.752274), vel=(-1.293756,2.897487)}
particle={pos=(0.953410,0.299204), vel=(-4.781365,3.879332)}
particle={pos=(2.576126,-0.651930), vel=(-1.394589,3.844013)}
particle={pos=(-0.096574,2.019611), vel=(-1.018924,1.665313)}
particle={pos=(1.862456,-0.131139), vel=(-3.127627,3.524478)}
particle={pos=(-0.167879,1.701653), vel=(-3.204632,1.710050)}
particle={pos=(0.398739,0.373037), vel=(-2.777092,1.181122)}
particle={pos=(0.547806,0.434931), vel=(-4.961879,3.820669)}
particle={pos=(1.007445,0.291973), vel=(-4.612181,4.104828)}
particle={pos=(0.020308,2.083705), vel=(-1.163776,2.559257)}
particle={pos=(1.450215,-0.037099), vel=(-4.243661,3.469397)}
particle={pos=(-0.300510,1.441730), vel=(-2.479784,3.431207)}
particle={pos=(3.009538,-0.632635), vel=(-0.950960,2.889988)}
particle={pos=(0.576350,0.485780), vel=(-5.035284,4.245183)}
particle={pos=(2.522146,-0.589203), vel=(-1.679853,3.329480)}
particle={pos=(2.727334,-0.334213), vel=(-1.498941,3.301731)}
particle={pos=(0.129612,0.943882), vel=(-2.528154,-0.653588)}
particle={pos=(0.311592,0.628465), vel=(0.124538,-2.764989)}
particle={pos=(1.476462,0.030931), vel=(-4.215470,3.602860)}
particle={pos=(-0.142893,1.260646), vel=(-3.387980,4.086388)}
particle={pos=(0.709931,0.647889), vel=(-1.030699,0.329425)}
particle={pos=(-0.143420,1.936615), vel=(-1.418436,3.420785)}
particle={pos=(0.230987,0.168178), vel=(0.983780,-0.919381)}
particle={pos=(0.033834,1.431160), vel=(-0.888592,-1.026934)}
particle={pos=(0.606145,0.247187), vel=(1.659085,0.770667)}
particle={pos=(1.100918,0.306295), vel=(-4.663855,3.815586)}
particle={pos=(0.201966,0.423413), vel=(-0.245282,-2.135439)}
particle={pos=(0.622798,0.139517), vel=(1.733093,0.703148)}
particle={pos=(1.843515,-0.232991), vel=(-3.142329,3.659547)}
particle={pos=(1.062274,0.446000), vel=(-4.836174,3.229823)}
particle={pos=(0.900978,0.293409), vel=(-4.808506,3.751048)}
particle={pos=(0.276928,-0.060382), vel=(1.836054,-0.040436)}
particle={pos=(0.083914,0.348946), vel=(0.653593,-1.365355)}
particle={pos=(0.503339,0.125531), vel=(2.112332,-0.295580)}
particle={pos=(0.163145,-0.094404), vel=(1.526104,-0.432171)}
particle={pos=(0.747362,0.622489), vel=(1.170332,1.004104)}
particle={pos=(0.050365,1.003115), vel=(-3.945222,4.942766)}
particle={pos=(0.966514,0.267109), vel=(-4.587929,4.056746)}
particle={pos=(0.069203,1.683993), vel=(-0.542714,-0.134735)}
particle={pos=(1.476677,0.038661), vel=(-4.131711,3.530631)}
particle={pos=(0.067503,1.074656), vel=(-3.436379,-0.741729)}
particle={pos=(-0.009401,2.137745), vel=(-1.380130,1.861769)}
particle={pos=(0.861751,0.275777), vel=(1.326417,0.240872)}
particle={pos=(0.123751,0.214086), vel=(1.122550,-0.492022)}
particle={pos=(0.334795,0.140591), vel=(2.066157,-0.202627)}
particle={pos=(-0.089558,1.145768), vel=(-3.482474,4.496084)}
particle={pos=(-0.060918,1.843617), vel=(-0.590585,0.999301)}
particle={pos=(-0.257876,1.444144), vel=(-2.109318,3.463944)}
particle={pos=(0.224315,0.606828), vel=(-2.278142,1.812901)}
particle={pos=(0.536882,0.056455), vel=(1.926516,-0.530867)}
particle={pos=(0.252114,0.599531), vel=(0.181651,-2.763884)}
particle={pos=(0.266292,1.345025), vel=(-1.999622,-1.334530)}
particle={pos=(-0.276991,0.206642), vel=(-0.959657,1.303035)}
particle={pos=(0.683642,-0.026247), vel=(2.679317,-0.153179)}
particle={pos=(0.602224,-0.084117), vel=(2.847055,0.053492)}
particle={pos=(0.119320,0.783291), vel=(-1.880918,2.241826)}
particle={pos=(0.808580,0.588507), vel=(0.224849,0.491202)}
particle={pos=(0.202999,0.836100), vel=(-0.499654,-2.997398)}
particle={pos=(0.166338,0.661951), vel=(2.364611,2.320768)}
particle={pos=(0.366478,0.192219), vel=(0.724914,-1.275029)}
particle={pos=(0.404746,0.039191), vel=(1.619056,-0.626559)}
particle={pos=(0.244537,0.687212), vel=(2.475490,2.520622)}
particle={pos=(0.441127,0.331019), vel=(2.424091,1.952957)}
particle={pos=(1.085898,-0.025411), vel=(1.671497,-1.093171)}
particle={pos=(0.826800,-0.086623), vel=(2.727197,-0.774936)}
particle={pos=(0.667975,-0.210745), vel=(2.541733,-0.744525)}
particle={pos=(0.530171,-0.100885), vel=(2.138936,-0.695705)}
particle={pos=(0.378097,0.924269), vel=(1.566443,1.931981)}
particle={pos=(0.590340,0.574097), vel=(-2.010708,0.634913)}
particle={pos=(0.572699,0.530349), vel=(-2.128577,0.417967)}
particle={pos=(0.948829,-0.019904), vel=(2.053706,-0.708323)}
particle={pos=(-0.028124,1.016401), vel=(-4.357316,4.306768)}
particle={pos=(0.654921,0.322782), vel=(-1.338546,0.152099)}
particle={pos=(0.704769,0.648687), vel=(1.240583,1.741249)}
particle={pos=(0.680743,0.402602), vel=(-1.137982,0.555969)}
particle={pos=(0.759877,0.366732), vel=(-1.219213,0.075382)}
particle={pos=(0.908360,-0.151838), vel=(2.687869,-0.619583)}
particle={pos=(0.943380,-0.009407), vel=(2.402504,-0.295861)}
particle={pos=(0.769490,0.424342), vel=(-0.922951,0.009306)}
particle={pos=(0.079408,0.665340), vel=(-1.480115,1.102575)}
particle={pos=(0.802143,0.006923), vel=(0.287114,-0.609036)}
particle={pos=(0.186780,1.079989), vel=(-1.403720,-2.320161)}
particle={pos=(0.550148,0.306728), vel=(-1.003002,0.738085)}
particle={pos=(0.235458,0.602953), vel=(-1.945268,2.656249)}
particle={pos=(0.490542,0.595294), vel=(-2.505595,-0.140008)}
particle={pos=(-0.170950,0.171961), vel=(-0.004305,1.074157)}
particle={pos=(0.301428,0.867988), vel=(-2.531462,1.636161)}
particle={pos=(0.232666,0.602506), vel=(-2.401038,2.344333)}
particle={pos=(0.237971,0.506905), vel=(-1.695386,1.305078)}
particle={pos=(0.032351,0.755759), vel=(-0.888676,0.305706)}
particle={pos=(0.375258,0.604085), vel=(-5.248623,4.288663)}
particle={pos=(0.327427,0.462747), vel=(-2.276092,1.106150)}
particle={pos=(0.474264,0.631569), vel=(-2.513781,0.423052)}
particle={pos=(-0.008812,1.051353), vel=(0.368409,0.177932)}
particle={pos=(0.265779,0.752168), vel=(-2.872029,1.411813)}
particle={pos=(0.775671,0.756500), vel=(-0.443217,1.960699)}
particle={pos=(-0.017800,1.204669), vel=(-0.674867,-0.178708)}
particle={pos=(0.035241,0.916494), vel=(-0.737272,0.326415)}
particle={pos=(0.274218,0.732740), vel=(-2.289699,2.581645)}
particle={pos=(-0.103838,0.732414), vel=(0.131940,0.383792)}
particle={pos=(0.496271,0.941928), vel=(-2.320254,0.356927)}
particle={pos=(0.133926,0.655257), vel=(-2.440525,0.737627)}
particle={pos=(0.076213,0.627669), vel=(-1.592582,0.462633)}
particle={pos=(0.265391,0.680714), vel=(-1.047307,2.560184)}
particle={pos=(-0.138877,0.700357), vel=(-0.162312,0.555877)}
particle={pos=(0.063742,0.943771), vel=(0.150977,0.507183)}
particle={pos=(-0.045543,0.910646), vel=(1.506192,0.113148)}
particle={pos=(-0.248854,1.058093), vel=(-0.301355,-0.418269)}
particle={pos=(0.992958,-0.177732), vel=(3.927046,-1.371251)}
particle={pos=(-0.010853,0.706184), vel=(0.257220,0.377773)}
particle={pos=(0.280389,0.959481), vel=(0.260500,-1.322113)}
particle={pos=(0.265323,0.815797), vel=(-0.160581,-1.999425)}
particle={pos=(0.509376,0.552601), vel=(-2.223582,1.260912)}
particle={pos=(-0.131604,1.197885), vel=(-1.197396,-0.623988)}
particle={pos=(0.185984,0.771621), vel=(1.873491,-0.324147)}
particle={pos=(0.054395,0.807237), vel=(0.286925,0.489799)}
particle={pos=(0.086425,0.883505), vel=(1.525681,-1.096007)}
particle={pos=(0.330744,0.096493), vel=(0.698521,1.234156)}
particle={pos=(0.644745,1.099833), vel=(-0.293474,0.580486)}
particle={pos=(0.013125,0.864892), vel=(-1.389118,-0.457682)}
particle={pos=(0.821903,-0.405418), vel=(3.965101,-1.144475)}
particle={pos=(0.200707,0.683986), vel=(-2.611088,2.301609)}
particle={pos=(-0.032312,1.448988), vel=(-0.330287,-0.387959)}
particle={pos=(0.213808,0.802999), vel=(-0.900018,1.798028)}
particle={pos=(0.430473,0.803038), vel=(-2.674817,1.643722)}
particle={pos=(0.021712,1.369028), vel=(0.077861,-0.544082)}
particle={pos=(0.697695,0.960733), vel=(0.338881,1.814730)}
particle={pos=(0.170854,0.795894), vel=(2.055425,-0.257259)}
particle={pos=(0.594005,0.943196), vel=(0.777070,1.932496)}
particle={pos=(-0.530512,1.263369), vel=(-0.760579,0.555172)}
particle={pos=(0.068828,1.115174), vel=(0.559309,0.057553)}
particle={pos=(-0.171822,1.636228), vel=(-0.628903,0.202829)}
particle={pos=(0.103039,1.253884), vel=(0.660674,-0.135136)}
particle={pos=(-0.066663,1.126413), vel=(1.371093,-0.023436)}
particle={pos=(0.029501,1.172658), vel=(-0.395459,-1.019759)}
particle={pos=(0.148553,0.851416), vel=(1.736452,-0.687130)}
particle={pos=(0.319954,0.844369), vel=(1.315182,-1.371329)}
particle={pos=(0.675447,0.936473), vel=(-0.200320,2.365043)}
particle={pos=(-0.080782,1.287206), vel=(0.928296,0.304491)}
particle={pos=(-0.021093,1.151319), vel=(0.883261,-0.582696)}
particle={pos=(0.002944,0.786611), vel=(-0.904388,-0.007065)}
particle={pos=(0.191484,1.092149), vel=(0.248664,-0.823752)}
particle={pos=(0.406758,0.674316), vel=(-1.546365,2.161810)}
particle={pos=(0.144656,0.645044), vel=(-1.864667,1.318392)}
particle={pos=(0.188736,1.232778), vel=(0.042799,-0.481746)}
particle={pos=(-0.198546,1.682358), vel=(-1.633180,0.327474)}
particle={pos=(0.262715,0.615071), vel=(1.244956,-1.160720)}
particle={pos=(-0.188122,1.375481), vel=(-0.450134,-0.099916)}
particle={pos=(0.106673,1.327731), vel=(0.297983,-0.537816)}
particle={pos=(0.632600,1.077274), vel=(0.087904,2.260042)}
particle={pos=(0.085157,1.105545), vel=(1.505770,-0.238062)}
particle={pos=(0.080758,1.520351), vel=(-0.699209,-0.133599)}
particle={pos=(-0.064680,1.570686), vel=(0.263316,0.133768)}
particle={pos=(0.152053,0.855695), vel=(-1.408441,-1.187283)}
particle={pos=(-0.178332,1.123005), vel=(-0.587792,-0.398365)}
particle={pos=(0.313673,0.407245), vel=(1.127870,0.200228)}
particle={pos=(0.066131,1.514802), vel=(-1.027398,-0.475133)}
particle={pos=(0.580170,1.084692), vel=(0.033503,2.295529)}
particle={pos=(-0.227951,1.786815), vel=(-1.523832,0.231244)}
particle={pos=(-0.136665,1.483006), vel=(0.337101,-0.137625)}
particle={pos=(0.040642,1.554864), vel=(-0.545930,0.809483)}
particle={pos=(-0.105231,1.983041), vel=(-1.658341,1.137997)}
particle={pos=(0.376059,1.229987), vel=(-0.987985,0.182992)}
particle={pos=(-0.021733,1.343698), vel=(-2.037348,-0.933531)}
particle={pos=(-0.184152,1.838932), vel=(-2.014586,0.437127)}
particle={pos=(-0.069245,1.617585), vel=(0.201056,0.959902)}
particle={pos=(-0.116376,1.576738), vel=(-1.637310,0.222342)}
particle={pos=(-0.213180,1.318282), vel=(-1.472355,-0.718148)}
particle={pos=(0.307850,1.068181), vel=(-0.646585,-1.537407)}
particle={pos=(0.246158,0.816681), vel=(-0.304882,-1.712884)}
particle={pos=(0.151214,1.095085), vel=(-1.289010,-1.506168)}
particle={pos=(-0.155849,1.928697), vel=(-0.631304,1.708621)}
particle={pos=(0.597689,0.795357), vel=(-0.781984,2.072717)}
particle={pos=(-0.058640,1.579898), vel=(-1.497417,-0.129866)}
particle={pos=(0.309121,1.200624), vel=(-0.687030,0.323143)}
particle={pos=(0.039184,1.297426), vel=(-0.745503,-1.104791)}
particle={pos=(-0.095783,1.114416), vel=(-2.254706,-0.991188)}
particle={pos=(-0.057059,0.692568), vel=(1.470546,-0.221161)}
particle={pos=(0.418876,0.766538), vel=(1.020872,3.333231)}
particle={pos=(0.269048,0.697947), vel=(1.241623,-1.351817)}
particle={pos=(0.076079,1.681056), vel=(0.113683,0.926679)}
particle={pos=(0.266205,0.756706), vel=(1.321901,-1.389034)}
particle={pos=(0.028400,0.895870), vel=(-0.686810,-1.724452)}
particle={pos=(-0.049626,1.986821), vel=(-1.265636,3.047327)}
particle={pos=(-0.166734,0.654956), vel=(-0.389194,-0.387518)}
particle={pos=(0.198472,1.068411), vel=(-1.046142,-0.873222)}
particle={pos=(0.030389,1.412430), vel=(0.583191,0.129663)}
particle={pos=(0.040023,1.133595), vel=(-1.380549,-1.764257)}
particle={pos=(-0.140423,1.755180), vel=(-0.778300,0.955241)}
particle={pos=(-0.143988,1.500079), vel=(-0.237147,-0.038587)}
particle={pos=(0.023516,1.025425), vel=(-0.629522,-1.241968)}
particle={pos=(-0.105675,1.774135), vel=(-1.974721,0.165283)}
particle={pos=(0.463739,0.535779), vel=(0.224186,-1.699774)}
particle={pos=(0.141659,0.721149), vel=(1.930182,-0.303130)}
particle={pos=(0.293608,0.746437), vel=(0.320615,-1.931316)}
particle={pos=(-0.030420,1.292806), vel=(-0.485556,-1.016098)}
particle={pos=(-0.607292,1.195457), vel=(-0.985121,1.363149)}
particle={pos=(-0.210240,1.149489), vel=(-0.622129,-1.000835)}
particle={pos=(-0.054156,1.377155), vel=(-0.217751,-0.647726)}
particle={pos=(0.388829,0.422947), vel=(1.905568,-0.379929)}
particle={pos=(-0.067515,1.722551), vel=(-0.724356,0.585965)}
particle={pos=(0.293500,0.476855), vel=(1.117715,-0.860455)}
particle={pos=(0.249698,0.540320), vel=(2.154920,-0.098995)}
particle={pos=(0.498636,0.522015), vel=(1.728726,0.894180)}
particle={pos=(0.109782,0.668927), vel=(2.155631,0.264845)}
particle={pos=(-0.035216,1.157767), vel=(-1.025824,-1.372822)}
particle={pos=(-0.037053,1.399720), vel=(-0.860699,-0.955348)}
particle={pos=(1.041217,0.203869), vel=(0.752329,-0.523606)}
particle={pos=(0.197774,0.615716), vel=(-0.137058,-2.110144)}
particle={pos=(0.603343,0.386163), vel=(0.165608,-0.584637)}
particle={pos=(0.168284,0.549288), vel=(0.344285,-1.745787)}
particle={pos=(0.014790,1.157157), vel=(-1.484717,-1.785046)}
particle={pos=(0.393762,0.414426), vel=(1.150529,-0.104671)}
particle={pos=(0.518545,0.511276), vel=(0.620811,-0.046978)}
particle={pos=(0.174494,0.863348), vel=(1.174978,-0.182722)}
particle={pos=(-0.030639,0.732006), vel=(1.652958,0.492569)}
particle={pos=(-0.172191,0.754875), vel=(-2.130127,-1.015625)}
particle={pos=(0.126522,1.170924), vel=(-0.137263,-1.434490)}
particle={pos=(0.169779,0.764692), vel=(1.852205,1.636409)}
particle={pos=(0.467641,0.314551), vel=(0.834321,0.222530)}
particle={pos=(0.547055,0.446842), vel=(1.707764,1.017375)}
particle={pos=(0.404602,0.471352), vel=(1.515004,-0.053482)}
particle={pos=(0.338169,0.690258), vel=(-1.523449,0.921123)}
particle={pos=(1.922377,-0.011179), vel=(-2.847900,4.026226)}
particle={pos=(0.112709,1.203880), vel=(-0.418655,-1.173802)}
particle={pos=(0.332285,0.906119), vel=(0.096387,-0.915939)}
particle={pos=(0.004467,0.924387), vel=(0.566906,1.655196)}
particle={pos=(0.472564,0.329757), vel=(0.243477,-0.339267)}
particle={pos=(-0.103392,0.672001), vel=(-1.023565,0.781881)}
particle={pos=(0.536315,0.614611), vel=(0.531549,-0.297964)}
particle={pos=(0.452521,0.374686), vel=(0.876354,-0.046156)}
particle={pos=(0.583140,-0.123349), vel=(1.376106,-0.377176)}
particle={pos=(0.422647,0.614091), vel=(-0.142908,-0.865005)}
particle={pos=(0.116097,0.609035), vel=(0.216035,1.084689)}
particle={pos=(0.209805,0.739180), vel=(-0.677102,2.787465)}
particle={pos=(0.409042,0.466325), vel=(1.257360,-0.113245)}
particle={pos=(0.079720,1.033093), vel=(-0.700892,-0.814248)}
particle={pos=(0.508851,0.378507), vel=(-0.143096,-0.860582)}
particle={pos=(0.293175,0.669645), vel=(0.288424,2.389780)}
particle={pos=(-0.312180,1.327376), vel=(0.621653,0.808456)}
particle={pos=(0.249342,0.832671), vel=(-0.955264,-0.965135)}
particle={pos=(0.588071,0.573373), vel=(1.465179,0.095047)}
particle={pos=(0.353476,0.501355), vel=(0.960625,1.209301)}
particle={pos=(0.298029,0.722715), vel=(-1.122618,2.666413)}
particle={pos=(0.387343,0.586659), vel=(1.607145,-0.137597)}
particle={pos=(0.325450,0.194977), vel=(0.541689,0.307465)}
particle={pos=(0.581921,0.682974), vel=(-0.803405,1.539809)}
particle={pos=(0.291082,0.535366), vel=(-0.007696,-1.093818)}
particle={pos=(0.227602,0.522414), vel=(0.635103,0.144552)}
particle={pos=(0.361494,0.563251), vel=(-1.757548,1.442397)}
particle={pos=(0.339620,0.721740), vel=(0.408788,0.146607)}
particle={pos=(0.292708,0.743968), vel=(-0.508057,0.087659)}
particle={pos=(0.517137,0.566597), vel=(-0.262661,-0.572433)}
particle={pos=(-0.199430,0.604303), vel=(-0.602738,0.180240)}
particle={pos=(0.555863,0.297232), vel=(-0.145833,-2.053362)}
particle={pos=(0.180241,0.329657), vel=(-0.437985,-1.238011)}
particle={pos=(0.307425,0.714336), vel=(1.114005,1.038110)}
particle={pos=(0.211079,0.889766), vel=(-2.106752,-0.442424)}
particle={pos=(0.379415,0.408503), vel=(0.215924,1.979576)}
particle={pos=(0.684921,-0.173495), vel=(1.711142,-0.436444)}
particle={pos=(0.257138,0.878050), vel=(1.537286,-0.218868)}
particle={pos=(0.613546,0.469687), vel=(0.752301,0.693409)}
particle={pos=(0.710947,0.381533), vel=(0.930517,-0.046619)}
particle={pos=(0.352193,0.646044), vel=(2.068655,1.125675)}
particle={pos=(0.332165,0.772544), vel=(-0.491960,-1.029029)}
particle={pos=(0.530793,0.713605), vel=(-1.804320,1.253637)}
particle={pos=(0.447255,0.537985), vel=(-0.092191,2.286925)}
particle={pos=(0.317654,0.625679), vel=(-0.813524,1.766305)}
particle={pos=(0.304947,0.617571), vel=(-1.206697,1.691042)}
particle={pos=(0.581302,0.292525), vel=(-0.467689,-1.019465)}
particle={pos=(0.666615,0.431410), vel=(-0.323772,-1.168277)}
particle={pos=(0.325134,0.473245), vel=(-0.903594,-0.069713)}
particle={pos=(0.486085,0.488776), vel=(2.431219,-1.178927)}
particle={pos=(0.064444,0.965069), vel=(-5.834998,1.563681)}
particle={pos=(0.229607,0.798652), vel=(-0.545035,0.879187)}
particle={pos=(0.340148,0.478343), vel=(1.281280,1.559711)}
particle={pos=(0.223905,0.563027), vel=(-0.347515,-2.286876)}
particle={pos=(0.321704,0.815699), vel=(0.319133,-0.738670)}
particle={pos=(0.121591,0.853341), vel=(0.594845,-0.549340)}
particle={pos=(0.206380,1.074479), vel=(1.462443,1.179192)}
particle={pos=(0.095376,0.726883), vel=(-1.909802,-0.327468)}
particle={pos=(0.135882,0.654727), vel=(1.596478,0.490684)}
particle={pos=(0.217914,0.573228), vel=(0.899856,0.596726)}
particle={pos=(0.080039,0.556004), vel=(0.184031,-1.474082)}
particle={pos=(0.219798,0.766503), vel=(0.333230,0.070493)}
particle={pos=(0.436097,0.684077), vel=(-1.903062,-1.373316)}
particle={pos=(0.014108,0.804484), vel=(-0.452387,-1.083702)}
particle={pos=(0.231272,0.427039), vel=(-0.060061,1.890492)}
particle={pos=(0.533096,0.539450), vel=(-0.891342,1.115281)}
particle={pos=(0.598556,0.531378), vel=(-0.645224,1.531512)}
particle={pos=(0.603056,0.450767), vel=(0.049318,0.762299)}
particle={pos=(0.006619,0.729457), vel=(0.930146,0.657580)}
particle={pos=(0.755494,0.399463), vel=(-0.435543,0.003385)}
particle={pos=(0.287303,0.317175), vel=(0.923960,-0.952258)}
particle={pos=(0.538176,0.420606), vel=(-0.384223,-2.386844)}
particle={pos=(-0.368421,1.819683), vel=(-1.900823,2.531108)}
particle={pos=(0.686342,0.227294), vel=(0.651639,0.137686)}
particle={pos=(0.329763,0.611677), vel=(0.248913,1.378687)}
particle={pos=(0.106554,0.583680), vel=(-0.739474,0.103776)}
particle={pos=(0.391392,0.563938), vel=(0.385569,1.898772)}
particle={pos=(0.102176,0.611667), vel=(0.607888,0.359444)}
particle={pos=(0.474997,0.553180), vel=(0.614742,1.348683)}
particle={pos=(0.602092,0.544537), vel=(0.578562,0.788165)}
particle={pos=(-0.001865,0.767775), vel=(-1.120030,-2.489070)}
particle={pos=(0.094238,0.413380), vel=(1.331079,-0.168134)}
particle={pos=(0.561164,0.278274), vel=(1.595998,1.626608)}
particle={pos=(0.180833,0.643248), vel=(0.107843,0.736884)}
particle={pos=(0.227396,0.461604), vel=(-0.006842,1.816569)}
particle={pos=(0.634476,0.280111), vel=(-0.205883,-0.220317)}
particle={pos=(0.364588,0.510149), vel=(-1.141229,0.277684)}
particle={pos=(0.600750,0.272258), vel=(-0.005138,1.091564)}
particle={pos=(-0.036015,0.753715), vel=(0.537800,-1.632761)}
particle={pos=(0.470524,0.700509), vel=(0.789820,0.897333)}
particle={pos=(0.323182,0.809020), vel=(-1.459553,-0.487913)}
particle={pos=(0.641256,0.128613), vel=(1.156361,-0.114526)}
particle={pos=(0.047683,0.740553), vel=(-0.203176,-2.445167)}
particle={pos=(0.070372,0.369415), vel=(0.282449,-0.978332)}
particle={pos=(0.022208,0.435370), vel=(0.921679,-0.190062)}
particle={pos=(-0.105323,0.293906), vel=(0.838191,0.450360)}
particle={pos=(0.414138,0.704311), vel=(-1.840839,-0.225147)}
particle={pos=(0.581193,0.216465), vel=(1.575030,-0.361459)}
particle={pos=(0.781553,0.442670), vel=(1.182450,0.773646)}
particle={pos=(-0.085755,0.528464), vel=(-1.554280,-1.049364)}
particle={pos=(0.290915,0.973888), vel=(1.202938,0.788422)}
particle={pos=(0.245239,0.301427), vel=(2.315929,1.210521)}
particle={pos=(0.156434,0.381217), vel=(1.242744,-0.941980)}
particle={pos=(0.721373,0.093596), vel=(1.364437,0.374523)}
particle={pos=(0.440037,0.369370), vel=(-0.076086,1.317807)}
particle={pos=(0.030954,0.709762), vel=(-1.712289,-2.239189)}
particle={pos=(0.091471,0.435635), vel=(0.994248,0.791367)}
particle={pos=(0.155869,0.465877), vel=(0.530400,-1.239859)}
particle={pos=(0.565782,0.293892), vel=(1.687093,1.297351)}
particle={pos=(0.547398,1.607174), vel=(-1.190800,-0.080244)}
particle={pos=(0.599900,0.184930), vel=(2.000005,0.421465)}
particle={pos=(0.355452,0.300425), vel=(1.226787,-0.677061)}
particle={pos=(0.539766,0.167608), vel=(1.491264,-0.692334)}
particle={pos=(0.636395,0.276893), vel=(0.116259,0.436288)}
particle={pos=(0.302960,0.284102), vel=(0.611110,-1.546917)}
particle={pos=(0.399792,0.179323), vel=(1.727323,0.229814)}
particle={pos=(0.562849,0.735176), vel=(1.151751,0.331690)}
particle={pos=(0.377715,0.184819), vel=(1.933437,0.407898)}
particle={pos=(1.613708,-0.252061), vel=(-3.669733,3.317840)}
particle={pos=(0.008605,1.712994), vel=(-1.206437,-0.203471)}
particle={pos=(0.133681,0.771980), vel=(1.191137,-2.041186)}
particle={pos=(-0.318479,1.583660), vel=(-2.511998,3.063339)}
particle={pos=(0.092995,1.942951), vel=(-1.006404,2.042063)}
particle={pos=(-0.206414,1.789558), vel=(-1.766138,2.885358)}
particle={pos=(-0.028371,1.720740), vel=(-0.640423,0.166325)}
particle={pos=(0.240498,1.150621), vel=(0.344255,-1.516654)}
particle={pos=(-0.199959,1.908756), vel=(-1.820001,2.455267)}
particle={pos=(-0.255025,1.508300), vel=(-2.699690,3.224067)}
particle={pos=(0.009109,0.955343), vel=(0.819566,1.149887)}
particle={pos=(-0.058796,1.213999), vel=(-4.331590,3.354294)}
particle={pos=(0.587688,0.659045), vel=(-0.381564,-0.089903)}
particle={pos=(-0.183324,0.866097), vel=(-2.243400,-0.576544)}
particle={pos=(3.034780,-0.322568), vel=(-0.771024,3.037437)}
particle={pos=(0.484557,0.532199), vel=(-5.850666,2.893117)}
particle={pos=(-0.134032,1.271432), vel=(-3.663805,3.382300)}
particle={pos=(1.019729,-0.310333), vel=(3.975521,-1.843015)}
particle={pos=(0.567217,0.795260), vel=(-4.536121,4.601689)}
particle={pos=(0.466705,0.740695), vel=(-4.199605,5.268695)}
particle={pos=(-0.003036,1.047626), vel=(-4.513840,3.569030)}
particle={pos=(0.432400,0.704578), vel=(-1.070830,-0.680858)}
particle={pos=(-0.368857,1.591430), vel=(-3.001456,0.880860)}
particle={pos=(-0.053356,1.533933), vel=(-0.763771,-0.632045)}
particle={pos=(-0.271130,1.401037), vel=(-2.597047,2.976502)}
particle={pos=(-0.111524,1.798553), vel=(-0.547080,2.747416)}
particle={pos=(0.128370,0.897619), vel=(1.098463,-0.271647)}
particle={pos=(0.035991,1.215254), vel=(0.847025,-0.266353)}
particle={pos=(0.272299,0.876459), vel=(-4.496980,5.061609)}
particle={pos=(0.038955,1.146609), vel=(-4.609927,2.536349)}
particle={pos=(-0.450861,1.722108), vel=(-0.486898,1.297717)}
particle={pos=(-0.349239,1.857110), vel=(-1.815779,2.163184)}
particle={pos=(-0.143822,1.020298), vel=(-3.077523,4.031701)}
particle={pos=(0.811472,0.399736), vel=(-3.860356,4.954409)}
particle={pos=(-0.798264,1.448023), vel=(-1.384157,1.587777)}
particle={pos=(-0.270233,1.534012), vel=(0.337124,0.926570)}
particle={pos=(-0.090209,1.971850), vel=(-0.608596,1.474716)}
particle={pos=(-0.284716,1.143834), vel=(0.422287,0.516141)}
particle={pos=(0.027069,0.965420), vel=(-0.087565,-0.850825)}
particle={pos=(-0.182555,0.682350), vel=(-0.998768,0.066028)}
particle={pos=(0.278691,1.038904), vel=(-4.931908,3.764166)}
particle={pos=(0.815818,-0.765372), vel=(3.482613,-0.382014)}
particle={pos=(0.657955,0.268661), vel=(-4.795605,3.725164)}
particle={pos=(-0.600905,1.545875), vel=(-1.837723,0.769726)}
particle={pos=(2.179511,-0.767783), vel=(-1.064976,4.818381)}
particle={pos=(1.477459,0.601694), vel=(-3.418491,4.374910)}
particle={pos=(1.064189,-0.339350), vel=(4.273982,-0.983411)}
particle={pos=(2.046248,-0.384741), vel=(-1.852378,4.034038)}
particle={pos=(0.440033,0.914481), vel=(-4.599169,4.338907)}
particle={pos=(0.415571,0.721259), vel=(-1.977764,2.136218)}
particle={pos=(0.039702,0.808513), vel=(-0.286247,0.812241)}
particle={pos=(0.453769,-0.268083), vel=(3.825922,-0.888621)}
particle={pos=(0.075114,1.003045), vel=(-1.551140,-0.073289)}
particle={pos=(-0.827580,2.514190), vel=(0.680948,-1.498319)}
particle={pos=(1.020714,-0.164214), vel=(1.702682,-1.050193)}
particle={pos=(0.573483,0.399317), vel=(-3.608481,5.190141)}
particle={pos=(0.406312,0.970600), vel=(-1.424580,0.771793)}
particle={pos=(0.860207,-0.217794), vel=(3.747170,-1.476796)}
particle={pos=(-0.269170,1.235172), vel=(-1.760078,-0.374232)}
particle={pos=(1.097537,-0.685349), vel=(0.031929,0.793729)}
particle={pos=(0.279234,0.991440), vel=(-3.747778,5.429096)}
particle={pos=(0.087115,1.304157), vel=(-4.196689,3.624602)}
particle={pos=(0.518038,0.918960), vel=(-2.047068,1.541335)}
particle={pos=(1.834896,-0.664817), vel=(2.918897,-0.082836)}
particle={pos=(2.910944,-1.449277), vel=(0.225099,3.261145)}
particle={pos=(-0.750191,2.814640), vel=(0.449180,-1.701632)}
particle={pos=(0.386885,1.649464), vel=(0.126943,-3.311001)}
particle={pos=(-0.031929,0.896715), vel=(1.011289,-4.855887)}
particle={pos=(1.110589,-0.642074), vel=(0.198696,-2.209927)}
particle={pos=(0.739063,-0.808726), vel=(0.878140,0.331322)}
particle={pos=(-0.382040,2.269320), vel=(0.743415,-2.303788)}
particle={pos=(0.445431,1.620381), vel=(-0.081932,-3.456665)}
particle={pos=(1.032683,-0.853939), vel=(4.811469,-0.101394)}
particle={pos=(-0.618758,2.253581), vel=(0.853693,-1.789864)}
particle={pos=(2.569169,-0.508543), vel=(-1.470903,3.542572)}
particle={pos=(0.571497,-0.987998), vel=(-1.608717,-1.033390)}
particle={pos=(0.915442,-0.438351), vel=(0.055663,1.585553)}
particle={pos=(2.866255,-0.940699), vel=(-0.686027,3.491832)}
particle={pos=(1.338172,-0.406760), vel=(4.896730,0.284856)}
particle={pos=(-0.931445,2.993676), vel=(0.223286,-1.697794)}
particle={pos=(2.022378,-0.284920), vel=(-2.327121,4.550418)}
particle={pos=(1.025536,0.511244), vel=(-4.211372,3.972373)}
particle={pos=(1.775782,-0.449860), vel=(1.980640,-1.267694)}
particle={pos=(0.601483,0.787317), vel=(-1.519345,1.149760)}
particle={pos=(0.869392,-0.780081), vel=(3.656365,0.451964)}
particle={pos=(1.664482,-0.305687), vel=(3.591608,-0.922973)}
particle={pos=(1.758880,-0.057284), vel=(0.352240,-1.348600)}
particle={pos=(0.558348,-0.706422), vel=(-0.867890,-1.551961)}
particle={pos=(-0.075896,1.133754), vel=(-5.408486,1.650797)}
particle={pos=(0.555834,0.167263), vel=(-0.703279,-2.353606)}
particle={pos=(-0.187639,2.393510), vel=(0.252650,-2.163813)}
particle={pos=(0.436676,-0.874872), vel=(-0.393069,0.281041)}
particle={pos=(0.136683,-0.880716), vel=(-0.109975,-1.481893)}
particle={pos=(0.765805,-0.708819), vel=(3.973279,0.045043)}
particle={pos=(-1.468628,2.184432), vel=(0.220754,-3.017169)}
particle={pos=(1.414926,-0.623404), vel=(4.913409,0.200192)}
particle={pos=(2.276268,-0.550247), vel=(-1.025292,4.757019)}
particle={pos=(0.494497,1.070685), vel=(-1.660491,4.055177)}
particle={pos=(0.344911,0.503118), vel=(-1.901714,4.419828)}
particle={pos=(0.031142,-0.219913), vel=(0.769827,0.632908)}
particle={pos=(1.326015,-0.824961), vel=(5.573284,-0.792353)}
particle={pos=(0.791792,-1.037803), vel=(3.183711,-1.848009)}
particle={pos=(0.044400,1.166307), vel=(-2.448386,0.213774)}
particle={pos=(-1.506203,2.957379), vel=(-0.262048,-2.266512)}
particle={pos=(2.418392,-1.511737), vel=(0.637622,4.032212)}
particle={pos=(0.169950,-0.558781), vel=(-0.924575,-1.582556)}
particle={pos=(0.516829,-1.139968), vel=(2.153279,-2.667396)}
particle={pos=(0.552205,1.008516), vel=(-3.557875,2.275411)}
particle={pos=(1.339120,-0.011112), vel=(-3.060816,0.566727)}
particle={pos=(0.646821,1.290333), vel=(-1.041928,2.299310)}
particle={pos=(1.640567,0.581625), vel=(-0.391992,0.663832)}
particle={pos=(0.609386,-0.862497), vel=(2.939404,-2.220231)}
particle={pos=(0.076744,-1.030961), vel=(-0.026111,-1.401706)}
particle={pos=(1.791690,-0.895159), vel=(2.916753,-1.562445)}
particle={pos=(0.352668,1.420073), vel=(-1.840931,2.087711)}
particle={pos=(0.095587,0.901461), vel=(-2.210582,4.497347)}
particle={pos=(1.168703,0.019420), vel=(-2.242580,-0.997701)}
particle={pos=(0.745440,-1.098281), vel=(2.878825,-1.158782)}
particle={pos=(1.868418,0.239560), vel=(0.943438,-0.940080)}
particle={pos=(0.291809,1.380349), vel=(-2.258303,1.342955)}
particle={pos=(0.593743,1.170499), vel=(-3.012603,2.709884)}
particle={pos=(0.465398,1.133186), vel=(-1.979622,0.456007)}
particle={pos=(1.156641,-0.779523), vel=(1.646629,-2.197891)}
particle={pos=(1.071653,-0.064514), vel=(-0.416273,-1.278186)}
particle={pos=(0.178833,1.322746), vel=(-2.133331,0.591023)}
particle={pos=(0.873520,0.959898), vel=(-2.906651,2.141245)}
particle={pos=(0.052205,1.306059), vel=(-2.541624,1.765440)}
particle={pos=(0.233086,0.987817), vel=(-3.709524,-0.208792)}
particle={pos=(0.285362,1.373518), vel=(-1.944660,2.845121)}
particle={pos=(-1.299288,2.091694), vel=(-0.640540,-2.957207)}
particle={pos=(-1.117806,1.779750), vel=(-0.842277,-3.753648)}
particle={pos=(-0.907321,1.495565), vel=(0.799290,-4.164154)}
particle={pos=(0.374055,1.140655), vel=(-2.360291,0.468280)}
particle={pos=(0.761900,0.560354), vel=(-1.834064,1.444656)}
particle={pos=(0.326662,0.698533), vel=(-2.102462,4.906562)}
particle={pos=(0.087507,1.280085), vel=(-3.238827,0.310548)}
particle={pos=(0.813695,-0.694665), vel=(4.594455,-1.809417)}
particle={pos=(0.605022,1.006021), vel=(-3.169466,2.446848)}
particle={pos=(0.013206,0.829320), vel=(-1.702321,-5.651928)}
particle={pos=(0.641242,0.164716), vel=(-2.821322,2.942089)}
particle={pos=(0.039940,1.137351), vel=(-2.830870,-0.100764)}
particle={pos=(-0.443469,0.324350), vel=(1.819863,-3.426623)}
particle={pos=(-0.824108,1.683853), vel=(0.736269,-4.146284)}
particle={pos=(-0.623544,1.178758), vel=(1.596899,-3.432383)}
particle={pos=(-0.786296,1.516762), vel=(1.079919,-3.517759)}
particle={pos=(1.046153,0.676959), vel=(-1.076949,2.766464)}
particle={pos=(0.679569,1.328259), vel=(-1.897954,1.437227)}
particle={pos=(0.872862,1.064707), vel=(-2.283424,3.004816)}
particle={pos=(1.361744,-1.134004), vel=(3.516517,-2.289227)}
particle={pos=(-0.406560,0.799316), vel=(2.082514,-4.815259)}
particle={pos=(-0.677878,3.098942), vel=(-1.311269,-2.489828)}
particle={pos=(1.247016,-0.523884), vel=(1.514222,-2.805806)}
particle={pos=(-0.103435,0.757206), vel=(2.156308,-5.250460)}
particle={pos=(-0.762149,1.123671), vel=(1.540672,-3.343835)}
particle={pos=(-0.503733,1.128516), vel=(1.309429,-5.055521)}
particle={pos=(0.366507,1.055239), vel=(-3.034420,0.398558)}
particle={pos=(1.630456,-0.945632), vel=(2.694952,0.359892)}
particle={pos=(-0.491755,1.606665), vel=(1.387645,-4.026109)}
particle={pos=(-0.304861,0.867635), vel=(1.832171,-5.097373)}
particle={pos=(-1.035363,1.576452), vel=(0.720584,-3.794060)}
particle={pos=(-0.882711,1.590155), vel=(1.009296,-3.802214)}
particle={pos=(-1.010304,2.405387), vel=(-1.409264,-3.004797)}
particle={pos=(-0.699275,3.315861), vel=(-1.551718,-2.093207)}
particle={pos=(0.151936,0.659155), vel=(4.018529,-3.601482)}
particle={pos=(-0.691994,0.902627), vel=(1.444632,-3.429028)}
particle={pos=(0.431348,0.366574), vel=(3.976466,-3.699269)}
particle={pos=(0.711902,-0.121148), vel=(3.701945,-3.680550)}
particle={pos=(-0.391242,0.940378), vel=(1.873683,-4.970941)}
particle={pos=(-0.651605,0.993205), vel=(2.041286,-4.484899)}
particle={pos=(0.195468,0.356580), vel=(4.015359,-4.698473)}
particle={pos=(-0.401983,1.467161), vel=(1.088039,-4.312266)}
particle={pos=(0.255567,0.360982), vel=(3.561603,-5.048181)}
particle={pos=(-1.199854,1.554916), vel=(-0.585556,-3.530971)}
particle={pos=(0.453721,-0.296130), vel=(3.120388,-4.628204)}
particle={pos=(-0.061156,0.580910), vel=(3.348454,-4.763659)}
particle={pos=(-1.192562,1.585168), vel=(0.162716,-3.797800)}
particle={pos=(0.195396,0.321694), vel=(3.475735,-4.715305)}
particle={pos=(-0.247786,0.663047), vel=(2.202533,-4.950092)}
particle={pos=(0.215455,0.035533), vel=(2.757023,-4.691921)}
particle={pos=(0.491746,1.182244), vel=(-3.226805,2.269109)}
particle={pos=(0.144551,0.322958), vel=(3.717001,-4.175117)}
particle={pos=(-0.870499,2.688748), vel=(-0.616875,-2.801243)}
particle={pos=(0.204614,0.109541), vel=(2.540355,-4.309745)}
particle={pos=(-0.387143,1.086324), vel=(2.183112,-4.533408)}
particle={pos=(-0.638914,1.083694), vel=(1.879664,-4.425299)}
particle={pos=(0.289290,0.376245), vel=(3.038195,-4.990337)}
particle={pos=(-0.080445,0.484619), vel=(2.335595,-4.997814)}
particle={pos=(0.234550,0.194680), vel=(3.422951,-4.138752)}
particle={pos=(0.568022,-0.266742), vel=(2.680643,-4.174792)}
particle={pos=(0.038829,0.862380), vel=(2.459248,-5.359493)}
particle={pos=(0.351510,-0.030611), vel=(2.040358,-5.098653)}
particle={pos=(1.595003,-1.331430), vel=(2.994012,-1.540222)}
particle={pos=(0.408177,0.393637), vel=(3.358215,-4.935510)}
particle={pos=(-0.897434,2.377173), vel=(-0.389553,-3.121738)}
particle={pos=(-0.074880,0.910482), vel=(2.557965,-5.303537)}
particle={pos=(0.862234,-0.338865), vel=(4.247182,-3.822511)}
particle={pos=(0.296428,0.558976), vel=(1.632161,-5.925077)}
particle={pos=(0.619379,-0.021356), vel=(4.360623,-3.620702)}
particle={pos=(-0.345521,0.872583), vel=(2.799712,-4.467012)}
particle={pos=(-0.351980,1.095814), vel=(2.050100,-4.845448)}
particle={pos=(-0.248566,1.043825), vel=(2.528276,-4.758909)}
particle={pos=(0.260265,0.303478), vel=(4.211522,-4.088250)}
particle={pos=(-0.791464,2.719836), vel=(-1.122344,-3.010948)}
particle={pos=(-0.383269,1.295062), vel=(1.681144,-4.919088)}
particle={pos=(-1.100469,1.442139), vel=(0.325955,-3.828637)}
particle={pos=(0.773266,-0.140048), vel=(4.038279,-4.143537)}
particle={pos=(1.218988,-1.437199), vel=(2.003002,-1.637472)}
particle={pos=(0.668066,-0.101973), vel=(3.210682,-4.606071)}
particle={pos=(0.389142,0.179100), vel=(3.059232,-4.707123)}
particle={pos=(1.567471,-1.168583), vel=(4.140717,-2.234552)}
particle={pos=(0.725195,-0.419676), vel=(3.723823,-3.681898)}
particle={pos=(0.871864,-0.246402), vel=(-1.011959,0.043322)}
particle={pos=(0.654875,-0.243718), vel=(2.641339,-4.857526)}
particle={pos=(0.312566,0.354369), vel=(2.901373,-4.982961)}
particle={pos=(1.869534,-0.823046), vel=(2.288456,0.057695)}
particle={pos=(1.079388,-0.889038), vel=(3.754841,-3.825108)}
particle={pos=(1.027423,-1.339090), vel=(1.944103,-1.179415)}
particle={pos=(0.746417,-0.369560), vel=(3.825724,-3.912096)}
particle={pos=(1.300845,-0.842655), vel=(4.527400,-3.608324)}
particle={pos=(0.529862,-0.205778), vel=(3.620474,-4.117275)}
particle={pos=(-0.152906,0.725062), vel=(3.807982,-4.007613)}
particle={pos=(0.791647,-0.036219), vel=(3.984776,-4.431828)}
particle={pos=(1.190717,-1.117044), vel=(2.050836,0.817564)}
particle={pos=(1.304144,-0.786287), vel=(4.935637,-2.668087)}
particle={pos=(1.590170,-0.830297), vel=(1.392426,1.315930)}
particle={pos=(1.236705,-0.707077), vel=(4.215702,-4.152373)}
particle={pos=(1.124034,-0.142403), vel=(-0.982336,2.346358)}
particle={pos=(1.039598,-0.573714), vel=(4.510163,-4.220049)}
particle={pos=(0.262165,0.437867), vel=(4.168954,-4.318278)}
particle={pos=(1.303323,-0.729047), vel=(5.018077,-3.862448)}
particle={pos=(1.294875,-0.934223), vel=(3.921527,-3.163515)}
particle={pos=(1.504643,-0.331790), vel=(0.447980,1.855116)}
particle={pos=(1.161048,-0.796181), vel=(4.239632,-3.908618)}
particle={pos=(1.075793,-0.795751), vel=(4.124243,-4.133064)}
particle={pos=(1.775407,-0.891618), vel=(1.637085,0.206318)}
particle={pos=(0.845568,-0.097360), vel=(-1.564480,0.900398)}
particle={pos=(1.310809,-0.701282), vel=(2.495144,-1.499976)}
particle={pos=(0.875100,-0.065825), vel=(0.698034,0.654572)}
particle={pos=(1.305870,-0.796994), vel=(5.342654,-2.917200)}
particle={pos=(1.334634,-0.753981), vel=(1.957120,-1.603744)}
particle={pos=(1.109923,-0.018668), vel=(-1.257058,1.767956)}
particle={pos=(0.893354,0.076034), vel=(-1.142823,1.401033)}
particle={pos=(0.914795,-0.058688), vel=(-0.762482,0.613111)}
particle={pos=(0.988082,0.040920), vel=(-0.649522,-0.120898)}
particle={pos=(1.017930,-0.095396), vel=(1.056064,-0.248119)}
particle={pos=(0.882025,0.093490), vel=(-1.156575,0.761425)}
particle={pos=(-0.633647,0.756368), vel=(1.250930,-4.303856)}
particle={pos=(0.849450,0.171284), vel=(-0.145220,0.895308)}
particle={pos=(1.183687,-0.822550), vel=(2.420017,-1.029784)}
particle={pos=(1.000072,-0.068861), vel=(-1.152823,2.082820)}
particle={pos=(0.822026,-0.092614), vel=(0.697857,0.829318)}
particle={pos=(1.174120,-0.409465), vel=(1.194707,-1.505371)}
particle={pos=(1.377416,-0.836089), vel=(1.443331,-1.668986)}
particle={pos=(1.435444,-0.877444), vel=(2.717649,-1.061934)}
particle={pos=(1.606722,-0.848852), vel=(2.659533,-1.711758)}
particle={pos=(0.754344,-0.186562), vel=(1.019580,1.272921)}
particle={pos=(1.325172,-0.880178), vel=(1.951331,-1.839246)}
particle={pos=(-0.282762,0.243011), vel=(2.208720,-4.782260)}
particle={pos=(1.627336,-0.663951), vel=(2.714916,0.202505)}
particle={pos=(1.488030,-0.769962), vel=(3.147965,-0.991554)}
particle={pos=(0.813469,-0.042662), vel=(0.268148,0.972510)}
particle={pos=(1.280496,-0.148995), vel=(1.711713,0.002902)}
particle={pos=(1.174067,-0.319050), vel=(0.110897,3.022478)}
particle={pos=(1.444635,-0.409592), vel=(1.033323,0.194923)}
particle={pos=(0.905945,-0.163838), vel=(0.524624,-0.446643)}
particle={pos=(1.277240,-0.422030), vel=(1.855328,1.274189)}
particle={pos=(1.270249,-0.200569), vel=(1.290723,-0.581288)}
particle={pos=(-0.007610,2.484375), vel=(-0.419212,-3.416179)}
particle={pos=(1.343032,-1.469335), vel=(2.146961,-2.363156)}
particle={pos=(1.335398,-0.767555), vel=(5.483371,-2.660548)}
particle={pos=(1.206571,-0.241893), vel=(2.695325,0.416675)}
particle={pos=(1.503905,-0.623134), vel=(1.411388,-0.233286)}
particle={pos=(1.077413,-0.668297), vel=(3.149854,0.441586)}
particle={pos=(1.575527,-0.681810), vel=(2.269939,-1.191601)}
particle={pos=(1.536418,-0.571835), vel=(-0.096723,1.912021)}
particle={pos=(0.944835,-0.000857), vel=(0.912590,1.868730)}
particle={pos=(1.849070,-0.909466), vel=(2.522465,-0.404378)}
particle={pos=(0.962244,-0.100793), vel=(-1.281801,1.356072)}
particle={pos=(1.411330,-0.839110), vel=(3.115640,0.384783)}
particle={pos=(1.407891,-0.723945), vel=(1.135110,-2.338690)}
particle={pos=(1.567357,-0.593550), vel=(1.467394,-1.191635)}
particle={pos=(1.475542,-1.001810), vel=(2.874944,-0.684199)}
particle={pos=(0.963332,-0.149232), vel=(2.105990,1.145778)}
particle={pos=(1.509145,-0.571802), vel=(1.887632,-1.292165)}
particle={pos=(1.515099,-0.948478), vel=(2.387379,-0.630106)}
particle={pos=(1.377460,-0.783007), vel=(1.702561,0.744325)}
particle={pos=(0.754514,0.227498), vel=(-0.329671,1.893881)}
particle={pos=(1.453054,-0.620777), vel=(-0.565343,1.635447)}
particle={pos=(0.921423,-0.200964), vel=(-0.702349,2.601578)}
particle={pos=(1.038151,0.086197), vel=(0.220437,0.625450)}
particle={pos=(1.487754,-0.897971), vel=(2.271505,-0.438324)}
particle={pos=(1.666802,-0.678919), vel=(-0.100632,0.743454)}
particle={pos=(0.902974,-0.675441), vel=(5.228121,-2.917569)}
particle={pos=(1.605824,-0.744137), vel=(1.402767,-0.247330)}
particle={pos=(1.438489,-0.895776), vel=(2.098977,-0.859271)}
particle={pos=(1.392665,-0.646583), vel=(0.863541,1.155839)}
particle={pos=(1.269588,-0.584872), vel=(2.166001,1.483217)}
particle={pos=(1.160936,-0.412088), vel=(-1.688148,1.593082)}
particle={pos=(1.056160,-0.612445), vel=(2.705390,0.224170)}
particle={pos=(1.519757,-0.878878), vel=(1.480602,-1.987412)}
particle={pos=(1.096097,-0.722127), vel=(0.919132,-1.932669)}
particle={pos=(1.180372,-0.773409), vel=(1.880083,0.774831)}
particle={pos=(1.347948,-0.950661), vel=(2.925452,-1.413752)}
particle={pos=(1.403986,-0.383420), vel=(1.623382,1.101841)}
particle={pos=(1.208485,-0.314076), vel=(1.483333,0.860837)}
particle={pos=(1.484804,-0.674529), vel=(2.042467,0.380982)}
particle={pos=(1.283711,-1.039490), vel=(4.104692,-0.588946)}
particle={pos=(1.310366,-0.606336), vel=(1.677183,0.119235)}
particle={pos=(1.140686,-0.654861), vel=(2.097913,1.404745)}
particle={pos=(1.398676,-0.733388), vel=(3.416367,-2.264208)}
particle={pos=(1.528765,-0.728630), vel=(1.562328,-0.142690)}
particle={pos=(1.559955,-0.571706), vel=(2.165228,-1.043730)}
particle={pos=(1.420700,-0.811425), vel=(1.530940,0.292556)}
particle={pos=(1.462080,-1.013995), vel=(1.964848,-0.822728)}
particle={pos=(1.384001,-0.830012), vel=(1.831963,0.043015)}
particle={pos=(1.323527,-0.511303), vel=(2.112656,-0.794599)}
particle={pos=(1.469119,-0.695299), vel=(2.200194,-0.103337)}
particle={pos=(0.115332,-0.089483), vel=(3.467578,-3.717255)}
particle={pos=(1.291067,-0.350519), vel=(1.709918,-1.696755)}
particle={pos=(1.371705,-0.647025), vel=(1.556159,0.384489)}
particle={pos=(1.523167,-0.416636), vel=(2.588345,-1.814660)}
particle={pos=(0.291978,-0.432679), vel=(3.900094,-3.253968)}
particle={pos=(1.081001,-0.896414), vel=(2.607554,0.211360)}
particle={pos=(1.616340,-0.804331), vel=(1.950618,-0.428858)}
particle={pos=(1.011465,-0.552198), vel=(1.725480,1.479017)}
particle={pos=(-0.284319,0.763708), vel=(0.851171,-5.545073)}
particle={pos=(1.128064,-0.420793), vel=(1.873050,-1.130024)}
particle={pos=(1.355707,-0.485153), vel=(0.612009,0.452399)}
particle={pos=(1.311585,-0.595041), vel=(2.012126,0.703678)}
particle={pos=(1.361560,-0.254817), vel=(1.464398,-0.080985)}
particle={pos=(1.519248,-0.314835), vel=(1.361091,-0.094402)}
particle={pos=(0.813869,-0.709682), vel=(-0.152492,0.697154)}
particle={pos=(1.390905,-0.529366), vel=(1.311852,1.116775)}
particle={pos=(1.278948,-0.545973), vel=(1.588767,0.873331)}
particle={pos=(1.758605,-0.718024), vel=(2.690663,-1.131307)}
particle={pos=(1.383422,-0.470405), vel=(1.325514,-0.793283)}
particle={pos=(1.180914,-0.433690), vel=(2.648731,0.920507)}
particle={pos=(1.262200,-0.426946), vel=(-0.031777,0.468301)}
particle={pos=(1.273821,-0.725824), vel=(3.170607,-0.836597)}
particle={pos=(1.482967,-0.541871), vel=(1.536464,-0.187125)}
particle={pos=(1.476655,-0.422365), vel=(2.002994,-0.367680)}
particle={pos=(1.680828,-0.715563), vel=(1.797683,0.031178)}
particle={pos=(0.722106,-0.804113), vel=(1.307902,0.446256)}
particle={pos=(1.074789,-0.440856), vel=(1.646506,2.218958)}
particle={pos=(1.442504,-0.826607), vel=(1.868886,-0.954168)}
particle={pos=(1.473234,-0.461150), vel=(1.242735,-1.987134)}
particle={pos=(1.280028,-0.227157), vel=(-0.000869,1.121702)}
particle={pos=(1.276528,-1.141690), vel=(3.114881,-1.641954)}
particle={pos=(1.259719,-0.460731), vel=(0.271671,-0.236901)}
particle={pos=(1.477053,-0.891456), vel=(1.320856,-0.615927)}
particle={pos=(1.609054,-0.601433), vel=(1.737630,0.395498)}
particle={pos=(1.101888,-0.828020), vel=(1.967593,-0.056355)}
particle={pos=(0.933629,-0.177232), vel=(1.203630,2.568194)}
particle={pos=(1.133519,-0.580174), vel=(1.898708,-0.540414)}
particle={pos=(1.180217,-0.536386), vel=(0.912303,-1.590796)}
particle={pos=(1.448719,-0.481745), vel=(1.696471,-1.203648)}
particle={pos=(1.043775,0.013935), vel=(0.764925,2.205853)}
particle={pos=(1.227642,-0.420879), vel=(1.538184,1.532021)}
particle={pos=(0.996660,-0.559628), vel=(0.870763,-0.238847)}
particle={pos=(1.053518,-0.138757), vel=(-0.132958,1.058447)}
particle={pos=(1.558577,-0.639957), vel=(3.540966,-0.457263)}
particle={pos=(1.331396,0.030769), vel=(-0.358002,0.719823)}
particle={pos=(1.258619,-0.325975), vel=(0.890771,0.180550)}
particle={pos=(1.072404,-0.726349), vel=(1.754593,-1.162743)}
particle={pos=(1.511782,-1.035892), vel=(1.585860,-0.309098)}
particle={pos=(1.358379,-0.357180), vel=(0.644962,-0.087974)}
particle={pos=(1.391169,-0.346695), vel=(1.399635,-0.202453)}
particle={pos=(1.286342,-0.232956), vel=(1.401247,-0.239139)}
particle={pos=(1.120921,-0.495401), vel=(2.254834,-0.797460)}
particle={pos=(0.999586,-0.403355), vel=(-0.203837,-1.319000)}
particle={pos=(0.774357,-0.528341), vel=(1.245176,-0.189832)}
particle={pos=(1.002263,-0.562357), vel=(1.085237,1.344430)}
particle={pos=(1.154374,-0.182029), vel=(0.064347,-0.403454)}
particle={pos=(1.228640,-0.070242), vel=(-0.149132,1.982663)}
particle={pos=(1.487988,-0.752491), vel=(2.097267,-0.130019)}
particle={pos=(1.341743,-0.737103), vel=(1.814814,2.502000)}
particle={pos=(1.121673,-0.526311), vel=(1.100952,-1.134037)}
particle={pos=(1.022917,0.136116), vel=(1.589927,1.633491)}
particle={pos=(1.217225,-0.197069), vel=(2.071112,0.388532)}
particle={pos=(1.189794,-0.279098), vel=(-0.015225,1.193247)}
particle={pos=(1.171276,-0.701697), vel=(2.167355,1.657809)}
particle={pos=(1.142547,0.065173), vel=(0.991716,1.204201)}
particle={pos=(1.415921,-0.787762), vel=(1.829278,-0.959354)}
particle={pos=(1.389842,-0.186474), vel=(-0.445797,1.188832)}
particle={pos=(1.421889,-0.631218), vel=(-0.795104,-0.013289)}
particle={pos=(0.936140,-0.310436), vel=(0.042439,0.426619)}
particle={pos=(1.191112,-0.042616), vel=(1.708939,0.535082)}
particle={pos=(0.981646,-0.560420), vel=(2.252666,-0.243227)}
particle={pos=(1.299658,-0.203612), vel=(-0.135738,1.168114)}
particle={pos=(1.259813,-0.539707), vel=(4.505391,-0.640337)}
particle={pos=(1.793957,-0.610986), vel=(3.995440,0.092379)}
particle={pos=(-0.038841,0.984144), vel=(-2.487554,0.555136)}
particle={pos=(0.913269,-0.278732), vel=(1.719240,1.172414)}
particle={pos=(0.946245,-0.143564), vel=(0.284774,1.725205)}
particle={pos=(1.028531,-0.446285), vel=(3.138014,0.560261)}
particle={pos=(1.512660,-0.852465), vel=(4.072461,-3.269134)}
particle={pos=(1.159193,-0.636533), vel=(2.461369,0.323434)}
particle={pos=(1.046678,-0.746339), vel=(2.128734,-0.782192)}
particle={pos=(0.760499,-0.595004), vel=(1.703851,0.085515)}
particle={pos=(1.175908,-0.473027), vel=(2.470377,0.676303)}
particle={pos=(1.047923,-0.027115), vel=(0.401675,0.337575)}
particle={pos=(1.520143,-0.448488), vel=(0.205748,0.389047)}
particle={pos=(1.445061,-0.450719), vel=(0.226917,1.197924)}
particle={pos=(0.954264,-0.125008), vel=(0.122429,0.374542)}
particle={pos=(0.971203,-0.398304), vel=(0.186115,1.808102)}
particle={pos=(1.248174,-0.593800), vel=(2.893591,-0.447250)}
particle={pos=(1.624570,-1.171289), vel=(3.699116,-2.945254)}
particle={pos=(1.267702,-1.221558), vel=(1.823001,0.410707)}
particle={pos=(1.241729,-0.251384), vel=(-0.216547,-0.735586)}
particle={pos=(0.949421,-0.074685), vel=(-0.909032,1.563571)}
particle={pos=(0.940663,-0.107837), vel=(1.353576,2.126068)}
particle={pos=(1.499792,-0.721610), vel=(0.584345,-0.104949)}
particle={pos=(1.476306,-0.446542), vel=(1.009353,2.268325)}
particle={pos=(0.920710,-0.313649), vel=(2.280290,0.978721)}
particle={pos=(1.084659,-0.330572), vel=(-0.660780,0.437131)}
particle={pos=(1.329103,-0.554957), vel=(1.289106,2.264666)}
particle={pos=(1.014570,-0.221426), vel=(-0.178548,0.586934)}
particle={pos=(1.026119,-0.122553), vel=(-1.487767,0.304963)}
particle={pos=(1.434601,-0.389759), vel=(0.939742,2.427400)}
particle={pos=(0.941830,-0.312849), vel=(-0.648696,0.565355)}
particle={pos=(0.978992,-0.409469), vel=(1.555919,1.697268)}
particle={pos=(1.299874,-0.272755), vel=(-0.440991,-0.222316)}
particle={pos=(1.173322,-0.371627), vel=(-0.816282,-0.670916)}
particle={pos=(1.505462,-0.743871), vel=(0.191973,0.353266)}
particle={pos=(1.056896,-0.008159), vel=(-0.756077,1.790844)}
particle={pos=(0.936959,-0.101188), vel=(-0.587955,0.527241)}
particle={pos=(0.882099,-0.273698), vel=(-0.111743,0.654391)}
particle={pos=(1.613357,-0.678542), vel=(0.481188,-0.556501)}
particle={pos=(0.208713,0.895546), vel=(-4.374739,-0.070833)}
particle={pos=(1.351932,-0.186545), vel=(-0.856360,0.019122)}
particle={pos=(0.877376,0.017880), vel=(-0.230519,0.959895)}
particle={pos=(0.909655,-0.567981), vel=(0.138540,-0.920533)}
particle={pos=(1.261156,-0.365009), vel=(-0.216754,1.297474)}
particle={pos=(1.453835,-1.419263), vel=(3.619131,-0.985851)}
particle={pos=(1.277524,-0.918454), vel=(4.132131,-0.765842)}
particle={pos=(1.062410,-0.839957), vel=(3.664331,0.167966)}
particle={pos=(1.210847,-0.438973), vel=(0.077373,1.135204)}
particle={pos=(1.424692,-0.448483), vel=(-0.300275,1.744086)}
particle={pos=(0.983144,-0.329583), vel=(-1.307483,0.769308)}
particle={pos=(0.895766,-0.311413), vel=(1.543899,0.930736)}
particle={pos=(1.308420,-0.159046), vel=(-0.894636,0.533546)}
particle={pos=(1.420311,-0.850816), vel=(0.497653,1.292331)}
particle={pos=(1.646727,-0.604569), vel=(0.692846,-0.916376)}
particle={pos=(0.651891,-0.772357), vel=(1.413818,-0.704642)}
particle={pos=(1.432123,-0.544265), vel=(-0.062825,-0.100845)}
particle={pos=(1.303636,-0.572993), vel=(-0.962464,0.805992)}
particle={pos=(-0.050357,2.123147), vel=(0.918474,-3.995573)}
particle={pos=(1.209163,-0.502605), vel=(3.476087,-0.728613)}
particle={pos=(1.073471,-0.535905), vel=(-0.564057,0.933062)}
particle={pos=(1.128627,-1.001701), vel=(2.524165,1.120186)}
particle={pos=(1.686780,-0.521739), vel=(0.348694,-0.429059)}
particle={pos=(1.633899,-0.514533), vel=(0.954298,-1.000132)}
particle={pos=(1.051082,-0.337516), vel=(0.015582,1.309022)}
particle={pos=(1.385063,-0.845983), vel=(4.643222,-0.394762)}
particle={pos=(1.139983,-0.293549), vel=(-0.408159,1.789126)}
particle={pos=(1.352786,-0.375635), vel=(-0.995650,-0.629949)}
particle={pos=(-0.115340,0.935959), vel=(-0.573822,0.448360)}
particle={pos=(-0.007793,1.952257), vel=(1.413807,-4.271778)}
particle={pos=(1.564141,-0.386341), vel=(0.947695,-1.402129)}
particle={pos=(1.579130,-0.331601), vel=(3.188429,1.106014)}
particle={pos=(0.661611,-0.778645), vel=(1.932241,-0.647257)}
particle={pos=(1.275326,-0.835101), vel=(0.926010,-0.609748)}
particle={pos=(1.669481,-0.743032), vel=(3.875333,-0.380202)}
particle={pos=(1.761943,-0.517899), vel=(1.956435,-0.036564)}
particle={pos=(0.084190,0.802407), vel=(-3.944872,-0.258754)}
particle={pos=(1.556588,-0.636911), vel=(0.230378,0.336883)}
particle={pos=(0.253392,0.710806), vel=(-4.019844,-0.854387)}
particle={pos=(1.159843,-0.300893), vel=(-1.816814,-0.241531)}
particle={pos=(1.670978,-0.516545), vel=(3.356857,0.706825)}
particle={pos=(0.058993,0.822796), vel=(-3.317134,-0.327415)}
particle={pos=(1.192248,-0.472908), vel=(-1.417024,0.689245)}
particle={pos=(1.336513,-0.524717), vel=(4.200493,0.652343)}
particle={pos=(0.424616,1.271522), vel=(0.096457,-5.643050)}
particle={pos=(0.028899,1.139809), vel=(-3.925552,1.954879)}
particle={pos=(-1.459367,3.516935), vel=(-0.150740,-1.009764)}
particle={pos=(1.413912,-0.628697), vel=(4.244901,1.070187)}
particle={pos=(0.945511,-0.218595), vel=(-1.737742,-0.492737)}
particle={pos=(1.482046,-0.697762), vel=(0.637421,-1.101146)}
particle={pos=(0.529265,-0.205170), vel=(0.442511,-5.676290)}
particle={pos=(-1.075974,2.511550), vel=(0.971954,-2.448112)}
particle={pos=(1.271907,-0.779358), vel=(3.522160,0.823606)}
particle={pos=(0.090531,2.423822), vel=(0.605654,-3.512058)}
particle={pos=(1.490279,-0.111105), vel=(1.837461,-0.223274)}
particle={pos=(0.786794,-0.760249), vel=(0.130246,-0.885534)}
particle={pos=(1.633796,-0.103241), vel=(0.583580,1.120176)}
particle={pos=(0.143030,0.901432), vel=(-0.445674,0.917968)}
particle={pos=(1.694401,-0.245943), vel=(-0.490992,0.779297)}
particle={pos=(1.925566,-0.742495), vel=(-0.407262,3.672949)}
particle={pos=(2.093981,-0.960959), vel=(0.330329,3.232308)}
particle={pos=(-1.499556,3.010871), vel=(0.161007,-1.138765)}
particle={pos=(0.106489,1.661051), vel=(1.214793,-4.902566)}
particle={pos=(-0.186500,2.730467), vel=(1.095904,-2.704057)}
particle={pos=(1.613126,-0.381738), vel=(3.334182,-0.177055)}
particle={pos=(0.547375,-0.654948), vel=(3.162611,-4.165331)}
particle={pos=(0.127346,0.737095), vel=(-2.285164,0.936230)}
particle={pos=(0.907137,1.090320), vel=(-1.997908,1.218750)}
particle={pos=(0.789361,0.841934), vel=(-2.778143,4.754538)}
particle={pos=(-0.329507,1.265312), vel=(-1.821213,1.423870)}
particle={pos=(0.504813,0.708768), vel=(-5.118837,2.482183)}
particle={pos=(0.210324,0.789035), vel=(-2.033611,1.059163)}
particle={pos=(1.275086,-0.063733), vel=(-1.167694,5.009108)}
particle={pos=(1.334299,-0.674798), vel=(5.627589,-3.176371)}
particle={pos=(0.207739,2.627516), vel=(0.561998,-3.063489)}
particle={pos=(1.171102,0.178233), vel=(0.755134,5.447281)}
particle={pos=(0.021690,0.941986), vel=(-2.014129,1.554090)}
particle={pos=(-0.102808,0.892698), vel=(-1.476810,1.735265)}
particle={pos=(1.057505,0.548621), vel=(1.325683,5.723445)}
particle={pos=(0.096921,0.774055), vel=(-2.350774,0.632097)}
particle={pos=(-0.039934,0.896968), vel=(-1.582243,0.397302)}
particle={pos=(0.547261,0.720663), vel=(-4.691788,3.485406)}
particle={pos=(-0.140907,0.940220), vel=(-1.622508,0.966752)}
particle={pos=(1.917774,-0.850470), vel=(0.029224,3.827768)}
particle={pos=(1.260539,-0.280681), vel=(-0.110479,5.755553)}
particle={pos=(0.019721,0.776207), vel=(-1.276249,1.599104)}
particle={pos=(0.852229,0.613757), vel=(-3.210291,4.006566)}
particle={pos=(0.087570,0.808172), vel=(-1.692288,0.534512)}
particle={pos=(0.595140,0.337204), vel=(-1.038693,2.315108)}
particle={pos=(0.283011,0.852355), vel=(-3.153656,0.768213)}
particle={pos=(0.345632,0.882043), vel=(-2.484865,2.725478)}
particle={pos=(0.201468,0.838513), vel=(-1.249962,3.153616)}
particle={pos=(0.090929,0.760436), vel=(-0.769213,2.136048)}
particle={pos=(1.372713,-0.679730), vel=(4.016106,-1.267355)}
particle={pos=(1.321868,-0.645650), vel=(4.545964,-3.556776)}
particle={pos=(1.065800,0.548737), vel=(0.582587,5.606897)}
particle={pos=(-0.111213,1.429550), vel=(-3.464795,0.394523)}
particle={pos=(0.176987,0.778572), vel=(-4.504368,1.707628)}
particle={pos=(0.057402,0.937581), vel=(-1.408105,1.382723)}
particle={pos=(0.207164,0.740401), vel=(-2.765141,3.062116)}
particle={pos=(-0.010429,0.699808), vel=(-2.555231,0.372594)}
particle={pos=(0.634397,0.709949), vel=(-4.498743,1.107001)}
particle={pos=(0.950487,0.806684), vel=(-1.673077,5.419808)}
particle={pos=(0.105864,0.705250), vel=(-2.530915,2.914093)}
particle={pos=(1.243090,-0.163818), vel=(0.435946,5.601592)}
particle={pos=(0.192972,1.008609), vel=(-3.614620,1.065976)}
particle={pos=(1.046557,1.062677), vel=(1.090408,4.977520)}
particle={pos=(0.023355,0.882327), vel=(0.137706,1.796363)}
particle={pos=(1.092918,0.407151), vel=(0.926452,5.629633)}
particle={pos=(0.289966,0.823443), vel=(-1.988969,3.073704)}
particle={pos=(0.454766,1.081289), vel=(-2.793837,1.602034)}
particle={pos=(0.066163,0.618067), vel=(-2.940170,0.930342)}
particle={pos=(0.101037,0.776181), vel=(-2.931230,0.843185)}
particle={pos=(1.887802,-0.687014), vel=(-0.546229,3.694493)}
particle={pos=(1.342955,-0.177856), vel=(-1.182760,4.995956)}
particle={pos=(0.508385,1.051688), vel=(-2.784486,3.779804)}
particle={pos=(0.341786,1.013352), vel=(-3.950760,2.371986)}
particle={pos=(0.245381,0.876090), vel=(-1.893978,2.987335)}
particle={pos=(0.314659,0.799889), vel=(-4.213103,2.063302)}
particle={pos=(0.240600,1.038263), vel=(-2.451487,2.916762)}
particle={pos=(0.156832,0.777167), vel=(0.120432,1.612285)}
particle={pos=(0.219171,0.834747), vel=(-0.555803,0.842263)}
particle={pos=(0.303776,0.787085), vel=(-2.440950,3.234246)}
particle={pos=(0.496214,0.662368), vel=(-4.474727,0.137506)}
particle={pos=(0.421912,0.526362), vel=(-3.480872,3.304144)}
particle={pos=(0.850615,0.419636), vel=(-3.504038,2.398054)}
particle={pos=(-0.016219,0.928930), vel=(-1.255251,2.299109)}
particle={pos=(0.470558,0.417062), vel=(-3.625906,2.184293)}
particle={pos=(0.201768,0.945241), vel=(-2.254406,1.242347)}
particle={pos=(0.389653,0.815739), vel=(-2.253971,3.719642)}
particle={pos=(0.359896,0.624850), vel=(-3.957366,2.994047)}
particle={pos=(1.671856,-0.481170), vel=(0.625560,0.371666)}
particle={pos=(0.296102,0.828426), vel=(-0.837406,2.971045)}
particle={pos=(-0.000317,0.879690), vel=(-2.511968,2.052901)}
particle={pos=(0.222847,0.843133), vel=(-3.820985,1.313544)}
particle={pos=(0.213220,0.586524), vel=(-2.220906,3.902359)}
particle={pos=(0.194355,0.731855), vel=(-3.111386,2.570761)}
particle={pos=(0.124370,0.819840), vel=(-2.937836,3.025150)}
particle={pos=(0.113193,0.953633), vel=(-2.861691,2.460691)}
particle={pos=(0.742682,0.243894), vel=(-3.651982,2.160715)}
particle={pos=(0.474684,0.398837), vel=(-3.826151,2.685461)}
particle={pos=(1.244859,0.020316), vel=(-1.293214,5.019492)}
particle={pos=(0.062019,0.832377), vel=(-3.388259,1.140625)}
particle={pos=(0.123774,0.862188), vel=(-3.564638,0.772687)}
particle={pos=(0.138099,0.914289), vel=(-1.945385,2.524075)}
particle={pos=(0.144194,0.910796), vel=(-3.484956,1.630066)}
particle={pos=(1.118203,-0.159207), vel=(2.046679,-0.565111)}
particle={pos=(0.765068,0.308049), vel=(-2.597663,3.403216)}
particle={pos=(1.012540,0.897561), vel=(-2.459501,1.234722)}
particle={pos=(0.231963,0.886129), vel=(-2.628847,3.227515)}
particle={pos=(1.111423,-0.679896), vel=(5.527065,-2.140457)}
particle={pos=(0.073724,0.854988), vel=(-2.519821,2.567945)}
particle={pos=(0.269091,0.657749), vel=(-3.225822,3.617946)}
particle={pos=(0.379243,0.528578), vel=(-4.361055,2.391834)}
particle={pos=(0.915011,0.207292), vel=(-3.689900,2.464830)}
particle={pos=(0.726769,0.545610), vel=(-2.286749,3.128906)}
particle={pos=(0.583790,0.569802), vel=(-1.864821,3.988601)}
particle={pos=(0.265289,1.031416), vel=(-2.682171,2.416485)}
particle={pos=(0.676244,-0.257311), vel=(1.696447,0.278792)}
particle={pos=(0.329330,0.549909), vel=(-3.575008,2.854243)}
particle={pos=(0.269771,0.845000), vel=(-3.369821,3.062759)}
particle={pos=(0.161819,0.003989), vel=(3.271326,-3.653693)}
particle={pos=(0.273610,0.632086), vel=(-4.186674,2.930825)}
particle={pos=(0.676776,0.498493), vel=(0.790425,3.222670)}
particle={pos=(0.291599,0.650217), vel=(-3.076872,3.525929)}
particle={pos=(0.608383,0.270238), vel=(-3.970611,2.443818)}
particle={pos=(0.177961,0.798025), vel=(-0.581915,1.676240)}
particle={pos=(0.859826,-0.177406), vel=(1.565536,0.042149)}
particle={pos=(-0.461655,0.889688), vel=(1.061705,-5.055714)}
particle={pos=(0.652507,0.970689), vel=(-1.905811,3.257683)}
particle={pos=(0.268031,0.998289), vel=(-0.375035,-6.078933)}
particle={pos=(1.804889,-0.933174), vel=(2.983524,-0.156440)}
particle={pos=(0.841747,1.299130), vel=(0.752928,4.544610)}
particle={pos=(0.672321,1.116381), vel=(-1.325143,2.738056)}
particle={pos=(0.133979,0.935630), vel=(-3.482462,2.006948)}
particle={pos=(0.653167,0.387308), vel=(-2.108158,2.489165)}
particle={pos=(1.286446,0.333763), vel=(-2.679195,1.554301)}
particle={pos=(0.017855,0.826046), vel=(0.460154,-6.127450)}
particle={pos=(0.451080,1.034275), vel=(-4.196865,0.702724)}
particle={pos=(0.593478,0.524429), vel=(-4.221412,0.167486)}
particle={pos=(0.540514,-0.968695), vel=(0.705629,-4.038474)}
particle={pos=(0.106018,0.228645), vel=(3.457089,-3.791986)}
particle={pos=(0.412206,0.509195), vel=(-4.133421,0.866869)}
particle={pos=(-0.224854,0.919029), vel=(0.793111,-5.433700)}
particle={pos=(0.805343,0.612900), vel=(-3.506605,0.311258)}
particle={pos=(0.385774,0.918821), vel=(-3.936376,-0.796620)}
particle={pos=(0.168136,-0.115858), vel=(2.917570,-3.764622)}
particle={pos=(0.208076,0.851187), vel=(-0.199617,-6.322310)}
particle={pos=(0.171576,0.384888), vel=(1.168968,-5.770376)}
particle={pos=(0.113973,0.468308), vel=(0.958486,-5.543715)}
particle={pos=(-0.046594,0.278610), vel=(2.580616,-4.571792)}
particle={pos=(1.102369,1.415284), vel=(1.180050,2.952359)}
particle={pos=(0.048057,0.252575), vel=(3.271943,-3.798412)}
particle={pos=(-0.095277,1.559504), vel=(-0.061370,-4.907685)}
particle={pos=(0.573268,0.501256), vel=(-4.199019,2.311077)}
particle={pos=(0.453847,0.121040), vel=(0.522015,2.073459)}
particle={pos=(0.559608,1.063053), vel=(-2.144332,3.892328)}
particle={pos=(0.643170,0.947299), vel=(-2.262692,3.681476)}
particle={pos=(0.947494,1.486186), vel=(-0.697220,3.611612)}
particle={pos=(0.522919,0.661016), vel=(-3.808408,2.932096)}
particle={pos=(1.056581,-0.907768), vel=(4.429249,-2.629731)}
particle={pos=(0.484872,0.799375), vel=(-3.347964,2.690955)}
particle={pos=(0.328956,0.472515), vel=(-4.172108,1.282671)}
particle={pos=(0.529373,0.803349), vel=(-3.039037,3.330717)}
particle={pos=(0.962155,-1.076594), vel=(3.510052,-3.000052)}
particle={pos=(0.805982,-0.367116), vel=(4.484253,-2.880462)}
particle={pos=(0.565189,-1.059749), vel=(1.763720,-3.808370)}
particle={pos=(0.272336,0.533791), vel=(-4.172720,0.344112)}
particle={pos=(0.240171,0.861510), vel=(-0.591085,2.327941)}
particle={pos=(0.682922,-1.126032), vel=(2.128560,-2.521853)}
particle={pos=(1.075899,1.485662), vel=(-0.033593,2.756015)}
particle={pos=(0.273037,-0.146818), vel=(3.176020,-3.458903)}
particle={pos=(0.825200,-0.101032), vel=(-0.116483,5.539413)}
particle={pos=(0.678274,0.250394), vel=(0.617021,5.908494)}
particle={pos=(0.741947,-0.771207), vel=(1.079987,3.707504)}
particle={pos=(-0.295745,0.574481), vel=(2.719331,-3.898068)}
