particle={pos=(1.168683,1.148690), vel=(-0.071648,-1.926113)}
particle={pos=(1.167295,1.140832), vel=(0.036849,-1.684962)}
particle={pos=(1.167724,1.138499), vel=(0.150781,-1.451072)}
particle={pos=(1.170100,1.140683), vel=(0.268110,-1.228782)}
particle={pos=(1.173309,1.145305), vel=(0.377891,-1.032467)}
particle={pos=(1.178172,1.152166), vel=(0.489210,-0.834197)}
particle={pos=(1.184311,1.160766), vel=(0.599431,-0.638799)}
particle={pos=(1.190960,1.170429), vel=(0.702276,-0.454739)}
particle={pos=(1.198994,1.181766), vel=(0.803679,-0.264214)}
particle={pos=(1.208155,1.194890), vel=(0.904549,-0.064359)}
particle={pos=(1.219368,1.211008), vel=(1.003002,0.151805)}
particle={pos=(1.230752,1.228088), vel=(1.093930,0.350909)}
particle={pos=(1.242336,1.245473), vel=(1.170443,0.520846)}
particle={pos=(1.253402,1.262116), vel=(1.234359,0.656116)}
particle={pos=(1.265228,1.279111), vel=(1.279934,0.769442)}
particle={pos=(1.276675,1.295424), vel=(1.309385,0.856695)}
particle={pos=(1.288031,1.311248), vel=(1.319897,0.921342)}
particle={pos=(1.299293,1.326634), vel=(1.311704,0.962165)}
particle={pos=(1.310380,1.341567), vel=(1.289422,0.981055)}
particle={pos=(1.320339,1.355030), vel=(1.260975,0.980578)}
particle={pos=(1.329787,1.367651), vel=(1.222763,0.962311)}
particle={pos=(1.338879,1.379613), vel=(1.173022,0.923342)}
particle={pos=(1.346910,1.390234), vel=(1.114449,0.866135)}
particle={pos=(1.354279,1.399804), vel=(1.050854,0.796486)}
particle={pos=(1.360645,1.407946), vel=(0.982378,0.716988)}
particle={pos=(1.366102,1.414753), vel=(0.909450,0.630471)}
particle={pos=(1.370858,1.420557), vel=(0.834950,0.545058)}
particle={pos=(1.374755,1.425343), vel=(0.760419,0.461880)}
particle={pos=(1.378022,1.429479), vel=(0.685076,0.381631)}
particle={pos=(1.380738,1.433007), vel=(0.611961,0.306588)}
particle={pos=(1.382788,1.435815), vel=(0.539710,0.234332)}
particle={pos=(1.384372,1.438198), vel=(0.468894,0.166781)}
particle={pos=(1.385570,1.440355), vel=(0.401778,0.105511)}
particle={pos=(1.386317,1.442131), vel=(0.335645,0.045799)}
particle={pos=(1.386715,1.443656), vel=(0.270035,-0.011256)}
particle={pos=(1.386771,1.444955), vel=(0.206210,-0.064878)}
particle={pos=(1.386451,1.445942), vel=(0.142712,-0.116961)}
particle={pos=(1.385782,1.446637), vel=(0.081128,-0.167299)}
particle={pos=(1.384830,1.447139), vel=(0.023034,-0.213689)}
particle={pos=(1.383520,1.447274), vel=(-0.030180,-0.257754)}
particle={pos=(1.381830,1.447033), vel=(-0.080138,-0.300639)}
particle={pos=(1.379986,1.446696), vel=(-0.129205,-0.341611)}
particle={pos=(1.378017,1.446286), vel=(-0.178315,-0.379761)}
particle={pos=(1.375915,1.445791), vel=(-0.228233,-0.415799)}
particle={pos=(1.373671,1.445200), vel=(-0.278930,-0.449587)}
particle={pos=(1.371235,1.444500), vel=(-0.331099,-0.481148)}
particle={pos=(1.368576,1.443693), vel=(-0.384528,-0.508965)}
particle={pos=(1.365706,1.442801), vel=(-0.438022,-0.534348)}
particle={pos=(1.362673,1.441861), vel=(-0.489864,-0.558880)}
particle={pos=(1.359501,1.440921), vel=(-0.539375,-0.582336)}
particle={pos=(1.356164,1.439928), vel=(-0.586631,-0.604663)}
particle={pos=(1.352723,1.438915), vel=(-0.631250,-0.626117)}
particle={pos=(1.349191,1.437845), vel=(-0.672345,-0.647526)}
particle={pos=(1.345664,1.436788), vel=(-0.709877,-0.667385)}
particle={pos=(1.342154,1.435762), vel=(-0.744489,-0.687842)}
particle={pos=(1.338647,1.434733), vel=(-0.776620,-0.708322)}
particle={pos=(1.335138,1.433663), vel=(-0.805753,-0.729256)}
particle={pos=(1.331668,1.432583), vel=(-0.832360,-0.750625)}
particle={pos=(1.328253,1.431491), vel=(-0.856278,-0.771674)}
particle={pos=(1.324856,1.430362), vel=(-0.878170,-0.793191)}
particle={pos=(1.321526,1.429240), vel=(-0.897857,-0.814230)}
particle={pos=(1.318244,1.428078), vel=(-0.915314,-0.835138)}
particle={pos=(1.315030,1.426924), vel=(-0.931260,-0.855553)}
particle={pos=(1.311886,1.425742), vel=(-0.945393,-0.875216)}
particle={pos=(1.308829,1.424537), vel=(-0.957147,-0.893686)}
particle={pos=(1.305831,1.423252), vel=(-0.966911,-0.910414)}
particle={pos=(1.302906,1.421870), vel=(-0.974633,-0.924764)}
particle={pos=(1.300018,1.420461), vel=(-0.981103,-0.938203)}
particle={pos=(1.297155,1.418997), vel=(-0.986073,-0.950599)}
particle={pos=(1.294337,1.417474), vel=(-0.989071,-0.961367)}
particle={pos=(1.291564,1.415907), vel=(-0.990148,-0.969823)}
particle={pos=(1.288802,1.414257), vel=(-0.989171,-0.975744)}
particle={pos=(1.285954,1.412467), vel=(-0.985777,-0.976165)}
particle={pos=(1.283236,1.410680), vel=(-0.980331,-0.974802)}
particle={pos=(1.280682,1.408925), vel=(-0.971935,-0.970966)}
particle={pos=(1.278313,1.407208), vel=(-0.960746,-0.964029)}
particle={pos=(1.276117,1.405520), vel=(-0.947546,-0.954304)}
particle={pos=(1.274106,1.403858), vel=(-0.931895,-0.940939)}
particle={pos=(1.272277,1.402240), vel=(-0.914317,-0.924895)}
particle={pos=(1.270631,1.400688), vel=(-0.894270,-0.905611)}
particle={pos=(1.269166,1.399230), vel=(-0.871817,-0.883405)}
particle={pos=(1.267889,1.397904), vel=(-0.846938,-0.858348)}
particle={pos=(1.266826,1.396725), vel=(-0.820113,-0.829751)}
particle={pos=(1.266014,1.395725), vel=(-0.789933,-0.795716)}
particle={pos=(1.265424,1.394869), vel=(-0.756527,-0.756834)}
particle={pos=(1.264995,1.394108), vel=(-0.720134,-0.713280)}
particle={pos=(1.264631,1.393359), vel=(-0.682204,-0.666240)}
particle={pos=(1.264314,1.392682), vel=(-0.642391,-0.614539)}
particle={pos=(1.264063,1.392028), vel=(-0.600232,-0.558013)}
particle={pos=(1.263906,1.391398), vel=(-0.556273,-0.497166)}
particle={pos=(1.263820,1.390743), vel=(-0.510931,-0.433168)}
particle={pos=(1.263780,1.390081), vel=(-0.465228,-0.367431)}
particle={pos=(1.263790,1.389395), vel=(-0.418607,-0.299696)}
particle={pos=(1.263783,1.388680), vel=(-0.373082,-0.232088)}
particle={pos=(1.263761,1.387937), vel=(-0.328362,-0.164560)}
particle={pos=(1.263748,1.387190), vel=(-0.284389,-0.096606)}
particle={pos=(1.263630,1.386258), vel=(-0.243804,-0.031849)}
particle={pos=(1.263434,1.385152), vel=(-0.205119,0.036094)}
particle={pos=(1.263011,1.383696), vel=(-0.172062,0.096070)}
particle={pos=(1.262353,1.381820), vel=(-0.145417,0.147922)}
particle={pos=(1.261553,1.379584), vel=(-0.123243,0.194313)}
particle={pos=(1.260643,1.377069), vel=(-0.105138,0.235137)}
particle={pos=(1.259573,1.374307), vel=(-0.091441,0.269778)}
particle={pos=(1.258388,1.371460), vel=(-0.081670,0.298692)}
particle={pos=(1.257117,1.368621), vel=(-0.075780,0.320256)}
particle={pos=(1.255747,1.365854), vel=(-0.073303,0.334405)}
particle={pos=(1.254306,1.363191), vel=(-0.074098,0.342456)}
particle={pos=(1.252785,1.360674), vel=(-0.077959,0.344607)}
particle={pos=(1.251240,1.358271), vel=(-0.083788,0.343046)}
particle={pos=(1.249688,1.356002), vel=(-0.090982,0.337883)}
particle={pos=(1.248124,1.353859), vel=(-0.099600,0.329308)}
particle={pos=(1.246554,1.351808), vel=(-0.108853,0.318442)}
particle={pos=(1.244996,1.349828), vel=(-0.118711,0.305630)}
particle={pos=(1.243451,1.347887), vel=(-0.129183,0.291039)}
particle={pos=(1.241924,1.345933), vel=(-0.139890,0.275541)}
particle={pos=(1.240384,1.343967), vel=(-0.151307,0.258506)}
particle={pos=(1.238818,1.342068), vel=(-0.163501,0.239714)}
particle={pos=(1.237247,1.340190), vel=(-0.176393,0.219497)}
particle={pos=(1.235672,1.338355), vel=(-0.190032,0.198191)}
particle={pos=(1.234076,1.336488), vel=(-0.204551,0.176196)}
particle={pos=(1.232433,1.334568), vel=(-0.219942,0.153821)}
particle={pos=(1.230736,1.332504), vel=(-0.237469,0.132095)}
particle={pos=(1.229044,1.330485), vel=(-0.254996,0.108843)}
particle={pos=(1.227370,1.328515), vel=(-0.272054,0.083560)}
particle={pos=(1.225763,1.326671), vel=(-0.288604,0.056172)}
particle={pos=(1.224162,1.324868), vel=(-0.304821,0.026782)}
particle={pos=(1.222598,1.323095), vel=(-0.320521,-0.004261)}
particle={pos=(1.221087,1.321347), vel=(-0.335698,-0.037001)}
particle={pos=(1.219609,1.319655), vel=(-0.350656,-0.071461)}
particle={pos=(1.218140,1.317904), vel=(-0.365125,-0.107079)}
particle={pos=(1.216696,1.316216), vel=(-0.378600,-0.143875)}
particle={pos=(1.215297,1.314608), vel=(-0.391481,-0.182135)}
particle={pos=(1.213904,1.313052), vel=(-0.404271,-0.221941)}
particle={pos=(1.212515,1.311543), vel=(-0.416713,-0.263454)}
particle={pos=(1.211142,1.310075), vel=(-0.428968,-0.306536)}
particle={pos=(1.209781,1.308638), vel=(-0.440868,-0.350763)}
particle={pos=(1.208421,1.307180), vel=(-0.452366,-0.396359)}
particle={pos=(1.206969,1.305667), vel=(-0.465617,-0.442297)}
particle={pos=(1.205392,1.304024), vel=(-0.481440,-0.488304)}
particle={pos=(1.203751,1.302304), vel=(-0.498918,-0.534777)}
particle={pos=(1.202060,1.300562), vel=(-0.517877,-0.582237)}
particle={pos=(1.200288,1.298737), vel=(-0.538320,-0.630638)}
particle={pos=(1.198453,1.296801), vel=(-0.560565,-0.679709)}
particle={pos=(1.196571,1.294740), vel=(-0.584907,-0.728918)}
particle={pos=(1.194628,1.292604), vel=(-0.611863,-0.778473)}
particle={pos=(1.192659,1.290404), vel=(-0.642425,-0.828385)}
particle={pos=(1.190881,1.288532), vel=(-0.676497,-0.881900)}
particle={pos=(1.189318,1.287031), vel=(-0.712286,-0.939080)}
particle={pos=(1.187975,1.285859), vel=(-0.748916,-0.998884)}
particle={pos=(1.186786,1.284981), vel=(-0.787424,-1.061889)}
particle={pos=(1.185809,1.284483), vel=(-0.827047,-1.127452)}
particle={pos=(1.185003,1.284329), vel=(-0.866822,-1.193895)}
particle={pos=(1.184429,1.284605), vel=(-0.906828,-1.261496)}
particle={pos=(1.184080,1.285289), vel=(-0.947670,-1.331003)}
particle={pos=(1.183931,1.286365), vel=(-0.989790,-1.402834)}
particle={pos=(1.183982,1.287757), vel=(-1.032341,-1.476761)}
particle={pos=(1.184359,1.289685), vel=(-1.074731,-1.551565)}
particle={pos=(1.185039,1.292020), vel=(-1.117242,-1.627598)}
particle={pos=(1.186033,1.295064), vel=(-1.161697,-1.705142)}
particle={pos=(1.187209,1.298624), vel=(-1.207814,-1.784285)}
particle={pos=(1.188749,1.302892), vel=(-1.253864,-1.862843)}
particle={pos=(1.190654,1.307812), vel=(-1.299765,-1.940882)}
particle={pos=(1.192818,1.313339), vel=(-1.345339,-2.016774)}
particle={pos=(1.195328,1.319546), vel=(-1.391830,-2.091932)}
particle={pos=(1.198212,1.326429), vel=(-1.435353,-2.161414)}
particle={pos=(1.201354,1.333821), vel=(-1.476278,-2.225890)}
particle={pos=(1.204873,1.341937), vel=(-1.516061,-2.283967)}
particle={pos=(1.208550,1.350500), vel=(-1.553968,-2.333231)}
particle={pos=(1.212528,1.359612), vel=(-1.588947,-2.373211)}
particle={pos=(1.216793,1.369192), vel=(-1.620169,-2.402318)}
particle={pos=(1.221121,1.378916), vel=(-1.648235,-2.419140)}
particle={pos=(1.225573,1.388877), vel=(-1.673442,-2.425119)}
particle={pos=(1.230174,1.399183), vel=(-1.697466,-2.423209)}
particle={pos=(1.234825,1.409598), vel=(-1.719974,-2.412689)}
particle={pos=(1.239570,1.420179), vel=(-1.741492,-2.394085)}
particle={pos=(1.244504,1.431107), vel=(-1.765581,-2.368358)}
particle={pos=(1.249508,1.442103), vel=(-1.789326,-2.333343)}
particle={pos=(1.254382,1.452814), vel=(-1.812281,-2.292835)}
particle={pos=(1.259419,1.463848), vel=(-1.834236,-2.241480)}
particle={pos=(1.264421,1.474768), vel=(-1.855737,-2.182220)}
particle={pos=(1.269442,1.485638), vel=(-1.875285,-2.112093)}
particle={pos=(1.274594,1.496754), vel=(-1.896115,-2.031978)}
particle={pos=(1.279540,1.507504), vel=(-1.914573,-1.943783)}
particle={pos=(1.284383,1.517822), vel=(-1.932208,-1.850281)}
particle={pos=(1.289184,1.527689), vel=(-1.948053,-1.758426)}
particle={pos=(1.293773,1.536911), vel=(-1.958625,-1.672933)}
particle={pos=(1.298500,1.546262), vel=(-1.969870,-1.590999)}
particle={pos=(1.302995,1.555007), vel=(-1.976407,-1.514534)}
particle={pos=(1.307391,1.563357), vel=(-1.980081,-1.441870)}
particle={pos=(1.311683,1.571389), vel=(-1.981562,-1.371958)}
particle={pos=(1.315881,1.579147), vel=(-1.981378,-1.304892)}
particle={pos=(1.319922,1.586593), vel=(-1.978597,-1.241811)}
particle={pos=(1.323763,1.593534), vel=(-1.970892,-1.180551)}
particle={pos=(1.327643,1.600482), vel=(-1.963055,-1.118796)}
particle={pos=(1.331240,1.606912), vel=(-1.953439,-1.059377)}
particle={pos=(1.334662,1.613147), vel=(-1.941501,-0.999030)}
particle={pos=(1.338066,1.619330), vel=(-1.926841,-0.937463)}
particle={pos=(1.341572,1.625630), vel=(-1.911230,-0.872216)}
particle={pos=(1.344798,1.631522), vel=(-1.893029,-0.806917)}
particle={pos=(1.347703,1.636974), vel=(-1.871892,-0.742571)}
particle={pos=(1.350677,1.642451), vel=(-1.849560,-0.676040)}
particle={pos=(1.353465,1.647671), vel=(-1.826294,-0.608754)}
particle={pos=(1.356238,1.652906), vel=(-1.801931,-0.539756)}
particle={pos=(1.358716,1.657800), vel=(-1.776172,-0.470601)}
particle={pos=(1.360937,1.662270), vel=(-1.749020,-0.401828)}
particle={pos=(1.362923,1.666355), vel=(-1.722864,-0.333606)}
particle={pos=(1.365029,1.670714), vel=(-1.697534,-0.261881)}
particle={pos=(1.366933,1.674775), vel=(-1.671015,-0.189168)}
particle={pos=(1.368715,1.678611), vel=(-1.643401,-0.114983)}
particle={pos=(1.370284,1.682137), vel=(-1.615989,-0.042138)}
particle={pos=(1.371765,1.685616), vel=(-1.588410,0.032260)}
particle={pos=(1.373180,1.688853), vel=(-1.560805,0.109445)}
particle={pos=(1.374522,1.691984), vel=(-1.534486,0.188143)}
particle={pos=(1.375538,1.694863), vel=(-1.509185,0.265748)}
particle={pos=(1.376302,1.697276), vel=(-1.484212,0.341950)}
particle={pos=(1.376919,1.699343), vel=(-1.459067,0.419257)}
particle={pos=(1.377548,1.701340), vel=(-1.435466,0.497511)}
particle={pos=(1.378094,1.703139), vel=(-1.411987,0.576267)}
particle={pos=(1.378263,1.704285), vel=(-1.390061,0.654525)}
particle={pos=(1.378392,1.705155), vel=(-1.368282,0.735424)}
particle={pos=(1.378664,1.705950), vel=(-1.347084,0.819143)}
particle={pos=(1.378348,1.705896), vel=(-1.328856,0.898286)}
particle={pos=(1.378049,1.705830), vel=(-1.311766,0.977905)}
particle={pos=(1.377529,1.705353), vel=(-1.295207,1.060304)}
particle={pos=(1.376931,1.704561), vel=(-1.281051,1.142350)}
particle={pos=(1.376149,1.703312), vel=(-1.270439,1.223851)}
particle={pos=(1.375197,1.701620), vel=(-1.261564,1.305343)}
particle={pos=(1.374075,1.699225), vel=(-1.255500,1.388313)}
particle={pos=(1.372940,1.696422), vel=(-1.253596,1.469938)}
particle={pos=(1.371666,1.692814), vel=(-1.257775,1.550893)}
particle={pos=(1.370412,1.688780), vel=(-1.263093,1.633986)}
particle={pos=(1.369017,1.684043), vel=(-1.273477,1.712279)}
particle={pos=(1.367640,1.678684), vel=(-1.286946,1.791234)}
particle={pos=(1.366396,1.672830), vel=(-1.301749,1.868364)}
particle={pos=(1.365237,1.666497), vel=(-1.317036,1.942587)}
particle={pos=(1.364244,1.659763), vel=(-1.334714,2.014644)}
particle={pos=(1.363362,1.652496), vel=(-1.352168,2.084162)}
particle={pos=(1.362551,1.644865), vel=(-1.367571,2.150288)}
particle={pos=(1.362016,1.636609), vel=(-1.383926,2.213333)}
particle={pos=(1.361683,1.628238), vel=(-1.398230,2.273540)}
particle={pos=(1.361369,1.619711), vel=(-1.410201,2.324476)}
particle={pos=(1.361190,1.611039), vel=(-1.418395,2.371689)}
particle={pos=(1.361340,1.601885), vel=(-1.423706,2.415566)}
particle={pos=(1.361564,1.592911), vel=(-1.424830,2.456330)}
particle={pos=(1.362088,1.583310), vel=(-1.423240,2.499457)}
particle={pos=(1.362938,1.573252), vel=(-1.417165,2.541301)}
particle={pos=(1.363599,1.563486), vel=(-1.408400,2.584309)}
particle={pos=(1.364182,1.553756), vel=(-1.393896,2.625707)}
particle={pos=(1.364781,1.543678), vel=(-1.373334,2.664550)}
particle={pos=(1.365250,1.533633), vel=(-1.350823,2.705225)}
particle={pos=(1.366249,1.522748), vel=(-1.322628,2.748107)}
particle={pos=(1.367168,1.511886), vel=(-1.291629,2.788072)}
particle={pos=(1.367679,1.501194), vel=(-1.257646,2.825477)}
particle={pos=(1.367858,1.490308), vel=(-1.219071,2.856858)}
particle={pos=(1.367663,1.479624), vel=(-1.180180,2.884384)}
particle={pos=(1.367721,1.468730), vel=(-1.137592,2.913841)}
particle={pos=(1.367816,1.457370), vel=(-1.089791,2.936437)}
particle={pos=(1.367701,1.446203), vel=(-1.042018,2.955483)}
particle={pos=(1.367176,1.435330), vel=(-0.993436,2.971739)}
particle={pos=(1.366383,1.424641), vel=(-0.943357,2.978267)}
particle={pos=(1.365505,1.413675), vel=(-0.892139,2.982188)}
particle={pos=(1.364407,1.402723), vel=(-0.839407,2.982583)}
particle={pos=(1.363133,1.392035), vel=(-0.785930,2.972096)}
particle={pos=(1.361826,1.381472), vel=(-0.733040,2.958282)}
particle={pos=(1.360486,1.370472), vel=(-0.676243,2.937890)}
particle={pos=(1.358872,1.359373), vel=(-0.617458,2.903929)}
particle={pos=(1.356979,1.349022), vel=(-0.564648,2.869543)}
particle={pos=(1.354790,1.339206), vel=(-0.516814,2.834896)}
particle={pos=(1.352577,1.329488), vel=(-0.469154,2.799683)}
particle={pos=(1.350253,1.319738), vel=(-0.422519,2.762994)}
particle={pos=(1.347906,1.309732), vel=(-0.376425,2.723139)}
particle={pos=(1.345193,1.300421), vel=(-0.336039,2.684645)}
particle={pos=(1.342307,1.291451), vel=(-0.298402,2.646912)}
particle={pos=(1.339406,1.282516), vel=(-0.261777,2.608404)}
particle={pos=(1.336588,1.273205), vel=(-0.223206,2.568122)}
particle={pos=(1.333573,1.264132), vel=(-0.188220,2.528054)}
particle={pos=(1.330331,1.255508), vel=(-0.158064,2.489289)}
particle={pos=(1.326979,1.247249), vel=(-0.130842,2.451795)}
particle={pos=(1.323565,1.238952), vel=(-0.103805,2.414407)}
particle={pos=(1.320061,1.231174), vel=(-0.079215,2.379605)}
particle={pos=(1.316231,1.223770), vel=(-0.061171,2.345044)}
particle={pos=(1.312370,1.216261), vel=(-0.044336,2.309549)}
particle={pos=(1.308516,1.208530), vel=(-0.025701,2.275099)}
particle={pos=(1.304764,1.200889), vel=(-0.006259,2.242382)}
particle={pos=(1.300784,1.193631), vel=(0.007286,2.209997)}
particle={pos=(1.296675,1.186752), vel=(0.016949,2.179149)}
particle={pos=(1.292421,1.179682), vel=(0.026390,2.147699)}
particle={pos=(1.288080,1.172620), vel=(0.033313,2.115492)}
particle={pos=(1.283613,1.165875), vel=(0.038023,2.084363)}
particle={pos=(1.279117,1.159496), vel=(0.041328,2.053921)}
particle={pos=(1.274508,1.153401), vel=(0.040133,2.022722)}
particle={pos=(1.269884,1.147493), vel=(0.038532,1.992157)}
particle={pos=(1.265361,1.141141), vel=(0.038040,1.960566)}
particle={pos=(1.260752,1.135324), vel=(0.031648,1.928028)}
particle={pos=(1.256069,1.128850), vel=(0.021565,1.892972)}
particle={pos=(1.251421,1.122722), vel=(0.005521,1.856621)}
particle={pos=(1.246964,1.116626), vel=(-0.011514,1.818732)}
particle={pos=(1.242699,1.110813), vel=(-0.029360,1.780068)}
particle={pos=(1.238446,1.106083), vel=(-0.050420,1.742241)}
particle={pos=(1.234265,1.101662), vel=(-0.073308,1.703086)}
particle={pos=(1.230263,1.095705), vel=(-0.100101,1.657981)}
particle={pos=(1.226463,1.088991), vel=(-0.123858,1.609976)}
particle={pos=(1.222654,1.083134), vel=(-0.145224,1.561935)}
particle={pos=(1.218861,1.078139), vel=(-0.164747,1.512645)}
particle={pos=(1.215013,1.072713), vel=(-0.180296,1.460246)}
particle={pos=(1.211457,1.066567), vel=(-0.195547,1.403587)}
particle={pos=(1.207852,1.060422), vel=(-0.212763,1.343942)}
particle={pos=(1.204234,1.054219), vel=(-0.232037,1.280379)}
particle={pos=(1.200683,1.048365), vel=(-0.250942,1.214875)}
particle={pos=(1.197339,1.041999), vel=(-0.268669,1.144391)}
particle={pos=(1.194031,1.036490), vel=(-0.288940,1.073036)}
particle={pos=(1.190538,1.031188), vel=(-0.309399,0.999941)}
particle={pos=(1.187248,1.026122), vel=(-0.329107,0.925103)}
particle={pos=(1.184307,1.020315), vel=(-0.349954,0.842192)}
particle={pos=(1.181328,1.015231), vel=(-0.372100,0.758343)}
particle={pos=(1.178118,1.010497), vel=(-0.392822,0.672643)}
particle={pos=(1.175124,1.006037), vel=(-0.412536,0.583702)}
particle={pos=(1.172064,1.001856), vel=(-0.430638,0.492065)}
particle={pos=(1.169067,0.997980), vel=(-0.450773,0.395863)}
particle={pos=(1.166178,0.994307), vel=(-0.472652,0.293254)}
particle={pos=(1.163324,0.991098), vel=(-0.489489,0.190747)}
particle={pos=(1.160376,0.989034), vel=(-0.509495,0.089728)}
particle={pos=(1.157368,0.987185), vel=(-0.528478,-0.019116)}
particle={pos=(1.154639,0.985170), vel=(-0.549011,-0.136181)}
particle={pos=(1.151660,0.984655), vel=(-0.571320,-0.251739)}
particle={pos=(1.148426,0.984963), vel=(-0.593243,-0.366846)}
particle={pos=(1.145237,0.986341), vel=(-0.617171,-0.485995)}
particle={pos=(1.142385,0.988630), vel=(-0.645267,-0.608012)}
particle={pos=(1.139228,0.991406), vel=(-0.678470,-0.732217)}
particle={pos=(1.136182,0.996546), vel=(-0.716720,-0.847675)}
particle={pos=(1.132791,1.001785), vel=(-0.759146,-0.968025)}
particle={pos=(1.130449,1.009053), vel=(-0.813383,-1.083577)}
particle={pos=(1.127921,1.016278), vel=(-0.875279,-1.202875)}
particle={pos=(1.125655,1.024442), vel=(-0.945403,-1.321781)}
particle={pos=(1.124113,1.034230), vel=(-1.024147,-1.434440)}
particle={pos=(1.123429,1.044344), vel=(-1.116974,-1.568442)}
particle={pos=(1.123287,1.055936), vel=(-1.220795,-1.701437)}
particle={pos=(1.124028,1.069062), vel=(-1.335602,-1.816940)}
particle={pos=(1.126815,1.084304), vel=(-1.464494,-1.945261)}
particle={pos=(1.131023,1.101188), vel=(-1.600557,-2.069010)}
particle={pos=(1.136609,1.118883), vel=(-1.738884,-2.182091)}
particle={pos=(1.145116,1.139537), vel=(-1.878661,-2.318598)}
particle={pos=(1.155573,1.161472), vel=(-2.012212,-2.468391)}
particle={pos=(1.167410,1.185079), vel=(-2.145191,-2.639896)}
particle={pos=(1.181182,1.211258), vel=(-2.265079,-2.840510)}
particle={pos=(1.197113,1.240555), vel=(-2.366289,-3.047825)}
particle={pos=(1.213487,1.271625), vel=(-2.451988,-3.241712)}
particle={pos=(1.230689,1.305095), vel=(-2.510960,-3.418586)}
particle={pos=(1.248219,1.340191), vel=(-2.542652,-3.539352)}
particle={pos=(1.264587,1.374835), vel=(-2.552701,-3.579408)}
particle={pos=(1.281012,1.410051), vel=(-2.553143,-3.557517)}
particle={pos=(1.296612,1.444894), vel=(-2.541215,-3.476320)}
particle={pos=(1.310819,1.476197), vel=(-2.521448,-3.356173)}
particle={pos=(1.325625,1.509871), vel=(-2.497054,-3.201509)}
particle={pos=(1.339037,1.539607), vel=(-2.475818,-3.047445)}
particle={pos=(1.351841,1.567508), vel=(-2.445914,-2.916472)}
particle={pos=(1.364619,1.595628), vel=(-2.412031,-2.791718)}
particle={pos=(1.376258,1.620292), vel=(-2.367598,-2.664633)}
particle={pos=(1.388868,1.647571), vel=(-2.313238,-2.514421)}
particle={pos=(1.400321,1.671493), vel=(-2.249350,-2.359848)}
particle={pos=(1.412158,1.696608), vel=(-2.176977,-2.186895)}
particle={pos=(1.423466,1.720394), vel=(-2.095391,-2.006655)}
particle={pos=(1.434658,1.744113), vel=(-2.009106,-1.814507)}
particle={pos=(1.446344,1.768912), vel=(-1.916743,-1.610718)}
particle={pos=(1.456659,1.790882), vel=(-1.836389,-1.424182)}
particle={pos=(1.467838,1.814118), vel=(-1.761184,-1.235956)}
particle={pos=(1.479062,1.836868), vel=(-1.689740,-1.055170)}
particle={pos=(1.488743,1.856301), vel=(-1.623582,-0.885633)}
particle={pos=(1.499332,1.876387), vel=(-1.555705,-0.711519)}
particle={pos=(1.509725,1.895590), vel=(-1.481372,-0.531059)}
particle={pos=(1.518473,1.911275), vel=(-1.405048,-0.355286)}
particle={pos=(1.526097,1.924369), vel=(-1.324824,-0.180194)}
particle={pos=(1.533238,1.936102), vel=(-1.238342,-0.002299)}
particle={pos=(1.539339,1.945884), vel=(-1.147002,0.175556)}
particle={pos=(1.544169,1.953287), vel=(-1.051422,0.352250)}
particle={pos=(1.546743,1.956894), vel=(-0.954938,0.520250)}
particle={pos=(1.547734,1.958164), vel=(-0.855469,0.685988)}
particle={pos=(1.547879,1.958491), vel=(-0.752389,0.858167)}
particle={pos=(1.546081,1.956328), vel=(-0.650818,1.029710)}
particle={pos=(1.542395,1.952302), vel=(-0.553047,1.205390)}
particle={pos=(1.536923,1.947317), vel=(-0.464201,1.395386)}
particle={pos=(1.529673,1.940504), vel=(-0.390531,1.600010)}
particle={pos=(1.520972,1.931491), vel=(-0.336663,1.820675)}
particle={pos=(1.511170,1.919392), vel=(-0.308245,2.061446)}
particle={pos=(1.500882,1.902864), vel=(-0.311151,2.320599)}
particle={pos=(1.491398,1.880705), vel=(-0.348862,2.597064)}
particle={pos=(1.483341,1.851973), vel=(-0.405268,2.888226)}
particle={pos=(1.477587,1.816298), vel=(-0.449264,3.200029)}
particle={pos=(1.474003,1.772174), vel=(-0.448524,3.519282)}
particle={pos=(1.472143,1.718493), vel=(-0.352401,3.806836)}
particle={pos=(1.471099,1.656005), vel=(-0.093791,3.978188)}
particle={pos=(1.465796,1.589120), vel=(0.282652,4.061311)}
particle={pos=(1.452336,1.518004), vel=(0.726919,4.135569)}
particle={pos=(1.427754,1.444182), vel=(1.230939,4.160924)}
particle={pos=(1.390482,1.369638), vel=(1.734982,4.039539)}
particle={pos=(1.341038,1.297065), vel=(2.159145,3.748865)}
particle={pos=(1.281098,1.227737), vel=(2.404270,3.379285)}
particle={pos=(1.214958,1.161452), vel=(2.394647,3.028042)}
particle={pos=(1.147641,1.097316), vel=(2.174205,2.733411)}
particle={pos=(1.082539,1.035258), vel=(1.822319,2.421774)}
particle={pos=(1.021127,0.976213), vel=(1.470020,2.095821)}
particle={pos=(0.962715,0.920372), vel=(1.188338,1.799868)}
particle={pos=(0.906435,0.867224), vel=(0.949461,1.538493)}
particle={pos=(0.851797,0.816295), vel=(0.736234,1.303774)}
particle={pos=(0.798548,0.767273), vel=(0.540547,1.089571)}
particle={pos=(0.746714,0.720116), vel=(0.358669,0.891935)}
particle={pos=(0.695931,0.674387), vel=(0.186539,0.706820)}
particle={pos=(0.646043,0.629867), vel=(0.021834,0.531530)}
particle={pos=(0.596948,0.586394), vel=(-0.137079,0.364061)}
particle={pos=(0.548500,0.543789), vel=(-0.291609,0.202658)}
particle={pos=(0.500623,0.501933), vel=(-0.442783,0.045977)}
particle={pos=(0.453198,0.460678), vel=(-0.591650,-0.107283)}
particle={pos=(0.406147,0.419917), vel=(-0.738950,-0.258091)}
particle={pos=(0.359423,0.379574), vel=(-0.885352,-0.407343)}
particle={pos=(0.312918,0.339524), vel=(-1.031710,-0.556048)}
particle={pos=(0.266587,0.299697), vel=(-1.178640,-0.705009)}
particle={pos=(0.220330,0.259984), vel=(-1.326965,-0.855193)}
particle={pos=(0.174089,0.220305), vel=(-1.477438,-1.007507)}
particle={pos=(0.127774,0.180561), vel=(-1.630991,-1.163047)}
particle={pos=(0.081289,0.140647), vel=(-1.788714,-1.323048)}
particle={pos=(0.034532,0.100450), vel=(-1.951927,-1.488951)}
particle={pos=(-0.012591,0.059865), vel=(-2.122190,-1.662456)}
particle={pos=(-0.060208,0.018756), vel=(-2.301667,-1.845767)}
particle={pos=(-0.108474,-0.023035), vel=(-2.493374,-2.041829)}
particle={pos=(-0.157546,-0.065668), vel=(-2.701774,-2.254627)}
particle={pos=(-0.207644,-0.109351), vel=(-2.934588,-2.490097)}
particle={pos=(-0.259098,-0.154362), vel=(-3.207748,-2.757540)}
particle={pos=(-0.312370,-0.201015), vel=(-3.497943,-3.038468)}
particle={pos=(-0.367576,-0.249378), vel=(-3.752856,-3.298857)}
particle={pos=(-0.424214,-0.299110), vel=(-3.937341,-3.530816)}
particle={pos=(-0.481456,-0.349917), vel=(-4.062875,-3.792435)}
particle={pos=(-0.538484,-0.401934), vel=(-4.129407,-4.079965)}
particle={pos=(-0.594666,-0.455259), vel=(-4.142994,-4.398981)}
particle={pos=(-0.649450,-0.510009), vel=(-4.080016,-4.743829)}
particle={pos=(-0.701658,-0.565939), vel=(-3.879972,-4.991203)}
particle={pos=(-0.749441,-0.621497), vel=(-3.572002,-5.099271)}
particle={pos=(-0.791902,-0.675495), vel=(-3.243904,-5.121262)}
particle={pos=(-0.829226,-0.727768), vel=(-2.900568,-5.124407)}
particle={pos=(-0.861362,-0.778555), vel=(-2.539642,-5.135026)}
particle={pos=(-0.888472,-0.828601), vel=(-2.174668,-5.138247)}
particle={pos=(-0.910862,-0.878253), vel=(-1.808021,-5.089159)}
particle={pos=(-0.928726,-0.926937), vel=(-1.468446,-4.960312)}
particle={pos=(-0.942775,-0.973352), vel=(-1.195043,-4.765879)}
particle={pos=(-0.953978,-1.015898), vel=(-1.000775,-4.543754)}
particle={pos=(-0.963475,-1.054842), vel=(-0.859004,-4.323852)}
particle={pos=(-0.971977,-1.090730), vel=(-0.754402,-4.114666)}
particle={pos=(-0.979935,-1.123247), vel=(-0.672647,-3.916065)}
particle={pos=(-0.986989,-1.152074), vel=(-0.600686,-3.726468)}
particle={pos=(-0.993749,-1.178641), vel=(-0.538177,-3.553992)}
particle={pos=(-1.000952,-1.203437), vel=(-0.482948,-3.398389)}
particle={pos=(-1.007492,-1.225551), vel=(-0.427973,-3.252416)}
particle={pos=(-1.012643,-1.245279), vel=(-0.365833,-3.113762)}
particle={pos=(-1.019276,-1.265016), vel=(-0.308723,-2.994229)}
particle={pos=(-1.024848,-1.281810), vel=(-0.247193,-2.873190)}
particle={pos=(-1.029772,-1.297608), vel=(-0.180467,-2.768990)}
particle={pos=(-1.035431,-1.314259), vel=(-0.117076,-2.683888)}
particle={pos=(-1.039634,-1.328370), vel=(-0.047694,-2.591873)}
particle={pos=(-1.044528,-1.343827), vel=(0.022839,-2.522397)}
particle={pos=(-1.047334,-1.357695), vel=(0.098832,-2.449806)}
particle={pos=(-1.051088,-1.371643), vel=(0.176251,-2.384047)}
particle={pos=(-1.052081,-1.384746), vel=(0.260679,-2.318652)}
particle={pos=(-1.054311,-1.397640), vel=(0.343489,-2.255466)}
particle={pos=(-1.054590,-1.409874), vel=(0.435773,-2.191397)}
particle={pos=(-1.054301,-1.419972), vel=(0.527475,-2.119833)}
particle={pos=(-1.053583,-1.431516), vel=(0.623221,-2.054953)}
particle={pos=(-1.051379,-1.439996), vel=(0.718436,-1.979730)}
particle={pos=(-1.047716,-1.448534), vel=(0.817524,-1.904743)}
particle={pos=(-1.044333,-1.457048), vel=(0.911389,-1.830812)}
particle={pos=(-1.038372,-1.463887), vel=(1.008522,-1.751416)}
particle={pos=(-1.032626,-1.470589), vel=(1.100446,-1.672297)}
particle={pos=(-1.025278,-1.476956), vel=(1.191987,-1.593640)}
particle={pos=(-1.016756,-1.481147), vel=(1.278940,-1.510478)}
particle={pos=(-1.008441,-1.487234), vel=(1.363681,-1.431604)}
particle={pos=(-0.998020,-1.490912), vel=(1.446574,-1.347694)}
particle={pos=(-0.988593,-1.495794), vel=(1.523725,-1.267274)}
particle={pos=(-0.976818,-1.498492), vel=(1.598838,-1.184543)}
particle={pos=(-0.965347,-1.502106), vel=(1.671685,-1.101778)}
particle={pos=(-0.953856,-1.505860), vel=(1.741436,-1.020032)}
particle={pos=(-0.940459,-1.507368), vel=(1.806260,-0.937352)}
particle={pos=(-0.927714,-1.510134), vel=(1.869198,-0.853565)}
particle={pos=(-0.915112,-1.513270), vel=(1.927496,-0.766255)}
particle={pos=(-0.901224,-1.513806), vel=(1.969289,-0.679351)}
particle={pos=(-0.888750,-1.516274), vel=(1.994794,-0.584638)}
particle={pos=(-0.877159,-1.517776), vel=(2.001897,-0.487679)}
particle={pos=(-0.865972,-1.517186), vel=(1.988519,-0.392515)}
particle={pos=(-0.856592,-1.518359), vel=(1.969680,-0.286783)}
particle={pos=(-0.848118,-1.517164), vel=(1.937940,-0.186831)}
particle={pos=(-0.840612,-1.515055), vel=(1.898423,-0.085807)}
particle={pos=(-0.834584,-1.513581), vel=(1.860217,0.022010)}
particle={pos=(-0.829605,-1.510320), vel=(1.815121,0.124611)}
particle={pos=(-0.825585,-1.506180), vel=(1.770885,0.226468)}
particle={pos=(-0.822435,-1.501763), vel=(1.731131,0.329969)}
particle={pos=(-0.820032,-1.496853), vel=(1.693427,0.432538)}
particle={pos=(-0.818248,-1.490612), vel=(1.654434,0.530277)}
particle={pos=(-0.816717,-1.483911), vel=(1.622639,0.626520)}
particle={pos=(-0.815432,-1.477558), vel=(1.600819,0.726035)}
particle={pos=(-0.814295,-1.469903), vel=(1.576949,0.815781)}
particle={pos=(-0.813324,-1.461623), vel=(1.552707,0.902830)}
particle={pos=(-0.812187,-1.453308), vel=(1.540200,0.990648)}
particle={pos=(-0.811256,-1.444862), vel=(1.529880,1.076109)}
particle={pos=(-0.810454,-1.435246), vel=(1.514910,1.151944)}
particle={pos=(-0.809522,-1.425469), vel=(1.503339,1.226310)}
particle={pos=(-0.808374,-1.415690), vel=(1.502080,1.304849)}
particle={pos=(-0.807096,-1.405783), vel=(1.501753,1.376039)}
particle={pos=(-0.806263,-1.395051), vel=(1.496090,1.438845)}
particle={pos=(-0.805591,-1.383671), vel=(1.489377,1.497380)}
particle={pos=(-0.803421,-1.373323), vel=(1.500005,1.570631)}
particle={pos=(-0.801496,-1.362437), vel=(1.509234,1.637625)}
particle={pos=(-0.799885,-1.351277), vel=(1.511554,1.693726)}
particle={pos=(-0.798592,-1.339749), vel=(1.510905,1.744401)}
particle={pos=(-0.796331,-1.328526), vel=(1.518643,1.803407)}
particle={pos=(-0.793166,-1.317542), vel=(1.533358,1.871283)}
particle={pos=(-0.790729,-1.306218), vel=(1.540220,1.927704)}
particle={pos=(-0.788770,-1.294663), vel=(1.543454,1.976758)}
particle={pos=(-0.785835,-1.283669), vel=(1.552056,2.032252)}
particle={pos=(-0.782879,-1.272523), vel=(1.561437,2.087059)}
particle={pos=(-0.779841,-1.260876), vel=(1.572635,2.144792)}
particle={pos=(-0.776723,-1.249605), vel=(1.579700,2.200738)}
particle={pos=(-0.772964,-1.238619), vel=(1.588594,2.258356)}
particle={pos=(-0.769442,-1.227233), vel=(1.601211,2.314738)}
particle={pos=(-0.766701,-1.216043), vel=(1.609205,2.362431)}
particle={pos=(-0.763058,-1.204946), vel=(1.616351,2.416524)}
particle={pos=(-0.758460,-1.193734), vel=(1.627689,2.479859)}
particle={pos=(-0.753822,-1.182050), vel=(1.641985,2.546042)}
particle={pos=(-0.749897,-1.170379), vel=(1.654016,2.603874)}
particle={pos=(-0.745639,-1.159151), vel=(1.663089,2.661904)}
particle={pos=(-0.740878,-1.147987), vel=(1.671671,2.722305)}
particle={pos=(-0.735888,-1.136498), vel=(1.682984,2.785348)}
particle={pos=(-0.730659,-1.124506), vel=(1.696080,2.852904)}
particle={pos=(-0.725163,-1.112143), vel=(1.707927,2.924575)}
particle={pos=(-0.719020,-1.100328), vel=(1.714697,3.000492)}
particle={pos=(-0.713395,-1.088216), vel=(1.721470,3.071681)}
particle={pos=(-0.708201,-1.075973), vel=(1.728066,3.140216)}
particle={pos=(-0.703291,-1.063383), vel=(1.734065,3.207273)}
particle={pos=(-0.697534,-1.050417), vel=(1.738125,3.283331)}
particle={pos=(-0.691119,-1.037567), vel=(1.736769,3.365999)}
particle={pos=(-0.684938,-1.024239), vel=(1.734116,3.448258)}
particle={pos=(-0.679138,-1.010620), vel=(1.731249,3.528710)}
particle={pos=(-0.673854,-0.996665), vel=(1.726407,3.605298)}
particle={pos=(-0.668880,-0.983221), vel=(1.715089,3.679687)}
particle={pos=(-0.663623,-0.969821), vel=(1.698614,3.756500)}
particle={pos=(-0.657956,-0.955475), vel=(1.681313,3.836997)}
particle={pos=(-0.652417,-0.940822), vel=(1.662904,3.917339)}
particle={pos=(-0.647095,-0.925651), vel=(1.641529,3.997876)}
particle={pos=(-0.641995,-0.910223), vel=(1.615232,4.078578)}
particle={pos=(-0.637078,-0.895850), vel=(1.584824,4.154886)}
particle={pos=(-0.632637,-0.881759), vel=(1.552792,4.226667)}
particle={pos=(-0.628497,-0.867078), vel=(1.518705,4.297973)}
particle={pos=(-0.624728,-0.852388), vel=(1.484435,4.366969)}
particle={pos=(-0.620760,-0.837347), vel=(1.449595,4.437123)}
particle={pos=(-0.616833,-0.821696), vel=(1.412810,4.509792)}
particle={pos=(-0.613037,-0.805680), vel=(1.371964,4.583471)}
particle={pos=(-0.609126,-0.790137), vel=(1.327487,4.657390)}
particle={pos=(-0.605184,-0.773862), vel=(1.284470,4.731021)}
particle={pos=(-0.601872,-0.757811), vel=(1.244344,4.798929)}
particle={pos=(-0.599143,-0.741840), vel=(1.205121,4.863284)}
particle={pos=(-0.596637,-0.725489), vel=(1.169025,4.925920)}
particle={pos=(-0.594469,-0.709291), vel=(1.136176,4.985896)}
particle={pos=(-0.592036,-0.692570), vel=(1.104646,5.049542)}
particle={pos=(-0.589498,-0.675956), vel=(1.074242,5.113849)}
particle={pos=(-0.586935,-0.659120), vel=(1.044153,5.180824)}
particle={pos=(-0.584429,-0.641869), vel=(1.014390,5.242242)}
particle={pos=(-0.581908,-0.624332), vel=(0.986862,5.300333)}
particle={pos=(-0.579645,-0.607211), vel=(0.961580,5.346258)}
particle={pos=(-0.577659,-0.590278), vel=(0.938989,5.372804)}
particle={pos=(-0.575853,-0.573361), vel=(0.924652,5.379438)}
particle={pos=(-0.574058,-0.555967), vel=(0.915353,5.363241)}
particle={pos=(-0.572420,-0.538749), vel=(0.911808,5.326178)}
particle={pos=(-0.570898,-0.521850), vel=(0.910748,5.274261)}
particle={pos=(-0.568792,-0.504907), vel=(0.909319,5.200724)}
particle={pos=(-0.566441,-0.487778), vel=(0.910130,5.113650)}
particle={pos=(-0.564050,-0.470872), vel=(0.909652,5.008598)}
particle={pos=(-0.561521,-0.453589), vel=(0.913488,4.894067)}
particle={pos=(-0.559044,-0.436797), vel=(0.923769,4.772234)}
particle={pos=(-0.556617,-0.420755), vel=(0.940513,4.648985)}
particle={pos=(-0.553960,-0.405049), vel=(0.967077,4.530456)}
particle={pos=(-0.551279,-0.389900), vel=(0.997448,4.411583)}
particle={pos=(-0.548337,-0.375099), vel=(1.035178,4.293344)}
particle={pos=(-0.545471,-0.360925), vel=(1.076782,4.176346)}
particle={pos=(-0.542380,-0.347335), vel=(1.117580,4.062553)}
particle={pos=(-0.538700,-0.333905), vel=(1.157931,3.953723)}
particle={pos=(-0.534445,-0.320940), vel=(1.195823,3.846149)}
particle={pos=(-0.529606,-0.308462), vel=(1.233607,3.741019)}
particle={pos=(-0.524446,-0.296009), vel=(1.271853,3.636094)}
particle={pos=(-0.519250,-0.284611), vel=(1.310083,3.529673)}
particle={pos=(-0.514070,-0.274160), vel=(1.351595,3.420433)}
particle={pos=(-0.508930,-0.264481), vel=(1.390016,3.311308)}
particle={pos=(-0.503734,-0.254768), vel=(1.426481,3.205540)}
particle={pos=(-0.499011,-0.246267), vel=(1.456904,3.094337)}
particle={pos=(-0.494461,-0.237999), vel=(1.485164,2.986041)}
particle={pos=(-0.490124,-0.230140), vel=(1.511576,2.882473)}
particle={pos=(-0.485701,-0.223201), vel=(1.536485,2.767910)}
particle={pos=(-0.481661,-0.216122), vel=(1.557681,2.654438)}
particle={pos=(-0.477715,-0.209389), vel=(1.573549,2.542485)}
particle={pos=(-0.474028,-0.203150), vel=(1.587147,2.430421)}
particle={pos=(-0.470055,-0.197513), vel=(1.604090,2.319659)}
particle={pos=(-0.466501,-0.192605), vel=(1.617383,2.208769)}
particle={pos=(-0.462854,-0.187942), vel=(1.632213,2.097070)}
particle={pos=(-0.458964,-0.183911), vel=(1.648198,1.986074)}
particle={pos=(-0.455126,-0.180225), vel=(1.664225,1.874884)}
particle={pos=(-0.451172,-0.177426), vel=(1.682207,1.759520)}
particle={pos=(-0.447011,-0.174644), vel=(1.700125,1.647355)}
particle={pos=(-0.442872,-0.172070), vel=(1.716566,1.536761)}
particle={pos=(-0.438959,-0.169983), vel=(1.730680,1.427973)}
particle={pos=(-0.434855,-0.167256), vel=(1.743317,1.327498)}
particle={pos=(-0.430914,-0.164888), vel=(1.752559,1.226163)}
particle={pos=(-0.426583,-0.162689), vel=(1.763610,1.127008)}
particle={pos=(-0.421702,-0.160171), vel=(1.776822,1.031030)}
particle={pos=(-0.416767,-0.158965), vel=(1.788855,0.928298)}
particle={pos=(-0.410865,-0.157418), vel=(1.803153,0.828445)}
particle={pos=(-0.404505,-0.155765), vel=(1.817160,0.731572)}
particle={pos=(-0.398251,-0.155260), vel=(1.826502,0.630864)}
particle={pos=(-0.391227,-0.154249), vel=(1.834043,0.531841)}
particle={pos=(-0.383818,-0.152765), vel=(1.838057,0.435577)}
particle={pos=(-0.377103,-0.152529), vel=(1.835648,0.336468)}
particle={pos=(-0.370427,-0.152300), vel=(1.828041,0.239841)}
particle={pos=(-0.363226,-0.151361), vel=(1.814728,0.145140)}
particle={pos=(-0.356658,-0.151841), vel=(1.794808,0.049360)}
particle={pos=(-0.350421,-0.153185), vel=(1.769504,-0.045715)}
particle={pos=(-0.343991,-0.154261), vel=(1.737352,-0.139590)}
particle={pos=(-0.337700,-0.155840), vel=(1.700297,-0.234470)}
particle={pos=(-0.331944,-0.158330), vel=(1.658484,-0.327441)}
particle={pos=(-0.326947,-0.161675), vel=(1.612546,-0.418654)}
particle={pos=(-0.322491,-0.164948), vel=(1.564963,-0.502985)}
particle={pos=(-0.318427,-0.168516), vel=(1.516289,-0.583687)}
particle={pos=(-0.315133,-0.172667), vel=(1.467510,-0.661618)}
particle={pos=(-0.312566,-0.177054), vel=(1.418020,-0.735228)}
particle={pos=(-0.310257,-0.181490), vel=(1.366691,-0.806986)}
particle={pos=(-0.308172,-0.186360), vel=(1.312953,-0.878018)}
particle={pos=(-0.306463,-0.191867), vel=(1.258255,-0.947351)}
particle={pos=(-0.305012,-0.197371), vel=(1.202063,-1.013445)}
particle={pos=(-0.303829,-0.202680), vel=(1.142755,-1.075325)}
particle={pos=(-0.302839,-0.208187), vel=(1.081106,-1.134176)}
particle={pos=(-0.302186,-0.214140), vel=(1.018580,-1.191921)}
particle={pos=(-0.301893,-0.220529), vel=(0.956371,-1.247348)}
particle={pos=(-0.301850,-0.226794), vel=(0.892187,-1.300196)}
particle={pos=(-0.302037,-0.232842), vel=(0.825413,-1.349839)}
particle={pos=(-0.302659,-0.239139), vel=(0.758709,-1.395330)}
particle={pos=(-0.303647,-0.245408), vel=(0.692804,-1.437441)}
particle={pos=(-0.304864,-0.251533), vel=(0.626937,-1.478169)}
particle={pos=(-0.306241,-0.257585), vel=(0.559282,-1.516601)}
particle={pos=(-0.307900,-0.263876), vel=(0.491413,-1.553443)}
particle={pos=(-0.309860,-0.270365), vel=(0.422668,-1.588343)}
particle={pos=(-0.312031,-0.276869), vel=(0.352728,-1.621878)}
particle={pos=(-0.314362,-0.283434), vel=(0.281511,-1.651850)}
particle={pos=(-0.317017,-0.289749), vel=(0.207578,-1.681700)}
particle={pos=(-0.319906,-0.295883), vel=(0.132845,-1.710304)}
particle={pos=(-0.323156,-0.301928), vel=(0.060491,-1.734260)}
particle={pos=(-0.326645,-0.307797), vel=(-0.009884,-1.753971)}
particle={pos=(-0.330304,-0.313614), vel=(-0.079895,-1.774697)}
particle={pos=(-0.334075,-0.319483), vel=(-0.148880,-1.797011)}
particle={pos=(-0.338002,-0.325254), vel=(-0.217750,-1.819982)}
particle={pos=(-0.342100,-0.331033), vel=(-0.288043,-1.843083)}
particle={pos=(-0.346319,-0.336840), vel=(-0.356396,-1.863656)}
particle={pos=(-0.350648,-0.342468), vel=(-0.423325,-1.883854)}
particle={pos=(-0.355123,-0.347955), vel=(-0.490620,-1.904112)}
particle={pos=(-0.359746,-0.353317), vel=(-0.557982,-1.923102)}
particle={pos=(-0.364468,-0.358504), vel=(-0.623349,-1.937069)}
particle={pos=(-0.369259,-0.363510), vel=(-0.686209,-1.947676)}
particle={pos=(-0.374069,-0.368485), vel=(-0.749370,-1.958717)}
particle={pos=(-0.378784,-0.373350), vel=(-0.808671,-1.968539)}
particle={pos=(-0.383481,-0.378152), vel=(-0.864827,-1.979394)}
particle={pos=(-0.388348,-0.382810), vel=(-0.921207,-1.993505)}
particle={pos=(-0.393314,-0.387315), vel=(-0.979711,-2.011991)}
particle={pos=(-0.398312,-0.391750), vel=(-1.039108,-2.031193)}
particle={pos=(-0.403363,-0.396118), vel=(-1.099014,-2.051982)}
particle={pos=(-0.408521,-0.400375), vel=(-1.159498,-2.074309)}
particle={pos=(-0.413713,-0.404549), vel=(-1.218495,-2.095673)}
particle={pos=(-0.418751,-0.408610), vel=(-1.273531,-2.113269)}
particle={pos=(-0.423774,-0.412570), vel=(-1.326086,-2.128444)}
particle={pos=(-0.428739,-0.416397), vel=(-1.376286,-2.142391)}
particle={pos=(-0.433602,-0.420004), vel=(-1.425101,-2.155723)}
particle={pos=(-0.438457,-0.423337), vel=(-1.471761,-2.170252)}
particle={pos=(-0.443524,-0.426662), vel=(-1.517625,-2.187074)}
particle={pos=(-0.448796,-0.430023), vel=(-1.564504,-2.206354)}
particle={pos=(-0.454812,-0.433651), vel=(-1.615813,-2.232700)}
particle={pos=(-0.461641,-0.437726), vel=(-1.669328,-2.262623)}
particle={pos=(-0.468714,-0.441896), vel=(-1.721748,-2.293761)}
particle={pos=(-0.475998,-0.446126), vel=(-1.772641,-2.325710)}
particle={pos=(-0.483606,-0.450593), vel=(-1.820376,-2.359884)}
particle={pos=(-0.491406,-0.455153), vel=(-1.869424,-2.399472)}
particle={pos=(-0.499462,-0.459930), vel=(-1.918119,-2.444512)}
particle={pos=(-0.507839,-0.464963), vel=(-1.963745,-2.494095)}
particle={pos=(-0.516134,-0.469931), vel=(-2.003664,-2.542604)}
particle={pos=(-0.524493,-0.474863), vel=(-2.037698,-2.590280)}
particle={pos=(-0.532798,-0.479815), vel=(-2.066856,-2.636936)}
particle={pos=(-0.540976,-0.484627), vel=(-2.090976,-2.680525)}
particle={pos=(-0.549127,-0.489373), vel=(-2.110598,-2.726145)}
particle={pos=(-0.557262,-0.494397), vel=(-2.129970,-2.775622)}
particle={pos=(-0.565179,-0.499369), vel=(-2.144109,-2.821845)}
particle={pos=(-0.572934,-0.504391), vel=(-2.151511,-2.867420)}
particle={pos=(-0.580411,-0.509491), vel=(-2.152875,-2.910968)}
particle={pos=(-0.587362,-0.514304), vel=(-2.145885,-2.950166)}
particle={pos=(-0.593885,-0.518876), vel=(-2.132683,-2.988468)}
particle={pos=(-0.600190,-0.523316), vel=(-2.114448,-3.024459)}
particle={pos=(-0.606302,-0.527806), vel=(-2.094719,-3.058263)}
particle={pos=(-0.612271,-0.532401), vel=(-2.072000,-3.090415)}
particle={pos=(-0.617991,-0.536916), vel=(-2.044944,-3.121086)}
particle={pos=(-0.623545,-0.541432), vel=(-2.016570,-3.150626)}
particle={pos=(-0.628855,-0.546014), vel=(-1.987700,-3.177954)}
particle={pos=(-0.633908,-0.550652), vel=(-1.957526,-3.202561)}
particle={pos=(-0.638526,-0.555011), vel=(-1.922933,-3.220881)}
particle={pos=(-0.642920,-0.559362), vel=(-1.885195,-3.235972)}
particle={pos=(-0.647051,-0.563473), vel=(-1.845967,-3.247846)}
particle={pos=(-0.650912,-0.567323), vel=(-1.806813,-3.257944)}
particle={pos=(-0.654704,-0.571150), vel=(-1.770463,-3.269780)}
particle={pos=(-0.658125,-0.574655), vel=(-1.735032,-3.280820)}
particle={pos=(-0.661330,-0.578054), vel=(-1.700263,-3.290852)}
particle={pos=(-0.664489,-0.581508), vel=(-1.666368,-3.300090)}
particle={pos=(-0.667560,-0.584995), vel=(-1.632406,-3.308031)}
particle={pos=(-0.670552,-0.588566), vel=(-1.597116,-3.313727)}
particle={pos=(-0.673808,-0.592781), vel=(-1.555994,-3.320274)}
particle={pos=(-0.677092,-0.597279), vel=(-1.510322,-3.325521)}
particle={pos=(-0.680266,-0.601910), vel=(-1.461816,-3.328790)}
particle={pos=(-0.683363,-0.606729), vel=(-1.410939,-3.331325)}
particle={pos=(-0.686480,-0.611727), vel=(-1.356439,-3.333395)}
particle={pos=(-0.689780,-0.617039), vel=(-1.301709,-3.336083)}
particle={pos=(-0.693134,-0.622647), vel=(-1.244675,-3.336906)}
particle={pos=(-0.696586,-0.628838), vel=(-1.187785,-3.335587)}
particle={pos=(-0.699824,-0.635038), vel=(-1.131113,-3.331560)}
particle={pos=(-0.702429,-0.640556), vel=(-1.073384,-3.325790)}
particle={pos=(-0.705004,-0.646284), vel=(-1.013719,-3.320746)}
particle={pos=(-0.707604,-0.652364), vel=(-0.952654,-3.318000)}
particle={pos=(-0.709920,-0.658212), vel=(-0.890519,-3.313362)}
particle={pos=(-0.712110,-0.664024), vel=(-0.830081,-3.308503)}
particle={pos=(-0.714420,-0.669929), vel=(-0.775382,-3.303351)}
particle={pos=(-0.716842,-0.675908), vel=(-0.726854,-3.297170)}
particle={pos=(-0.719075,-0.681678), vel=(-0.680537,-3.288050)}
particle={pos=(-0.721222,-0.687569), vel=(-0.637709,-3.277021)}
particle={pos=(-0.723510,-0.693848), vel=(-0.597413,-3.265447)}
particle={pos=(-0.725856,-0.700414), vel=(-0.558548,-3.253910)}
particle={pos=(-0.728341,-0.707259), vel=(-0.523887,-3.243475)}
particle={pos=(-0.730741,-0.713995), vel=(-0.491554,-3.234600)}
particle={pos=(-0.732855,-0.720281), vel=(-0.460234,-3.222813)}
particle={pos=(-0.734975,-0.726394), vel=(-0.430863,-3.209322)}
particle={pos=(-0.736708,-0.731857), vel=(-0.403443,-3.194580)}
particle={pos=(-0.738377,-0.737212), vel=(-0.378742,-3.179362)}
particle={pos=(-0.739886,-0.742231), vel=(-0.355733,-3.165014)}
particle={pos=(-0.741334,-0.747246), vel=(-0.336828,-3.150128)}
particle={pos=(-0.742925,-0.752599), vel=(-0.321412,-3.132986)}
particle={pos=(-0.744663,-0.758163), vel=(-0.309014,-3.114501)}
particle={pos=(-0.746608,-0.763975), vel=(-0.299457,-3.095908)}
particle={pos=(-0.748689,-0.770192), vel=(-0.291155,-3.076241)}
particle={pos=(-0.750801,-0.776895), vel=(-0.280193,-3.054453)}
particle={pos=(-0.752595,-0.783188), vel=(-0.267700,-3.029542)}
particle={pos=(-0.754665,-0.789838), vel=(-0.257560,-3.005543)}
particle={pos=(-0.756793,-0.796643), vel=(-0.250212,-2.982107)}
particle={pos=(-0.758941,-0.803412), vel=(-0.243986,-2.957799)}
particle={pos=(-0.761075,-0.810119), vel=(-0.237904,-2.930928)}
particle={pos=(-0.763257,-0.816794), vel=(-0.233669,-2.903868)}
particle={pos=(-0.765380,-0.823370), vel=(-0.232002,-2.874526)}
particle={pos=(-0.767569,-0.829983), vel=(-0.232922,-2.843834)}
particle={pos=(-0.769673,-0.836414), vel=(-0.235060,-2.810587)}
particle={pos=(-0.771414,-0.842014), vel=(-0.235385,-2.770452)}
particle={pos=(-0.773155,-0.847446), vel=(-0.236138,-2.725941)}
particle={pos=(-0.775041,-0.852913), vel=(-0.236720,-2.677330)}
particle={pos=(-0.777067,-0.858434), vel=(-0.238553,-2.626561)}
particle={pos=(-0.779323,-0.863982), vel=(-0.241161,-2.574254)}
particle={pos=(-0.781499,-0.869281), vel=(-0.241808,-2.515691)}
particle={pos=(-0.783677,-0.874273), vel=(-0.240947,-2.454131)}
particle={pos=(-0.785877,-0.879062), vel=(-0.239304,-2.392574)}
particle={pos=(-0.787985,-0.883603), vel=(-0.235992,-2.327552)}
particle={pos=(-0.790183,-0.887989), vel=(-0.235694,-2.258418)}
particle={pos=(-0.792264,-0.891944), vel=(-0.234958,-2.187897)}
particle={pos=(-0.794162,-0.895489), vel=(-0.231412,-2.115557)}
particle={pos=(-0.795881,-0.898589), vel=(-0.225492,-2.046529)}
particle={pos=(-0.797408,-0.901325), vel=(-0.219099,-1.980866)}
particle={pos=(-0.798780,-0.903990), vel=(-0.209650,-1.917213)}
particle={pos=(-0.800032,-0.906400), vel=(-0.199769,-1.852750)}
particle={pos=(-0.801071,-0.908399), vel=(-0.188700,-1.786064)}
particle={pos=(-0.802032,-0.910087), vel=(-0.178157,-1.719182)}
particle={pos=(-0.802990,-0.911501), vel=(-0.167326,-1.654154)}
particle={pos=(-0.804295,-0.912998), vel=(-0.152742,-1.584879)}
particle={pos=(-0.805937,-0.914650), vel=(-0.135234,-1.510779)}
particle={pos=(-0.807759,-0.916267), vel=(-0.113811,-1.432049)}
particle={pos=(-0.809453,-0.917536), vel=(-0.090522,-1.350195)}
particle={pos=(-0.811063,-0.918227), vel=(-0.062815,-1.267743)}
particle={pos=(-0.812864,-0.918874), vel=(-0.032390,-1.187749)}
particle={pos=(-0.814795,-0.919513), vel=(0.000405,-1.109613)}
particle={pos=(-0.816630,-0.920026), vel=(0.036071,-1.033459)}
particle={pos=(-0.817826,-0.920045), vel=(0.072600,-0.961959)}
particle={pos=(-0.818598,-0.919366), vel=(0.110850,-0.889004)}
particle={pos=(-0.819860,-0.918615), vel=(0.153177,-0.810929)}
particle={pos=(-0.821175,-0.917813), vel=(0.196492,-0.734109)}
particle={pos=(-0.822182,-0.916811), vel=(0.241025,-0.660059)}
particle={pos=(-0.823019,-0.915608), vel=(0.286465,-0.589229)}
particle={pos=(-0.823795,-0.914170), vel=(0.333109,-0.524453)}
particle={pos=(-0.824559,-0.912581), vel=(0.379681,-0.461401)}
particle={pos=(-0.825407,-0.911021), vel=(0.424600,-0.399522)}
particle={pos=(-0.826230,-0.909319), vel=(0.468910,-0.337330)}
particle={pos=(-0.827069,-0.907298), vel=(0.514090,-0.270871)}
particle={pos=(-0.827920,-0.905031), vel=(0.558981,-0.205410)}
particle={pos=(-0.828364,-0.902344), vel=(0.600738,-0.143081)}
particle={pos=(-0.828618,-0.899556), vel=(0.642770,-0.082098)}
particle={pos=(-0.828820,-0.896831), vel=(0.685994,-0.025091)}
particle={pos=(-0.828845,-0.893987), vel=(0.730297,0.028728)}
particle={pos=(-0.828716,-0.891095), vel=(0.777015,0.078322)}
particle={pos=(-0.828665,-0.888286), vel=(0.826034,0.126585)}
particle={pos=(-0.828901,-0.885456), vel=(0.878883,0.175745)}
particle={pos=(-0.828963,-0.882327), vel=(0.933692,0.225300)}
particle={pos=(-0.828636,-0.878746), vel=(0.989218,0.273522)}
particle={pos=(-0.828044,-0.875033), vel=(1.043050,0.317832)}
particle={pos=(-0.827305,-0.871411), vel=(1.095373,0.359354)}
particle={pos=(-0.826439,-0.867809), vel=(1.148279,0.399895)}
particle={pos=(-0.825553,-0.864244), vel=(1.201758,0.436762)}
particle={pos=(-0.824448,-0.860579), vel=(1.266005,0.475060)}
particle={pos=(-0.823151,-0.856953), vel=(1.333737,0.512885)}
particle={pos=(-0.821589,-0.853263), vel=(1.402881,0.548754)}
particle={pos=(-0.819944,-0.849742), vel=(1.476492,0.580013)}
particle={pos=(-0.817952,-0.846283), vel=(1.550031,0.609320)}
particle={pos=(-0.815672,-0.843003), vel=(1.622590,0.636452)}
particle={pos=(-0.813225,-0.839806), vel=(1.696654,0.659941)}
particle={pos=(-0.810577,-0.836497), vel=(1.772675,0.681006)}
particle={pos=(-0.807719,-0.833083), vel=(1.850543,0.702439)}
particle={pos=(-0.804589,-0.829642), vel=(1.926204,0.722049)}
particle={pos=(-0.801024,-0.826346), vel=(1.996670,0.739494)}
particle={pos=(-0.797403,-0.823354), vel=(2.065568,0.757319)}
particle={pos=(-0.793811,-0.820516), vel=(2.136597,0.774265)}
particle={pos=(-0.789907,-0.817512), vel=(2.205392,0.787630)}
particle={pos=(-0.785895,-0.814508), vel=(2.273227,0.799356)}
particle={pos=(-0.781904,-0.811655), vel=(2.341706,0.809418)}
particle={pos=(-0.777787,-0.808745), vel=(2.410422,0.818841)}
particle={pos=(-0.773365,-0.805639), vel=(2.471813,0.825547)}
particle={pos=(-0.768840,-0.802672), vel=(2.529753,0.833044)}
particle={pos=(-0.764171,-0.799813), vel=(2.587259,0.841123)}
particle={pos=(-0.759360,-0.796888), vel=(2.648908,0.850059)}
particle={pos=(-0.754231,-0.793725), vel=(2.704160,0.858609)}
particle={pos=(-0.749207,-0.790643), vel=(2.756133,0.866586)}
particle={pos=(-0.744156,-0.787681), vel=(2.806701,0.875357)}
particle={pos=(-0.739137,-0.784771), vel=(2.856760,0.888420)}
particle={pos=(-0.733961,-0.781815), vel=(2.901237,0.904948)}
particle={pos=(-0.728380,-0.778739), vel=(2.938929,0.924258)}
particle={pos=(-0.722645,-0.775849), vel=(2.976523,0.943551)}
particle={pos=(-0.717030,-0.772864), vel=(3.015979,0.964695)}
particle={pos=(-0.711240,-0.769702), vel=(3.051861,0.989800)}
particle={pos=(-0.705064,-0.766313), vel=(3.079785,1.019383)}
particle={pos=(-0.698682,-0.763050), vel=(3.106882,1.052679)}
particle={pos=(-0.692386,-0.759970), vel=(3.139959,1.088653)}
particle={pos=(-0.685945,-0.756842), vel=(3.169171,1.125099)}
particle={pos=(-0.679363,-0.753614), vel=(3.196487,1.162284)}
particle={pos=(-0.672629,-0.750246), vel=(3.225392,1.207385)}
particle={pos=(-0.665791,-0.746795), vel=(3.252543,1.257431)}
particle={pos=(-0.659049,-0.743331), vel=(3.277865,1.306602)}
particle={pos=(-0.651926,-0.739459), vel=(3.295669,1.359633)}
particle={pos=(-0.644752,-0.735303), vel=(3.312886,1.418837)}
particle={pos=(-0.637658,-0.731067), vel=(3.325678,1.479526)}
particle={pos=(-0.630368,-0.726227), vel=(3.333911,1.545610)}
particle={pos=(-0.623019,-0.720945), vel=(3.340518,1.617649)}
particle={pos=(-0.615907,-0.715498), vel=(3.346618,1.690972)}
particle={pos=(-0.608734,-0.709593), vel=(3.344051,1.766280)}
particle={pos=(-0.601932,-0.703640), vel=(3.337290,1.842717)}
particle={pos=(-0.594447,-0.696576), vel=(3.327019,1.924319)}
particle={pos=(-0.586979,-0.689059), vel=(3.312329,2.009462)}
particle={pos=(-0.579546,-0.681151), vel=(3.290737,2.094079)}
particle={pos=(-0.571733,-0.672599), vel=(3.261539,2.175051)}
particle={pos=(-0.563737,-0.663599), vel=(3.233970,2.252489)}
particle={pos=(-0.555640,-0.654200), vel=(3.200420,2.322897)}
particle={pos=(-0.547192,-0.644488), vel=(3.161586,2.382598)}
particle={pos=(-0.538382,-0.634439), vel=(3.118098,2.433443)}
particle={pos=(-0.529263,-0.624240), vel=(3.068392,2.470542)}
particle={pos=(-0.519777,-0.614061), vel=(3.014180,2.492087)}
particle={pos=(-0.509993,-0.604237), vel=(2.952873,2.492672)}
particle={pos=(-0.500059,-0.595212), vel=(2.888783,2.470323)}
particle={pos=(-0.489846,-0.587072), vel=(2.817873,2.422362)}
particle={pos=(-0.479648,-0.579744), vel=(2.746557,2.361814)}
particle={pos=(-0.469485,-0.573216), vel=(2.667496,2.287791)}
particle={pos=(-0.459386,-0.567374), vel=(2.586049,2.206817)}
particle={pos=(-0.449357,-0.562754), vel=(2.501780,2.118170)}
particle={pos=(-0.439240,-0.558984), vel=(2.413401,2.027578)}
particle={pos=(-0.429456,-0.556024), vel=(2.315340,1.935209)}
particle={pos=(-0.420052,-0.553779), vel=(2.212693,1.843834)}
particle={pos=(-0.410905,-0.552378), vel=(2.105088,1.756744)}
particle={pos=(-0.402890,-0.551765), vel=(1.990686,1.673218)}
particle={pos=(-0.395500,-0.551637), vel=(1.870916,1.594615)}
particle={pos=(-0.388593,-0.552132), vel=(1.751758,1.522331)}
particle={pos=(-0.382888,-0.553147), vel=(1.625357,1.454792)}
particle={pos=(-0.378264,-0.554613), vel=(1.494898,1.391199)}
particle={pos=(-0.374144,-0.556323), vel=(1.366392,1.333894)}
particle={pos=(-0.371533,-0.558387), vel=(1.234313,1.283860)}
particle={pos=(-0.370249,-0.560718), vel=(1.100270,1.238908)}
particle={pos=(-0.370219,-0.563158), vel=(0.964526,1.199369)}
particle={pos=(-0.370677,-0.565689), vel=(0.832059,1.163284)}
particle={pos=(-0.372447,-0.568332), vel=(0.697021,1.131014)}
particle={pos=(-0.375306,-0.571057), vel=(0.561958,1.103702)}
particle={pos=(-0.378963,-0.573698), vel=(0.426888,1.081238)}
particle={pos=(-0.383107,-0.576129), vel=(0.296706,1.063295)}
particle={pos=(-0.388045,-0.578534), vel=(0.167396,1.048790)}
particle={pos=(-0.393890,-0.580869), vel=(0.039394,1.036898)}
particle={pos=(-0.400503,-0.582967), vel=(-0.084978,1.029473)}
particle={pos=(-0.407737,-0.584840), vel=(-0.205390,1.025436)}
particle={pos=(-0.415496,-0.586603), vel=(-0.317166,1.026353)}
particle={pos=(-0.423552,-0.588564), vel=(-0.412079,1.035049)}
particle={pos=(-0.431719,-0.590418), vel=(-0.500622,1.046730)}
particle={pos=(-0.439990,-0.592064), vel=(-0.585593,1.060218)}
particle={pos=(-0.448312,-0.593440), vel=(-0.666200,1.075668)}
particle={pos=(-0.456695,-0.594484), vel=(-0.742990,1.093135)}
particle={pos=(-0.465182,-0.595254), vel=(-0.816805,1.112081)}
particle={pos=(-0.473367,-0.596096), vel=(-0.886417,1.131663)}
particle={pos=(-0.481074,-0.597141), vel=(-0.952054,1.150750)}
particle={pos=(-0.488556,-0.598131), vel=(-1.015496,1.169884)}
particle={pos=(-0.495916,-0.599002), vel=(-1.076306,1.188798)}
particle={pos=(-0.503104,-0.599782), vel=(-1.132915,1.208065)}
particle={pos=(-0.510234,-0.600530), vel=(-1.187361,1.227459)}
particle={pos=(-0.517213,-0.601214), vel=(-1.239189,1.245987)}
particle={pos=(-0.524164,-0.601784), vel=(-1.286507,1.266303)}
particle={pos=(-0.531051,-0.602174), vel=(-1.329579,1.286601)}
particle={pos=(-0.537832,-0.602336), vel=(-1.364284,1.304293)}
particle={pos=(-0.544518,-0.602233), vel=(-1.392459,1.320262)}
particle={pos=(-0.551085,-0.601977), vel=(-1.414535,1.334229)}
particle={pos=(-0.557599,-0.601657), vel=(-1.432286,1.345686)}
particle={pos=(-0.564019,-0.601161), vel=(-1.445575,1.355394)}
particle={pos=(-0.570335,-0.600409), vel=(-1.452898,1.363837)}
particle={pos=(-0.576523,-0.599387), vel=(-1.453467,1.371138)}
particle={pos=(-0.582546,-0.598174), vel=(-1.446911,1.374548)}
particle={pos=(-0.588357,-0.596859), vel=(-1.433377,1.374255)}
particle={pos=(-0.593940,-0.595285), vel=(-1.410664,1.369371)}
particle={pos=(-0.599180,-0.593610), vel=(-1.380875,1.361197)}
particle={pos=(-0.604172,-0.591840), vel=(-1.344414,1.349324)}
particle={pos=(-0.608798,-0.589968), vel=(-1.299891,1.333127)}
particle={pos=(-0.612966,-0.587944), vel=(-1.247047,1.313196)}
particle={pos=(-0.616416,-0.585627), vel=(-1.185738,1.291005)}
particle={pos=(-0.619223,-0.583153), vel=(-1.115707,1.264797)}
particle={pos=(-0.621302,-0.580512), vel=(-1.036408,1.235246)}
particle={pos=(-0.622472,-0.577593), vel=(-0.947293,1.202038)}
particle={pos=(-0.622623,-0.574331), vel=(-0.848443,1.164378)}
particle={pos=(-0.621582,-0.570647), vel=(-0.736254,1.123657)}
particle={pos=(-0.619519,-0.566720), vel=(-0.616900,1.081426)}
particle={pos=(-0.617494,-0.563311), vel=(-0.506151,1.043687)}
particle={pos=(-0.615479,-0.560218), vel=(-0.402555,1.011543)}
particle={pos=(-0.613330,-0.557253), vel=(-0.300609,0.981688)}
particle={pos=(-0.610960,-0.554511), vel=(-0.200072,0.954306)}
particle={pos=(-0.608420,-0.552034), vel=(-0.100624,0.928860)}
particle={pos=(-0.605680,-0.549748), vel=(-0.001541,0.904440)}
particle={pos=(-0.602979,-0.547628), vel=(0.095113,0.882091)}
particle={pos=(-0.600441,-0.545703), vel=(0.189402,0.861129)}
particle={pos=(-0.598211,-0.544039), vel=(0.281406,0.840424)}
particle={pos=(-0.596485,-0.542587), vel=(0.369987,0.820027)}
particle={pos=(-0.595080,-0.541329), vel=(0.456320,0.800476)}
particle={pos=(-0.594195,-0.540384), vel=(0.538013,0.782131)}
particle={pos=(-0.593847,-0.539696), vel=(0.616290,0.765440)}
particle={pos=(-0.593887,-0.539213), vel=(0.691564,0.749296)}
particle={pos=(-0.594310,-0.538924), vel=(0.764895,0.733126)}
particle={pos=(-0.595233,-0.538844), vel=(0.835689,0.718556)}
particle={pos=(-0.596638,-0.539001), vel=(0.904610,0.704118)}
particle={pos=(-0.598447,-0.539329), vel=(0.972218,0.689707)}
particle={pos=(-0.600576,-0.539813), vel=(1.038619,0.675773)}
particle={pos=(-0.603119,-0.540407), vel=(1.103013,0.662278)}
particle={pos=(-0.605949,-0.541074), vel=(1.166780,0.650061)}
particle={pos=(-0.609051,-0.541873), vel=(1.228177,0.639516)}
particle={pos=(-0.612446,-0.542809), vel=(1.287223,0.630013)}
particle={pos=(-0.616082,-0.543809), vel=(1.343352,0.621321)}
particle={pos=(-0.620048,-0.544927), vel=(1.395955,0.613175)}
particle={pos=(-0.624276,-0.546123), vel=(1.446424,0.607053)}
particle={pos=(-0.628854,-0.547428), vel=(1.492385,0.601304)}
particle={pos=(-0.633769,-0.548839), vel=(1.534385,0.597186)}
particle={pos=(-0.638951,-0.550317), vel=(1.571118,0.594729)}
particle={pos=(-0.644425,-0.551859), vel=(1.600368,0.594388)}
particle={pos=(-0.650180,-0.553498), vel=(1.622479,0.595629)}
particle={pos=(-0.656214,-0.555260), vel=(1.635443,0.597953)}
particle={pos=(-0.662420,-0.557153), vel=(1.641165,0.601573)}
particle={pos=(-0.668825,-0.559207), vel=(1.639624,0.607160)}
particle={pos=(-0.675405,-0.561516), vel=(1.629201,0.613069)}
particle={pos=(-0.682228,-0.564204), vel=(1.605587,0.619865)}
particle={pos=(-0.689308,-0.567280), vel=(1.567341,0.625781)}
particle={pos=(-0.696440,-0.570632), vel=(1.518310,0.630073)}
particle={pos=(-0.703738,-0.574254), vel=(1.460713,0.633899)}
particle={pos=(-0.711093,-0.578189), vel=(1.395183,0.634865)}
particle={pos=(-0.718504,-0.582421), vel=(1.323578,0.632746)}
particle={pos=(-0.725941,-0.586888), vel=(1.246996,0.626995)}
particle={pos=(-0.733564,-0.591642), vel=(1.161880,0.615979)}
particle={pos=(-0.741373,-0.596678), vel=(1.065179,0.597815)}
particle={pos=(-0.749155,-0.601847), vel=(0.956665,0.573403)}
particle={pos=(-0.756749,-0.607047), vel=(0.837114,0.544773)}
particle={pos=(-0.764247,-0.612302), vel=(0.701556,0.512049)}
particle={pos=(-0.771364,-0.617534), vel=(0.552150,0.474485)}
particle={pos=(-0.777584,-0.622620), vel=(0.391992,0.432032)}
particle={pos=(-0.782716,-0.627310), vel=(0.222639,0.384239)}
particle={pos=(-0.787184,-0.631814), vel=(0.040090,0.329466)}
particle={pos=(-0.790249,-0.635862), vel=(-0.154351,0.268307)}
particle={pos=(-0.791569,-0.639168), vel=(-0.363880,0.204513)}
particle={pos=(-0.791322,-0.641844), vel=(-0.584800,0.132977)}
particle={pos=(-0.788208,-0.643349), vel=(-0.806223,0.057872)}
particle={pos=(-0.782214,-0.643533), vel=(-1.025874,-0.023517)}
particle={pos=(-0.773395,-0.642181), vel=(-1.242534,-0.108483)}
particle={pos=(-0.761649,-0.639108), vel=(-1.445760,-0.194182)}
particle={pos=(-0.747923,-0.634431), vel=(-1.632284,-0.287804)}
particle={pos=(-0.731595,-0.627761), vel=(-1.812591,-0.391660)}
particle={pos=(-0.713244,-0.618858), vel=(-1.985701,-0.501594)}
particle={pos=(-0.692416,-0.607060), vel=(-2.144251,-0.615232)}
particle={pos=(-0.669082,-0.591749), vel=(-2.279004,-0.715345)}
particle={pos=(-0.643484,-0.572586), vel=(-2.375113,-0.772864)}
particle={pos=(-0.616716,-0.550791), vel=(-2.430373,-0.751436)}
particle={pos=(-0.589134,-0.529367), vel=(-2.437119,-0.647566)}
particle={pos=(-0.560289,-0.509493), vel=(-2.378003,-0.463687)}
particle={pos=(-0.531039,-0.493411), vel=(-2.259258,-0.242138)}
particle={pos=(-0.502115,-0.481907), vel=(-2.112157,-0.035005)}
particle={pos=(-0.472701,-0.473509), vel=(-1.933765,0.153157)}
particle={pos=(-0.444200,-0.468511), vel=(-1.723182,0.311615)}
particle={pos=(-0.417322,-0.465027), vel=(-1.472253,0.444718)}
particle={pos=(-0.391312,-0.461887), vel=(-1.169274,0.563838)}
particle={pos=(-0.365143,-0.457841), vel=(-0.793702,0.691626)}
particle={pos=(-0.342232,-0.453423), vel=(-0.378789,0.817743)}
particle={pos=(-0.323789,-0.447210), vel=(0.066582,0.958142)}
particle={pos=(-0.312244,-0.439239), vel=(0.534090,1.132495)}
particle={pos=(-0.311680,-0.432240), vel=(0.950400,1.314280)}
